ARM GAS  C:\Users\blue\AppData\Local\Temp\cc86L3Gi.s 			page 1


   1              		.cpu cortex-m7
   2              		.arch armv7e-m
   3              		.fpu fpv5-d16
   4              		.eabi_attribute 28, 1
   5              		.eabi_attribute 20, 1
   6              		.eabi_attribute 21, 1
   7              		.eabi_attribute 23, 3
   8              		.eabi_attribute 24, 1
   9              		.eabi_attribute 25, 1
  10              		.eabi_attribute 26, 1
  11              		.eabi_attribute 30, 1
  12              		.eabi_attribute 34, 1
  13              		.eabi_attribute 18, 4
  14              		.file	"stm32h7xx_it.c"
  15              		.text
  16              	.Ltext0:
  17              		.cfi_sections	.debug_frame
  18              		.section	.text.NMI_Handler,"ax",%progbits
  19              		.align	1
  20              		.global	NMI_Handler
  21              		.syntax unified
  22              		.thumb
  23              		.thumb_func
  25              	NMI_Handler:
  26              	.LFB144:
  27              		.file 1 "Core/Src/stm32h7xx_it.c"
   1:Core/Src/stm32h7xx_it.c **** /* USER CODE BEGIN Header */
   2:Core/Src/stm32h7xx_it.c **** /**
   3:Core/Src/stm32h7xx_it.c ****   ******************************************************************************
   4:Core/Src/stm32h7xx_it.c ****   * @file    stm32h7xx_it.c
   5:Core/Src/stm32h7xx_it.c ****   * @brief   Interrupt Service Routines.
   6:Core/Src/stm32h7xx_it.c ****   ******************************************************************************
   7:Core/Src/stm32h7xx_it.c ****   * @attention
   8:Core/Src/stm32h7xx_it.c ****   *
   9:Core/Src/stm32h7xx_it.c ****   * Copyright (c) 2024 STMicroelectronics.
  10:Core/Src/stm32h7xx_it.c ****   * All rights reserved.
  11:Core/Src/stm32h7xx_it.c ****   *
  12:Core/Src/stm32h7xx_it.c ****   * This software is licensed under terms that can be found in the LICENSE file
  13:Core/Src/stm32h7xx_it.c ****   * in the root directory of this software component.
  14:Core/Src/stm32h7xx_it.c ****   * If no LICENSE file comes with this software, it is provided AS-IS.
  15:Core/Src/stm32h7xx_it.c ****   *
  16:Core/Src/stm32h7xx_it.c ****   ******************************************************************************
  17:Core/Src/stm32h7xx_it.c ****   */
  18:Core/Src/stm32h7xx_it.c **** /* USER CODE END Header */
  19:Core/Src/stm32h7xx_it.c **** 
  20:Core/Src/stm32h7xx_it.c **** /* Includes ------------------------------------------------------------------*/
  21:Core/Src/stm32h7xx_it.c **** #include "main.h"
  22:Core/Src/stm32h7xx_it.c **** #include "stm32h7xx_it.h"
  23:Core/Src/stm32h7xx_it.c **** /* Private includes ----------------------------------------------------------*/
  24:Core/Src/stm32h7xx_it.c **** /* USER CODE BEGIN Includes */
  25:Core/Src/stm32h7xx_it.c **** /* USER CODE END Includes */
  26:Core/Src/stm32h7xx_it.c **** 
  27:Core/Src/stm32h7xx_it.c **** /* Private typedef -----------------------------------------------------------*/
  28:Core/Src/stm32h7xx_it.c **** /* USER CODE BEGIN TD */
  29:Core/Src/stm32h7xx_it.c **** 
  30:Core/Src/stm32h7xx_it.c **** /* USER CODE END TD */
  31:Core/Src/stm32h7xx_it.c **** 
ARM GAS  C:\Users\blue\AppData\Local\Temp\cc86L3Gi.s 			page 2


  32:Core/Src/stm32h7xx_it.c **** /* Private define ------------------------------------------------------------*/
  33:Core/Src/stm32h7xx_it.c **** /* USER CODE BEGIN PD */
  34:Core/Src/stm32h7xx_it.c **** 
  35:Core/Src/stm32h7xx_it.c **** /* USER CODE END PD */
  36:Core/Src/stm32h7xx_it.c **** 
  37:Core/Src/stm32h7xx_it.c **** /* Private macro -------------------------------------------------------------*/
  38:Core/Src/stm32h7xx_it.c **** /* USER CODE BEGIN PM */
  39:Core/Src/stm32h7xx_it.c **** 
  40:Core/Src/stm32h7xx_it.c **** /* USER CODE END PM */
  41:Core/Src/stm32h7xx_it.c **** 
  42:Core/Src/stm32h7xx_it.c **** /* Private variables ---------------------------------------------------------*/
  43:Core/Src/stm32h7xx_it.c **** /* USER CODE BEGIN PV */
  44:Core/Src/stm32h7xx_it.c **** 
  45:Core/Src/stm32h7xx_it.c **** /* USER CODE END PV */
  46:Core/Src/stm32h7xx_it.c **** 
  47:Core/Src/stm32h7xx_it.c **** /* Private function prototypes -----------------------------------------------*/
  48:Core/Src/stm32h7xx_it.c **** /* USER CODE BEGIN PFP */
  49:Core/Src/stm32h7xx_it.c **** 
  50:Core/Src/stm32h7xx_it.c **** /* USER CODE END PFP */
  51:Core/Src/stm32h7xx_it.c **** 
  52:Core/Src/stm32h7xx_it.c **** /* Private user code ---------------------------------------------------------*/
  53:Core/Src/stm32h7xx_it.c **** /* USER CODE BEGIN 0 */
  54:Core/Src/stm32h7xx_it.c **** 
  55:Core/Src/stm32h7xx_it.c **** /* USER CODE END 0 */
  56:Core/Src/stm32h7xx_it.c **** 
  57:Core/Src/stm32h7xx_it.c **** /* External variables --------------------------------------------------------*/
  58:Core/Src/stm32h7xx_it.c **** extern DMA_HandleTypeDef hdma_uart4_rx;
  59:Core/Src/stm32h7xx_it.c **** extern DMA_HandleTypeDef hdma_uart5_rx;
  60:Core/Src/stm32h7xx_it.c **** extern DMA_HandleTypeDef hdma_usart1_rx;
  61:Core/Src/stm32h7xx_it.c **** extern DMA_HandleTypeDef hdma_usart2_rx;
  62:Core/Src/stm32h7xx_it.c **** extern DMA_HandleTypeDef hdma_usart3_rx;
  63:Core/Src/stm32h7xx_it.c **** extern UART_HandleTypeDef huart4;
  64:Core/Src/stm32h7xx_it.c **** extern UART_HandleTypeDef huart5;
  65:Core/Src/stm32h7xx_it.c **** extern UART_HandleTypeDef huart1;
  66:Core/Src/stm32h7xx_it.c **** extern UART_HandleTypeDef huart2;
  67:Core/Src/stm32h7xx_it.c **** extern UART_HandleTypeDef huart3;
  68:Core/Src/stm32h7xx_it.c **** /* USER CODE BEGIN EV */
  69:Core/Src/stm32h7xx_it.c **** 
  70:Core/Src/stm32h7xx_it.c **** /* USER CODE END EV */
  71:Core/Src/stm32h7xx_it.c **** 
  72:Core/Src/stm32h7xx_it.c **** /******************************************************************************/
  73:Core/Src/stm32h7xx_it.c **** /*           Cortex Processor Interruption and Exception Handlers          */
  74:Core/Src/stm32h7xx_it.c **** /******************************************************************************/
  75:Core/Src/stm32h7xx_it.c **** /**
  76:Core/Src/stm32h7xx_it.c ****   * @brief This function handles Non maskable interrupt.
  77:Core/Src/stm32h7xx_it.c ****   */
  78:Core/Src/stm32h7xx_it.c **** void NMI_Handler(void)
  79:Core/Src/stm32h7xx_it.c **** {
  28              		.loc 1 79 1 view -0
  29              		.cfi_startproc
  30              		@ Volatile: function does not return.
  31              		@ args = 0, pretend = 0, frame = 0
  32              		@ frame_needed = 0, uses_anonymous_args = 0
  33              		@ link register save eliminated.
  34              	.L2:
  80:Core/Src/stm32h7xx_it.c ****   /* USER CODE BEGIN NonMaskableInt_IRQn 0 */
  81:Core/Src/stm32h7xx_it.c **** 
ARM GAS  C:\Users\blue\AppData\Local\Temp\cc86L3Gi.s 			page 3


  82:Core/Src/stm32h7xx_it.c ****   /* USER CODE END NonMaskableInt_IRQn 0 */
  83:Core/Src/stm32h7xx_it.c ****   /* USER CODE BEGIN NonMaskableInt_IRQn 1 */
  84:Core/Src/stm32h7xx_it.c ****    while (1)
  35              		.loc 1 84 4 discriminator 1 view .LVU1
  85:Core/Src/stm32h7xx_it.c ****   {
  86:Core/Src/stm32h7xx_it.c ****   }
  36              		.loc 1 86 3 discriminator 1 view .LVU2
  84:Core/Src/stm32h7xx_it.c ****   {
  37              		.loc 1 84 10 discriminator 1 view .LVU3
  38 0000 FEE7     		b	.L2
  39              		.cfi_endproc
  40              	.LFE144:
  42              		.section	.text.HardFault_Handler,"ax",%progbits
  43              		.align	1
  44              		.global	HardFault_Handler
  45              		.syntax unified
  46              		.thumb
  47              		.thumb_func
  49              	HardFault_Handler:
  50              	.LFB145:
  87:Core/Src/stm32h7xx_it.c ****   /* USER CODE END NonMaskableInt_IRQn 1 */
  88:Core/Src/stm32h7xx_it.c **** }
  89:Core/Src/stm32h7xx_it.c **** 
  90:Core/Src/stm32h7xx_it.c **** /**
  91:Core/Src/stm32h7xx_it.c ****   * @brief This function handles Hard fault interrupt.
  92:Core/Src/stm32h7xx_it.c ****   */
  93:Core/Src/stm32h7xx_it.c **** void HardFault_Handler(void)
  94:Core/Src/stm32h7xx_it.c **** {
  51              		.loc 1 94 1 view -0
  52              		.cfi_startproc
  53              		@ Volatile: function does not return.
  54              		@ args = 0, pretend = 0, frame = 0
  55              		@ frame_needed = 0, uses_anonymous_args = 0
  56              		@ link register save eliminated.
  57              	.L4:
  95:Core/Src/stm32h7xx_it.c ****   /* USER CODE BEGIN HardFault_IRQn 0 */
  96:Core/Src/stm32h7xx_it.c **** 
  97:Core/Src/stm32h7xx_it.c ****   /* USER CODE END HardFault_IRQn 0 */
  98:Core/Src/stm32h7xx_it.c ****   while (1)
  58              		.loc 1 98 3 discriminator 1 view .LVU5
  99:Core/Src/stm32h7xx_it.c ****   {
 100:Core/Src/stm32h7xx_it.c ****     /* USER CODE BEGIN W1_HardFault_IRQn 0 */
 101:Core/Src/stm32h7xx_it.c ****     /* USER CODE END W1_HardFault_IRQn 0 */
 102:Core/Src/stm32h7xx_it.c ****   }
  59              		.loc 1 102 3 discriminator 1 view .LVU6
  98:Core/Src/stm32h7xx_it.c ****   {
  60              		.loc 1 98 9 discriminator 1 view .LVU7
  61 0000 FEE7     		b	.L4
  62              		.cfi_endproc
  63              	.LFE145:
  65              		.section	.text.MemManage_Handler,"ax",%progbits
  66              		.align	1
  67              		.global	MemManage_Handler
  68              		.syntax unified
  69              		.thumb
  70              		.thumb_func
  72              	MemManage_Handler:
ARM GAS  C:\Users\blue\AppData\Local\Temp\cc86L3Gi.s 			page 4


  73              	.LFB146:
 103:Core/Src/stm32h7xx_it.c **** }
 104:Core/Src/stm32h7xx_it.c **** 
 105:Core/Src/stm32h7xx_it.c **** /**
 106:Core/Src/stm32h7xx_it.c ****   * @brief This function handles Memory management fault.
 107:Core/Src/stm32h7xx_it.c ****   */
 108:Core/Src/stm32h7xx_it.c **** void MemManage_Handler(void)
 109:Core/Src/stm32h7xx_it.c **** {
  74              		.loc 1 109 1 view -0
  75              		.cfi_startproc
  76              		@ Volatile: function does not return.
  77              		@ args = 0, pretend = 0, frame = 0
  78              		@ frame_needed = 0, uses_anonymous_args = 0
  79              		@ link register save eliminated.
  80              	.L6:
 110:Core/Src/stm32h7xx_it.c ****   /* USER CODE BEGIN MemoryManagement_IRQn 0 */
 111:Core/Src/stm32h7xx_it.c **** 
 112:Core/Src/stm32h7xx_it.c ****   /* USER CODE END MemoryManagement_IRQn 0 */
 113:Core/Src/stm32h7xx_it.c ****   while (1)
  81              		.loc 1 113 3 discriminator 1 view .LVU9
 114:Core/Src/stm32h7xx_it.c ****   {
 115:Core/Src/stm32h7xx_it.c ****     /* USER CODE BEGIN W1_MemoryManagement_IRQn 0 */
 116:Core/Src/stm32h7xx_it.c ****     /* USER CODE END W1_MemoryManagement_IRQn 0 */
 117:Core/Src/stm32h7xx_it.c ****   }
  82              		.loc 1 117 3 discriminator 1 view .LVU10
 113:Core/Src/stm32h7xx_it.c ****   {
  83              		.loc 1 113 9 discriminator 1 view .LVU11
  84 0000 FEE7     		b	.L6
  85              		.cfi_endproc
  86              	.LFE146:
  88              		.section	.text.BusFault_Handler,"ax",%progbits
  89              		.align	1
  90              		.global	BusFault_Handler
  91              		.syntax unified
  92              		.thumb
  93              		.thumb_func
  95              	BusFault_Handler:
  96              	.LFB147:
 118:Core/Src/stm32h7xx_it.c **** }
 119:Core/Src/stm32h7xx_it.c **** 
 120:Core/Src/stm32h7xx_it.c **** /**
 121:Core/Src/stm32h7xx_it.c ****   * @brief This function handles Pre-fetch fault, memory access fault.
 122:Core/Src/stm32h7xx_it.c ****   */
 123:Core/Src/stm32h7xx_it.c **** void BusFault_Handler(void)
 124:Core/Src/stm32h7xx_it.c **** {
  97              		.loc 1 124 1 view -0
  98              		.cfi_startproc
  99              		@ Volatile: function does not return.
 100              		@ args = 0, pretend = 0, frame = 0
 101              		@ frame_needed = 0, uses_anonymous_args = 0
 102              		@ link register save eliminated.
 103              	.L8:
 125:Core/Src/stm32h7xx_it.c ****   /* USER CODE BEGIN BusFault_IRQn 0 */
 126:Core/Src/stm32h7xx_it.c **** 
 127:Core/Src/stm32h7xx_it.c ****   /* USER CODE END BusFault_IRQn 0 */
 128:Core/Src/stm32h7xx_it.c ****   while (1)
 104              		.loc 1 128 3 discriminator 1 view .LVU13
ARM GAS  C:\Users\blue\AppData\Local\Temp\cc86L3Gi.s 			page 5


 129:Core/Src/stm32h7xx_it.c ****   {
 130:Core/Src/stm32h7xx_it.c ****     /* USER CODE BEGIN W1_BusFault_IRQn 0 */
 131:Core/Src/stm32h7xx_it.c ****     /* USER CODE END W1_BusFault_IRQn 0 */
 132:Core/Src/stm32h7xx_it.c ****   }
 105              		.loc 1 132 3 discriminator 1 view .LVU14
 128:Core/Src/stm32h7xx_it.c ****   {
 106              		.loc 1 128 9 discriminator 1 view .LVU15
 107 0000 FEE7     		b	.L8
 108              		.cfi_endproc
 109              	.LFE147:
 111              		.section	.text.UsageFault_Handler,"ax",%progbits
 112              		.align	1
 113              		.global	UsageFault_Handler
 114              		.syntax unified
 115              		.thumb
 116              		.thumb_func
 118              	UsageFault_Handler:
 119              	.LFB148:
 133:Core/Src/stm32h7xx_it.c **** }
 134:Core/Src/stm32h7xx_it.c **** 
 135:Core/Src/stm32h7xx_it.c **** /**
 136:Core/Src/stm32h7xx_it.c ****   * @brief This function handles Undefined instruction or illegal state.
 137:Core/Src/stm32h7xx_it.c ****   */
 138:Core/Src/stm32h7xx_it.c **** void UsageFault_Handler(void)
 139:Core/Src/stm32h7xx_it.c **** {
 120              		.loc 1 139 1 view -0
 121              		.cfi_startproc
 122              		@ Volatile: function does not return.
 123              		@ args = 0, pretend = 0, frame = 0
 124              		@ frame_needed = 0, uses_anonymous_args = 0
 125              		@ link register save eliminated.
 126              	.L10:
 140:Core/Src/stm32h7xx_it.c ****   /* USER CODE BEGIN UsageFault_IRQn 0 */
 141:Core/Src/stm32h7xx_it.c **** 
 142:Core/Src/stm32h7xx_it.c ****   /* USER CODE END UsageFault_IRQn 0 */
 143:Core/Src/stm32h7xx_it.c ****   while (1)
 127              		.loc 1 143 3 discriminator 1 view .LVU17
 144:Core/Src/stm32h7xx_it.c ****   {
 145:Core/Src/stm32h7xx_it.c ****     /* USER CODE BEGIN W1_UsageFault_IRQn 0 */
 146:Core/Src/stm32h7xx_it.c ****     /* USER CODE END W1_UsageFault_IRQn 0 */
 147:Core/Src/stm32h7xx_it.c ****   }
 128              		.loc 1 147 3 discriminator 1 view .LVU18
 143:Core/Src/stm32h7xx_it.c ****   {
 129              		.loc 1 143 9 discriminator 1 view .LVU19
 130 0000 FEE7     		b	.L10
 131              		.cfi_endproc
 132              	.LFE148:
 134              		.section	.text.SVC_Handler,"ax",%progbits
 135              		.align	1
 136              		.global	SVC_Handler
 137              		.syntax unified
 138              		.thumb
 139              		.thumb_func
 141              	SVC_Handler:
 142              	.LFB149:
 148:Core/Src/stm32h7xx_it.c **** }
 149:Core/Src/stm32h7xx_it.c **** 
ARM GAS  C:\Users\blue\AppData\Local\Temp\cc86L3Gi.s 			page 6


 150:Core/Src/stm32h7xx_it.c **** /**
 151:Core/Src/stm32h7xx_it.c ****   * @brief This function handles System service call via SWI instruction.
 152:Core/Src/stm32h7xx_it.c ****   */
 153:Core/Src/stm32h7xx_it.c **** void SVC_Handler(void)
 154:Core/Src/stm32h7xx_it.c **** {
 143              		.loc 1 154 1 view -0
 144              		.cfi_startproc
 145              		@ args = 0, pretend = 0, frame = 0
 146              		@ frame_needed = 0, uses_anonymous_args = 0
 147              		@ link register save eliminated.
 155:Core/Src/stm32h7xx_it.c ****   /* USER CODE BEGIN SVCall_IRQn 0 */
 156:Core/Src/stm32h7xx_it.c **** 
 157:Core/Src/stm32h7xx_it.c ****   /* USER CODE END SVCall_IRQn 0 */
 158:Core/Src/stm32h7xx_it.c ****   /* USER CODE BEGIN SVCall_IRQn 1 */
 159:Core/Src/stm32h7xx_it.c **** 
 160:Core/Src/stm32h7xx_it.c ****   /* USER CODE END SVCall_IRQn 1 */
 161:Core/Src/stm32h7xx_it.c **** }
 148              		.loc 1 161 1 view .LVU21
 149 0000 7047     		bx	lr
 150              		.cfi_endproc
 151              	.LFE149:
 153              		.section	.text.DebugMon_Handler,"ax",%progbits
 154              		.align	1
 155              		.global	DebugMon_Handler
 156              		.syntax unified
 157              		.thumb
 158              		.thumb_func
 160              	DebugMon_Handler:
 161              	.LFB150:
 162:Core/Src/stm32h7xx_it.c **** 
 163:Core/Src/stm32h7xx_it.c **** /**
 164:Core/Src/stm32h7xx_it.c ****   * @brief This function handles Debug monitor.
 165:Core/Src/stm32h7xx_it.c ****   */
 166:Core/Src/stm32h7xx_it.c **** void DebugMon_Handler(void)
 167:Core/Src/stm32h7xx_it.c **** {
 162              		.loc 1 167 1 view -0
 163              		.cfi_startproc
 164              		@ args = 0, pretend = 0, frame = 0
 165              		@ frame_needed = 0, uses_anonymous_args = 0
 166              		@ link register save eliminated.
 168:Core/Src/stm32h7xx_it.c ****   /* USER CODE BEGIN DebugMonitor_IRQn 0 */
 169:Core/Src/stm32h7xx_it.c **** 
 170:Core/Src/stm32h7xx_it.c ****   /* USER CODE END DebugMonitor_IRQn 0 */
 171:Core/Src/stm32h7xx_it.c ****   /* USER CODE BEGIN DebugMonitor_IRQn 1 */
 172:Core/Src/stm32h7xx_it.c **** 
 173:Core/Src/stm32h7xx_it.c ****   /* USER CODE END DebugMonitor_IRQn 1 */
 174:Core/Src/stm32h7xx_it.c **** }
 167              		.loc 1 174 1 view .LVU23
 168 0000 7047     		bx	lr
 169              		.cfi_endproc
 170              	.LFE150:
 172              		.section	.text.PendSV_Handler,"ax",%progbits
 173              		.align	1
 174              		.global	PendSV_Handler
 175              		.syntax unified
 176              		.thumb
 177              		.thumb_func
ARM GAS  C:\Users\blue\AppData\Local\Temp\cc86L3Gi.s 			page 7


 179              	PendSV_Handler:
 180              	.LFB151:
 175:Core/Src/stm32h7xx_it.c **** 
 176:Core/Src/stm32h7xx_it.c **** /**
 177:Core/Src/stm32h7xx_it.c ****   * @brief This function handles Pendable request for system service.
 178:Core/Src/stm32h7xx_it.c ****   */
 179:Core/Src/stm32h7xx_it.c **** void PendSV_Handler(void)
 180:Core/Src/stm32h7xx_it.c **** {
 181              		.loc 1 180 1 view -0
 182              		.cfi_startproc
 183              		@ args = 0, pretend = 0, frame = 0
 184              		@ frame_needed = 0, uses_anonymous_args = 0
 185              		@ link register save eliminated.
 181:Core/Src/stm32h7xx_it.c ****   /* USER CODE BEGIN PendSV_IRQn 0 */
 182:Core/Src/stm32h7xx_it.c **** 
 183:Core/Src/stm32h7xx_it.c ****   /* USER CODE END PendSV_IRQn 0 */
 184:Core/Src/stm32h7xx_it.c ****   /* USER CODE BEGIN PendSV_IRQn 1 */
 185:Core/Src/stm32h7xx_it.c **** 
 186:Core/Src/stm32h7xx_it.c ****   /* USER CODE END PendSV_IRQn 1 */
 187:Core/Src/stm32h7xx_it.c **** }
 186              		.loc 1 187 1 view .LVU25
 187 0000 7047     		bx	lr
 188              		.cfi_endproc
 189              	.LFE151:
 191              		.section	.text.SysTick_Handler,"ax",%progbits
 192              		.align	1
 193              		.global	SysTick_Handler
 194              		.syntax unified
 195              		.thumb
 196              		.thumb_func
 198              	SysTick_Handler:
 199              	.LFB152:
 188:Core/Src/stm32h7xx_it.c **** 
 189:Core/Src/stm32h7xx_it.c **** /**
 190:Core/Src/stm32h7xx_it.c ****   * @brief This function handles System tick timer.
 191:Core/Src/stm32h7xx_it.c ****   */
 192:Core/Src/stm32h7xx_it.c **** void SysTick_Handler(void)
 193:Core/Src/stm32h7xx_it.c **** {
 200              		.loc 1 193 1 view -0
 201              		.cfi_startproc
 202              		@ args = 0, pretend = 0, frame = 0
 203              		@ frame_needed = 0, uses_anonymous_args = 0
 204 0000 08B5     		push	{r3, lr}
 205              	.LCFI0:
 206              		.cfi_def_cfa_offset 8
 207              		.cfi_offset 3, -8
 208              		.cfi_offset 14, -4
 194:Core/Src/stm32h7xx_it.c ****   /* USER CODE BEGIN SysTick_IRQn 0 */
 195:Core/Src/stm32h7xx_it.c **** 
 196:Core/Src/stm32h7xx_it.c ****   /* USER CODE END SysTick_IRQn 0 */
 197:Core/Src/stm32h7xx_it.c ****   HAL_IncTick();
 209              		.loc 1 197 3 view .LVU27
 210 0002 FFF7FEFF 		bl	HAL_IncTick
 211              	.LVL0:
 198:Core/Src/stm32h7xx_it.c ****   /* USER CODE BEGIN SysTick_IRQn 1 */
 199:Core/Src/stm32h7xx_it.c **** 
 200:Core/Src/stm32h7xx_it.c ****   /* USER CODE END SysTick_IRQn 1 */
ARM GAS  C:\Users\blue\AppData\Local\Temp\cc86L3Gi.s 			page 8


 201:Core/Src/stm32h7xx_it.c **** }
 212              		.loc 1 201 1 is_stmt 0 view .LVU28
 213 0006 08BD     		pop	{r3, pc}
 214              		.cfi_endproc
 215              	.LFE152:
 217              		.section	.text.DMA1_Stream0_IRQHandler,"ax",%progbits
 218              		.align	1
 219              		.global	DMA1_Stream0_IRQHandler
 220              		.syntax unified
 221              		.thumb
 222              		.thumb_func
 224              	DMA1_Stream0_IRQHandler:
 225              	.LFB153:
 202:Core/Src/stm32h7xx_it.c **** 
 203:Core/Src/stm32h7xx_it.c **** /******************************************************************************/
 204:Core/Src/stm32h7xx_it.c **** /* STM32H7xx Peripheral Interrupt Handlers                                    */
 205:Core/Src/stm32h7xx_it.c **** /* Add here the Interrupt Handlers for the used peripherals.                  */
 206:Core/Src/stm32h7xx_it.c **** /* For the available peripheral interrupt handler names,                      */
 207:Core/Src/stm32h7xx_it.c **** /* please refer to the startup file (startup_stm32h7xx.s).                    */
 208:Core/Src/stm32h7xx_it.c **** /******************************************************************************/
 209:Core/Src/stm32h7xx_it.c **** 
 210:Core/Src/stm32h7xx_it.c **** /**
 211:Core/Src/stm32h7xx_it.c ****   * @brief This function handles DMA1 stream0 global interrupt.
 212:Core/Src/stm32h7xx_it.c ****   */
 213:Core/Src/stm32h7xx_it.c **** void DMA1_Stream0_IRQHandler(void)
 214:Core/Src/stm32h7xx_it.c **** {
 226              		.loc 1 214 1 is_stmt 1 view -0
 227              		.cfi_startproc
 228              		@ args = 0, pretend = 0, frame = 0
 229              		@ frame_needed = 0, uses_anonymous_args = 0
 230 0000 08B5     		push	{r3, lr}
 231              	.LCFI1:
 232              		.cfi_def_cfa_offset 8
 233              		.cfi_offset 3, -8
 234              		.cfi_offset 14, -4
 215:Core/Src/stm32h7xx_it.c ****   /* USER CODE BEGIN DMA1_Stream0_IRQn 0 */
 216:Core/Src/stm32h7xx_it.c **** 
 217:Core/Src/stm32h7xx_it.c ****   /* USER CODE END DMA1_Stream0_IRQn 0 */
 218:Core/Src/stm32h7xx_it.c ****   HAL_DMA_IRQHandler(&hdma_usart1_rx);
 235              		.loc 1 218 3 view .LVU30
 236 0002 0248     		ldr	r0, .L18
 237 0004 FFF7FEFF 		bl	HAL_DMA_IRQHandler
 238              	.LVL1:
 219:Core/Src/stm32h7xx_it.c ****   /* USER CODE BEGIN DMA1_Stream0_IRQn 1 */
 220:Core/Src/stm32h7xx_it.c **** 
 221:Core/Src/stm32h7xx_it.c ****   /* USER CODE END DMA1_Stream0_IRQn 1 */
 222:Core/Src/stm32h7xx_it.c **** }
 239              		.loc 1 222 1 is_stmt 0 view .LVU31
 240 0008 08BD     		pop	{r3, pc}
 241              	.L19:
 242 000a 00BF     		.align	2
 243              	.L18:
 244 000c 00000000 		.word	hdma_usart1_rx
 245              		.cfi_endproc
 246              	.LFE153:
 248              		.section	.text.DMA1_Stream1_IRQHandler,"ax",%progbits
 249              		.align	1
ARM GAS  C:\Users\blue\AppData\Local\Temp\cc86L3Gi.s 			page 9


 250              		.global	DMA1_Stream1_IRQHandler
 251              		.syntax unified
 252              		.thumb
 253              		.thumb_func
 255              	DMA1_Stream1_IRQHandler:
 256              	.LFB154:
 223:Core/Src/stm32h7xx_it.c **** 
 224:Core/Src/stm32h7xx_it.c **** /**
 225:Core/Src/stm32h7xx_it.c ****   * @brief This function handles DMA1 stream1 global interrupt.
 226:Core/Src/stm32h7xx_it.c ****   */
 227:Core/Src/stm32h7xx_it.c **** void DMA1_Stream1_IRQHandler(void)
 228:Core/Src/stm32h7xx_it.c **** {
 257              		.loc 1 228 1 is_stmt 1 view -0
 258              		.cfi_startproc
 259              		@ args = 0, pretend = 0, frame = 0
 260              		@ frame_needed = 0, uses_anonymous_args = 0
 261 0000 08B5     		push	{r3, lr}
 262              	.LCFI2:
 263              		.cfi_def_cfa_offset 8
 264              		.cfi_offset 3, -8
 265              		.cfi_offset 14, -4
 229:Core/Src/stm32h7xx_it.c ****   /* USER CODE BEGIN DMA1_Stream1_IRQn 0 */
 230:Core/Src/stm32h7xx_it.c **** 
 231:Core/Src/stm32h7xx_it.c ****   /* USER CODE END DMA1_Stream1_IRQn 0 */
 232:Core/Src/stm32h7xx_it.c ****   HAL_DMA_IRQHandler(&hdma_usart2_rx);
 266              		.loc 1 232 3 view .LVU33
 267 0002 0248     		ldr	r0, .L22
 268 0004 FFF7FEFF 		bl	HAL_DMA_IRQHandler
 269              	.LVL2:
 233:Core/Src/stm32h7xx_it.c ****   /* USER CODE BEGIN DMA1_Stream1_IRQn 1 */
 234:Core/Src/stm32h7xx_it.c **** 
 235:Core/Src/stm32h7xx_it.c ****   /* USER CODE END DMA1_Stream1_IRQn 1 */
 236:Core/Src/stm32h7xx_it.c **** }
 270              		.loc 1 236 1 is_stmt 0 view .LVU34
 271 0008 08BD     		pop	{r3, pc}
 272              	.L23:
 273 000a 00BF     		.align	2
 274              	.L22:
 275 000c 00000000 		.word	hdma_usart2_rx
 276              		.cfi_endproc
 277              	.LFE154:
 279              		.section	.text.DMA1_Stream2_IRQHandler,"ax",%progbits
 280              		.align	1
 281              		.global	DMA1_Stream2_IRQHandler
 282              		.syntax unified
 283              		.thumb
 284              		.thumb_func
 286              	DMA1_Stream2_IRQHandler:
 287              	.LFB155:
 237:Core/Src/stm32h7xx_it.c **** 
 238:Core/Src/stm32h7xx_it.c **** /**
 239:Core/Src/stm32h7xx_it.c ****   * @brief This function handles DMA1 stream2 global interrupt.
 240:Core/Src/stm32h7xx_it.c ****   */
 241:Core/Src/stm32h7xx_it.c **** void DMA1_Stream2_IRQHandler(void)
 242:Core/Src/stm32h7xx_it.c **** {
 288              		.loc 1 242 1 is_stmt 1 view -0
 289              		.cfi_startproc
ARM GAS  C:\Users\blue\AppData\Local\Temp\cc86L3Gi.s 			page 10


 290              		@ args = 0, pretend = 0, frame = 0
 291              		@ frame_needed = 0, uses_anonymous_args = 0
 292 0000 08B5     		push	{r3, lr}
 293              	.LCFI3:
 294              		.cfi_def_cfa_offset 8
 295              		.cfi_offset 3, -8
 296              		.cfi_offset 14, -4
 243:Core/Src/stm32h7xx_it.c ****   /* USER CODE BEGIN DMA1_Stream2_IRQn 0 */
 244:Core/Src/stm32h7xx_it.c **** 
 245:Core/Src/stm32h7xx_it.c ****   /* USER CODE END DMA1_Stream2_IRQn 0 */
 246:Core/Src/stm32h7xx_it.c ****   HAL_DMA_IRQHandler(&hdma_usart3_rx);
 297              		.loc 1 246 3 view .LVU36
 298 0002 0248     		ldr	r0, .L26
 299 0004 FFF7FEFF 		bl	HAL_DMA_IRQHandler
 300              	.LVL3:
 247:Core/Src/stm32h7xx_it.c ****   /* USER CODE BEGIN DMA1_Stream2_IRQn 1 */
 248:Core/Src/stm32h7xx_it.c **** 
 249:Core/Src/stm32h7xx_it.c ****   /* USER CODE END DMA1_Stream2_IRQn 1 */
 250:Core/Src/stm32h7xx_it.c **** }
 301              		.loc 1 250 1 is_stmt 0 view .LVU37
 302 0008 08BD     		pop	{r3, pc}
 303              	.L27:
 304 000a 00BF     		.align	2
 305              	.L26:
 306 000c 00000000 		.word	hdma_usart3_rx
 307              		.cfi_endproc
 308              	.LFE155:
 310              		.section	.text.DMA1_Stream3_IRQHandler,"ax",%progbits
 311              		.align	1
 312              		.global	DMA1_Stream3_IRQHandler
 313              		.syntax unified
 314              		.thumb
 315              		.thumb_func
 317              	DMA1_Stream3_IRQHandler:
 318              	.LFB156:
 251:Core/Src/stm32h7xx_it.c **** 
 252:Core/Src/stm32h7xx_it.c **** /**
 253:Core/Src/stm32h7xx_it.c ****   * @brief This function handles DMA1 stream3 global interrupt.
 254:Core/Src/stm32h7xx_it.c ****   */
 255:Core/Src/stm32h7xx_it.c **** void DMA1_Stream3_IRQHandler(void)
 256:Core/Src/stm32h7xx_it.c **** {
 319              		.loc 1 256 1 is_stmt 1 view -0
 320              		.cfi_startproc
 321              		@ args = 0, pretend = 0, frame = 0
 322              		@ frame_needed = 0, uses_anonymous_args = 0
 323 0000 08B5     		push	{r3, lr}
 324              	.LCFI4:
 325              		.cfi_def_cfa_offset 8
 326              		.cfi_offset 3, -8
 327              		.cfi_offset 14, -4
 257:Core/Src/stm32h7xx_it.c ****   /* USER CODE BEGIN DMA1_Stream3_IRQn 0 */
 258:Core/Src/stm32h7xx_it.c **** 
 259:Core/Src/stm32h7xx_it.c ****   /* USER CODE END DMA1_Stream3_IRQn 0 */
 260:Core/Src/stm32h7xx_it.c ****   HAL_DMA_IRQHandler(&hdma_uart4_rx);
 328              		.loc 1 260 3 view .LVU39
 329 0002 0248     		ldr	r0, .L30
 330 0004 FFF7FEFF 		bl	HAL_DMA_IRQHandler
ARM GAS  C:\Users\blue\AppData\Local\Temp\cc86L3Gi.s 			page 11


 331              	.LVL4:
 261:Core/Src/stm32h7xx_it.c ****   /* USER CODE BEGIN DMA1_Stream3_IRQn 1 */
 262:Core/Src/stm32h7xx_it.c **** 
 263:Core/Src/stm32h7xx_it.c ****   /* USER CODE END DMA1_Stream3_IRQn 1 */
 264:Core/Src/stm32h7xx_it.c **** }
 332              		.loc 1 264 1 is_stmt 0 view .LVU40
 333 0008 08BD     		pop	{r3, pc}
 334              	.L31:
 335 000a 00BF     		.align	2
 336              	.L30:
 337 000c 00000000 		.word	hdma_uart4_rx
 338              		.cfi_endproc
 339              	.LFE156:
 341              		.section	.text.DMA1_Stream4_IRQHandler,"ax",%progbits
 342              		.align	1
 343              		.global	DMA1_Stream4_IRQHandler
 344              		.syntax unified
 345              		.thumb
 346              		.thumb_func
 348              	DMA1_Stream4_IRQHandler:
 349              	.LFB157:
 265:Core/Src/stm32h7xx_it.c **** 
 266:Core/Src/stm32h7xx_it.c **** /**
 267:Core/Src/stm32h7xx_it.c ****   * @brief This function handles DMA1 stream4 global interrupt.
 268:Core/Src/stm32h7xx_it.c ****   */
 269:Core/Src/stm32h7xx_it.c **** void DMA1_Stream4_IRQHandler(void)
 270:Core/Src/stm32h7xx_it.c **** {
 350              		.loc 1 270 1 is_stmt 1 view -0
 351              		.cfi_startproc
 352              		@ args = 0, pretend = 0, frame = 0
 353              		@ frame_needed = 0, uses_anonymous_args = 0
 354 0000 08B5     		push	{r3, lr}
 355              	.LCFI5:
 356              		.cfi_def_cfa_offset 8
 357              		.cfi_offset 3, -8
 358              		.cfi_offset 14, -4
 271:Core/Src/stm32h7xx_it.c ****   /* USER CODE BEGIN DMA1_Stream4_IRQn 0 */
 272:Core/Src/stm32h7xx_it.c **** 
 273:Core/Src/stm32h7xx_it.c ****   /* USER CODE END DMA1_Stream4_IRQn 0 */
 274:Core/Src/stm32h7xx_it.c ****   HAL_DMA_IRQHandler(&hdma_uart5_rx);
 359              		.loc 1 274 3 view .LVU42
 360 0002 0248     		ldr	r0, .L34
 361 0004 FFF7FEFF 		bl	HAL_DMA_IRQHandler
 362              	.LVL5:
 275:Core/Src/stm32h7xx_it.c ****   /* USER CODE BEGIN DMA1_Stream4_IRQn 1 */
 276:Core/Src/stm32h7xx_it.c **** 
 277:Core/Src/stm32h7xx_it.c ****   /* USER CODE END DMA1_Stream4_IRQn 1 */
 278:Core/Src/stm32h7xx_it.c **** }
 363              		.loc 1 278 1 is_stmt 0 view .LVU43
 364 0008 08BD     		pop	{r3, pc}
 365              	.L35:
 366 000a 00BF     		.align	2
 367              	.L34:
 368 000c 00000000 		.word	hdma_uart5_rx
 369              		.cfi_endproc
 370              	.LFE157:
 372              		.section	.text.USART1_IRQHandler,"ax",%progbits
ARM GAS  C:\Users\blue\AppData\Local\Temp\cc86L3Gi.s 			page 12


 373              		.align	1
 374              		.global	USART1_IRQHandler
 375              		.syntax unified
 376              		.thumb
 377              		.thumb_func
 379              	USART1_IRQHandler:
 380              	.LFB158:
 279:Core/Src/stm32h7xx_it.c **** 
 280:Core/Src/stm32h7xx_it.c **** /**
 281:Core/Src/stm32h7xx_it.c ****   * @brief This function handles USART1 global interrupt.
 282:Core/Src/stm32h7xx_it.c ****   */
 283:Core/Src/stm32h7xx_it.c **** void USART1_IRQHandler(void)
 284:Core/Src/stm32h7xx_it.c **** {
 381              		.loc 1 284 1 is_stmt 1 view -0
 382              		.cfi_startproc
 383              		@ args = 0, pretend = 0, frame = 0
 384              		@ frame_needed = 0, uses_anonymous_args = 0
 385 0000 08B5     		push	{r3, lr}
 386              	.LCFI6:
 387              		.cfi_def_cfa_offset 8
 388              		.cfi_offset 3, -8
 389              		.cfi_offset 14, -4
 285:Core/Src/stm32h7xx_it.c ****   /* USER CODE BEGIN USART1_IRQn 0 */
 286:Core/Src/stm32h7xx_it.c **** 
 287:Core/Src/stm32h7xx_it.c ****   /* USER CODE END USART1_IRQn 0 */
 288:Core/Src/stm32h7xx_it.c ****   HAL_UART_IRQHandler(&huart1);
 390              		.loc 1 288 3 view .LVU45
 391 0002 0248     		ldr	r0, .L38
 392 0004 FFF7FEFF 		bl	HAL_UART_IRQHandler
 393              	.LVL6:
 289:Core/Src/stm32h7xx_it.c ****   /* USER CODE BEGIN USART1_IRQn 1 */
 290:Core/Src/stm32h7xx_it.c **** 
 291:Core/Src/stm32h7xx_it.c ****   /* USER CODE END USART1_IRQn 1 */
 292:Core/Src/stm32h7xx_it.c **** }
 394              		.loc 1 292 1 is_stmt 0 view .LVU46
 395 0008 08BD     		pop	{r3, pc}
 396              	.L39:
 397 000a 00BF     		.align	2
 398              	.L38:
 399 000c 00000000 		.word	huart1
 400              		.cfi_endproc
 401              	.LFE158:
 403              		.section	.text.USART2_IRQHandler,"ax",%progbits
 404              		.align	1
 405              		.global	USART2_IRQHandler
 406              		.syntax unified
 407              		.thumb
 408              		.thumb_func
 410              	USART2_IRQHandler:
 411              	.LFB159:
 293:Core/Src/stm32h7xx_it.c **** 
 294:Core/Src/stm32h7xx_it.c **** /**
 295:Core/Src/stm32h7xx_it.c ****   * @brief This function handles USART2 global interrupt.
 296:Core/Src/stm32h7xx_it.c ****   */
 297:Core/Src/stm32h7xx_it.c **** void USART2_IRQHandler(void)
 298:Core/Src/stm32h7xx_it.c **** {
 412              		.loc 1 298 1 is_stmt 1 view -0
ARM GAS  C:\Users\blue\AppData\Local\Temp\cc86L3Gi.s 			page 13


 413              		.cfi_startproc
 414              		@ args = 0, pretend = 0, frame = 0
 415              		@ frame_needed = 0, uses_anonymous_args = 0
 416 0000 08B5     		push	{r3, lr}
 417              	.LCFI7:
 418              		.cfi_def_cfa_offset 8
 419              		.cfi_offset 3, -8
 420              		.cfi_offset 14, -4
 299:Core/Src/stm32h7xx_it.c ****   /* USER CODE BEGIN USART2_IRQn 0 */
 300:Core/Src/stm32h7xx_it.c **** 
 301:Core/Src/stm32h7xx_it.c ****   /* USER CODE END USART2_IRQn 0 */
 302:Core/Src/stm32h7xx_it.c ****   HAL_UART_IRQHandler(&huart2);
 421              		.loc 1 302 3 view .LVU48
 422 0002 0248     		ldr	r0, .L42
 423 0004 FFF7FEFF 		bl	HAL_UART_IRQHandler
 424              	.LVL7:
 303:Core/Src/stm32h7xx_it.c ****   /* USER CODE BEGIN USART2_IRQn 1 */
 304:Core/Src/stm32h7xx_it.c **** 
 305:Core/Src/stm32h7xx_it.c ****   /* USER CODE END USART2_IRQn 1 */
 306:Core/Src/stm32h7xx_it.c **** }
 425              		.loc 1 306 1 is_stmt 0 view .LVU49
 426 0008 08BD     		pop	{r3, pc}
 427              	.L43:
 428 000a 00BF     		.align	2
 429              	.L42:
 430 000c 00000000 		.word	huart2
 431              		.cfi_endproc
 432              	.LFE159:
 434              		.section	.text.USART3_IRQHandler,"ax",%progbits
 435              		.align	1
 436              		.global	USART3_IRQHandler
 437              		.syntax unified
 438              		.thumb
 439              		.thumb_func
 441              	USART3_IRQHandler:
 442              	.LFB160:
 307:Core/Src/stm32h7xx_it.c **** 
 308:Core/Src/stm32h7xx_it.c **** /**
 309:Core/Src/stm32h7xx_it.c ****   * @brief This function handles USART3 global interrupt.
 310:Core/Src/stm32h7xx_it.c ****   */
 311:Core/Src/stm32h7xx_it.c **** void USART3_IRQHandler(void)
 312:Core/Src/stm32h7xx_it.c **** {
 443              		.loc 1 312 1 is_stmt 1 view -0
 444              		.cfi_startproc
 445              		@ args = 0, pretend = 0, frame = 0
 446              		@ frame_needed = 0, uses_anonymous_args = 0
 447 0000 08B5     		push	{r3, lr}
 448              	.LCFI8:
 449              		.cfi_def_cfa_offset 8
 450              		.cfi_offset 3, -8
 451              		.cfi_offset 14, -4
 313:Core/Src/stm32h7xx_it.c ****   /* USER CODE BEGIN USART3_IRQn 0 */
 314:Core/Src/stm32h7xx_it.c **** 
 315:Core/Src/stm32h7xx_it.c ****   /* USER CODE END USART3_IRQn 0 */
 316:Core/Src/stm32h7xx_it.c ****   HAL_UART_IRQHandler(&huart3);
 452              		.loc 1 316 3 view .LVU51
 453 0002 0248     		ldr	r0, .L46
ARM GAS  C:\Users\blue\AppData\Local\Temp\cc86L3Gi.s 			page 14


 454 0004 FFF7FEFF 		bl	HAL_UART_IRQHandler
 455              	.LVL8:
 317:Core/Src/stm32h7xx_it.c ****   /* USER CODE BEGIN USART3_IRQn 1 */
 318:Core/Src/stm32h7xx_it.c **** 
 319:Core/Src/stm32h7xx_it.c ****   /* USER CODE END USART3_IRQn 1 */
 320:Core/Src/stm32h7xx_it.c **** }
 456              		.loc 1 320 1 is_stmt 0 view .LVU52
 457 0008 08BD     		pop	{r3, pc}
 458              	.L47:
 459 000a 00BF     		.align	2
 460              	.L46:
 461 000c 00000000 		.word	huart3
 462              		.cfi_endproc
 463              	.LFE160:
 465              		.section	.text.UART4_IRQHandler,"ax",%progbits
 466              		.align	1
 467              		.global	UART4_IRQHandler
 468              		.syntax unified
 469              		.thumb
 470              		.thumb_func
 472              	UART4_IRQHandler:
 473              	.LFB161:
 321:Core/Src/stm32h7xx_it.c **** 
 322:Core/Src/stm32h7xx_it.c **** /**
 323:Core/Src/stm32h7xx_it.c ****   * @brief This function handles UART4 global interrupt.
 324:Core/Src/stm32h7xx_it.c ****   */
 325:Core/Src/stm32h7xx_it.c **** void UART4_IRQHandler(void)
 326:Core/Src/stm32h7xx_it.c **** {
 474              		.loc 1 326 1 is_stmt 1 view -0
 475              		.cfi_startproc
 476              		@ args = 0, pretend = 0, frame = 0
 477              		@ frame_needed = 0, uses_anonymous_args = 0
 478 0000 08B5     		push	{r3, lr}
 479              	.LCFI9:
 480              		.cfi_def_cfa_offset 8
 481              		.cfi_offset 3, -8
 482              		.cfi_offset 14, -4
 327:Core/Src/stm32h7xx_it.c ****   /* USER CODE BEGIN UART4_IRQn 0 */
 328:Core/Src/stm32h7xx_it.c **** 
 329:Core/Src/stm32h7xx_it.c ****   /* USER CODE END UART4_IRQn 0 */
 330:Core/Src/stm32h7xx_it.c ****   HAL_UART_IRQHandler(&huart4);
 483              		.loc 1 330 3 view .LVU54
 484 0002 0248     		ldr	r0, .L50
 485 0004 FFF7FEFF 		bl	HAL_UART_IRQHandler
 486              	.LVL9:
 331:Core/Src/stm32h7xx_it.c ****   /* USER CODE BEGIN UART4_IRQn 1 */
 332:Core/Src/stm32h7xx_it.c **** 
 333:Core/Src/stm32h7xx_it.c ****   /* USER CODE END UART4_IRQn 1 */
 334:Core/Src/stm32h7xx_it.c **** }
 487              		.loc 1 334 1 is_stmt 0 view .LVU55
 488 0008 08BD     		pop	{r3, pc}
 489              	.L51:
 490 000a 00BF     		.align	2
 491              	.L50:
 492 000c 00000000 		.word	huart4
 493              		.cfi_endproc
 494              	.LFE161:
ARM GAS  C:\Users\blue\AppData\Local\Temp\cc86L3Gi.s 			page 15


 496              		.section	.text.UART5_IRQHandler,"ax",%progbits
 497              		.align	1
 498              		.global	UART5_IRQHandler
 499              		.syntax unified
 500              		.thumb
 501              		.thumb_func
 503              	UART5_IRQHandler:
 504              	.LFB162:
 335:Core/Src/stm32h7xx_it.c **** 
 336:Core/Src/stm32h7xx_it.c **** /**
 337:Core/Src/stm32h7xx_it.c ****   * @brief This function handles UART5 global interrupt.
 338:Core/Src/stm32h7xx_it.c ****   */
 339:Core/Src/stm32h7xx_it.c **** void UART5_IRQHandler(void)
 340:Core/Src/stm32h7xx_it.c **** {
 505              		.loc 1 340 1 is_stmt 1 view -0
 506              		.cfi_startproc
 507              		@ args = 0, pretend = 0, frame = 0
 508              		@ frame_needed = 0, uses_anonymous_args = 0
 509 0000 08B5     		push	{r3, lr}
 510              	.LCFI10:
 511              		.cfi_def_cfa_offset 8
 512              		.cfi_offset 3, -8
 513              		.cfi_offset 14, -4
 341:Core/Src/stm32h7xx_it.c ****   /* USER CODE BEGIN UART5_IRQn 0 */
 342:Core/Src/stm32h7xx_it.c **** 
 343:Core/Src/stm32h7xx_it.c ****   /* USER CODE END UART5_IRQn 0 */
 344:Core/Src/stm32h7xx_it.c ****   HAL_UART_IRQHandler(&huart5);
 514              		.loc 1 344 3 view .LVU57
 515 0002 0248     		ldr	r0, .L54
 516 0004 FFF7FEFF 		bl	HAL_UART_IRQHandler
 517              	.LVL10:
 345:Core/Src/stm32h7xx_it.c ****   /* USER CODE BEGIN UART5_IRQn 1 */
 346:Core/Src/stm32h7xx_it.c **** 
 347:Core/Src/stm32h7xx_it.c ****   /* USER CODE END UART5_IRQn 1 */
 348:Core/Src/stm32h7xx_it.c **** }
 518              		.loc 1 348 1 is_stmt 0 view .LVU58
 519 0008 08BD     		pop	{r3, pc}
 520              	.L55:
 521 000a 00BF     		.align	2
 522              	.L54:
 523 000c 00000000 		.word	huart5
 524              		.cfi_endproc
 525              	.LFE162:
 527              		.text
 528              	.Letext0:
 529              		.file 2 "d:\\rm\\arm-gnu-toolchian\\arm-none-eabi\\include\\machine\\_default_types.h"
 530              		.file 3 "d:\\rm\\arm-gnu-toolchian\\arm-none-eabi\\include\\sys\\_stdint.h"
 531              		.file 4 "Drivers/CMSIS/Device/ST/STM32H7xx/Include/stm32h743xx.h"
 532              		.file 5 "Drivers/STM32H7xx_HAL_Driver/Inc/stm32h7xx_hal_def.h"
 533              		.file 6 "Drivers/STM32H7xx_HAL_Driver/Inc/stm32h7xx_hal_dma.h"
 534              		.file 7 "Drivers/STM32H7xx_HAL_Driver/Inc/stm32h7xx_hal_uart.h"
 535              		.file 8 "Drivers/STM32H7xx_HAL_Driver/Inc/stm32h7xx_hal.h"
ARM GAS  C:\Users\blue\AppData\Local\Temp\cc86L3Gi.s 			page 16


DEFINED SYMBOLS
                            *ABS*:00000000 stm32h7xx_it.c
C:\Users\blue\AppData\Local\Temp\cc86L3Gi.s:19     .text.NMI_Handler:00000000 $t
C:\Users\blue\AppData\Local\Temp\cc86L3Gi.s:25     .text.NMI_Handler:00000000 NMI_Handler
C:\Users\blue\AppData\Local\Temp\cc86L3Gi.s:43     .text.HardFault_Handler:00000000 $t
C:\Users\blue\AppData\Local\Temp\cc86L3Gi.s:49     .text.HardFault_Handler:00000000 HardFault_Handler
C:\Users\blue\AppData\Local\Temp\cc86L3Gi.s:66     .text.MemManage_Handler:00000000 $t
C:\Users\blue\AppData\Local\Temp\cc86L3Gi.s:72     .text.MemManage_Handler:00000000 MemManage_Handler
C:\Users\blue\AppData\Local\Temp\cc86L3Gi.s:89     .text.BusFault_Handler:00000000 $t
C:\Users\blue\AppData\Local\Temp\cc86L3Gi.s:95     .text.BusFault_Handler:00000000 BusFault_Handler
C:\Users\blue\AppData\Local\Temp\cc86L3Gi.s:112    .text.UsageFault_Handler:00000000 $t
C:\Users\blue\AppData\Local\Temp\cc86L3Gi.s:118    .text.UsageFault_Handler:00000000 UsageFault_Handler
C:\Users\blue\AppData\Local\Temp\cc86L3Gi.s:135    .text.SVC_Handler:00000000 $t
C:\Users\blue\AppData\Local\Temp\cc86L3Gi.s:141    .text.SVC_Handler:00000000 SVC_Handler
C:\Users\blue\AppData\Local\Temp\cc86L3Gi.s:154    .text.DebugMon_Handler:00000000 $t
C:\Users\blue\AppData\Local\Temp\cc86L3Gi.s:160    .text.DebugMon_Handler:00000000 DebugMon_Handler
C:\Users\blue\AppData\Local\Temp\cc86L3Gi.s:173    .text.PendSV_Handler:00000000 $t
C:\Users\blue\AppData\Local\Temp\cc86L3Gi.s:179    .text.PendSV_Handler:00000000 PendSV_Handler
C:\Users\blue\AppData\Local\Temp\cc86L3Gi.s:192    .text.SysTick_Handler:00000000 $t
C:\Users\blue\AppData\Local\Temp\cc86L3Gi.s:198    .text.SysTick_Handler:00000000 SysTick_Handler
C:\Users\blue\AppData\Local\Temp\cc86L3Gi.s:218    .text.DMA1_Stream0_IRQHandler:00000000 $t
C:\Users\blue\AppData\Local\Temp\cc86L3Gi.s:224    .text.DMA1_Stream0_IRQHandler:00000000 DMA1_Stream0_IRQHandler
C:\Users\blue\AppData\Local\Temp\cc86L3Gi.s:244    .text.DMA1_Stream0_IRQHandler:0000000c $d
C:\Users\blue\AppData\Local\Temp\cc86L3Gi.s:249    .text.DMA1_Stream1_IRQHandler:00000000 $t
C:\Users\blue\AppData\Local\Temp\cc86L3Gi.s:255    .text.DMA1_Stream1_IRQHandler:00000000 DMA1_Stream1_IRQHandler
C:\Users\blue\AppData\Local\Temp\cc86L3Gi.s:275    .text.DMA1_Stream1_IRQHandler:0000000c $d
C:\Users\blue\AppData\Local\Temp\cc86L3Gi.s:280    .text.DMA1_Stream2_IRQHandler:00000000 $t
C:\Users\blue\AppData\Local\Temp\cc86L3Gi.s:286    .text.DMA1_Stream2_IRQHandler:00000000 DMA1_Stream2_IRQHandler
C:\Users\blue\AppData\Local\Temp\cc86L3Gi.s:306    .text.DMA1_Stream2_IRQHandler:0000000c $d
C:\Users\blue\AppData\Local\Temp\cc86L3Gi.s:311    .text.DMA1_Stream3_IRQHandler:00000000 $t
C:\Users\blue\AppData\Local\Temp\cc86L3Gi.s:317    .text.DMA1_Stream3_IRQHandler:00000000 DMA1_Stream3_IRQHandler
C:\Users\blue\AppData\Local\Temp\cc86L3Gi.s:337    .text.DMA1_Stream3_IRQHandler:0000000c $d
C:\Users\blue\AppData\Local\Temp\cc86L3Gi.s:342    .text.DMA1_Stream4_IRQHandler:00000000 $t
C:\Users\blue\AppData\Local\Temp\cc86L3Gi.s:348    .text.DMA1_Stream4_IRQHandler:00000000 DMA1_Stream4_IRQHandler
C:\Users\blue\AppData\Local\Temp\cc86L3Gi.s:368    .text.DMA1_Stream4_IRQHandler:0000000c $d
C:\Users\blue\AppData\Local\Temp\cc86L3Gi.s:373    .text.USART1_IRQHandler:00000000 $t
C:\Users\blue\AppData\Local\Temp\cc86L3Gi.s:379    .text.USART1_IRQHandler:00000000 USART1_IRQHandler
C:\Users\blue\AppData\Local\Temp\cc86L3Gi.s:399    .text.USART1_IRQHandler:0000000c $d
C:\Users\blue\AppData\Local\Temp\cc86L3Gi.s:404    .text.USART2_IRQHandler:00000000 $t
C:\Users\blue\AppData\Local\Temp\cc86L3Gi.s:410    .text.USART2_IRQHandler:00000000 USART2_IRQHandler
C:\Users\blue\AppData\Local\Temp\cc86L3Gi.s:430    .text.USART2_IRQHandler:0000000c $d
C:\Users\blue\AppData\Local\Temp\cc86L3Gi.s:435    .text.USART3_IRQHandler:00000000 $t
C:\Users\blue\AppData\Local\Temp\cc86L3Gi.s:441    .text.USART3_IRQHandler:00000000 USART3_IRQHandler
C:\Users\blue\AppData\Local\Temp\cc86L3Gi.s:461    .text.USART3_IRQHandler:0000000c $d
C:\Users\blue\AppData\Local\Temp\cc86L3Gi.s:466    .text.UART4_IRQHandler:00000000 $t
C:\Users\blue\AppData\Local\Temp\cc86L3Gi.s:472    .text.UART4_IRQHandler:00000000 UART4_IRQHandler
C:\Users\blue\AppData\Local\Temp\cc86L3Gi.s:492    .text.UART4_IRQHandler:0000000c $d
C:\Users\blue\AppData\Local\Temp\cc86L3Gi.s:497    .text.UART5_IRQHandler:00000000 $t
C:\Users\blue\AppData\Local\Temp\cc86L3Gi.s:503    .text.UART5_IRQHandler:00000000 UART5_IRQHandler
C:\Users\blue\AppData\Local\Temp\cc86L3Gi.s:523    .text.UART5_IRQHandler:0000000c $d

UNDEFINED SYMBOLS
HAL_IncTick
HAL_DMA_IRQHandler
hdma_usart1_rx
hdma_usart2_rx
hdma_usart3_rx
ARM GAS  C:\Users\blue\AppData\Local\Temp\cc86L3Gi.s 			page 17


hdma_uart4_rx
hdma_uart5_rx
HAL_UART_IRQHandler
huart1
huart2
huart3
huart4
huart5
