ARM GAS  C:\Users\blue\AppData\Local\Temp\ccSfusHH.s 			page 1


   1              		.cpu cortex-m7
   2              		.arch armv7e-m
   3              		.fpu fpv5-d16
   4              		.eabi_attribute 28, 1
   5              		.eabi_attribute 20, 1
   6              		.eabi_attribute 21, 1
   7              		.eabi_attribute 23, 3
   8              		.eabi_attribute 24, 1
   9              		.eabi_attribute 25, 1
  10              		.eabi_attribute 26, 1
  11              		.eabi_attribute 30, 1
  12              		.eabi_attribute 34, 1
  13              		.eabi_attribute 18, 4
  14              		.file	"bsp_usart.c"
  15              		.text
  16              	.Ltext0:
  17              		.cfi_sections	.debug_frame
  18              		.section	.text.my_malloc,"ax",%progbits
  19              		.align	1
  20              		.global	my_malloc
  21              		.syntax unified
  22              		.thumb
  23              		.thumb_func
  25              	my_malloc:
  26              	.LVL0:
  27              	.LFB144:
  28              		.file 1 "bsp/usart/bsp_usart.c"
   1:bsp/usart/bsp_usart.c **** /**
   2:bsp/usart/bsp_usart.c ****  * @file bsp_usart.c
   3:bsp/usart/bsp_usart.c ****  * @author Han-777
   4:bsp/usart/bsp_usart.c ****  * @brief  ä¸²å£bspå±‚çš„å®ç°
   5:bsp/usart/bsp_usart.c ****  * @version beta
   6:bsp/usart/bsp_usart.c ****  * @date 2024-07-06
   7:bsp/usart/bsp_usart.c ****  *
   8:bsp/usart/bsp_usart.c ****  * @copyright Copyright (c) 2024
   9:bsp/usart/bsp_usart.c ****  *
  10:bsp/usart/bsp_usart.c ****  */
  11:bsp/usart/bsp_usart.c **** #include "bsp_usart.h"
  12:bsp/usart/bsp_usart.c **** #include "stdlib.h"
  13:bsp/usart/bsp_usart.c **** #include "memory.h"
  14:bsp/usart/bsp_usart.c **** 
  15:bsp/usart/bsp_usart.c **** /* usart service instance, modules' info would be recoreded here using USARTRegister() */
  16:bsp/usart/bsp_usart.c **** /* usartæœåŠ¡å®ä¾‹,æ‰€æœ‰æ³¨å†Œäº†usartçš„æ¨¡å—ä¿¡æ¯ä¼šè¢«ä¿å­˜åœ¨è¿™é‡Œ */
  17:bsp/usart/bsp_usart.c **** static uint8_t usart_instance_idx = 0;
  18:bsp/usart/bsp_usart.c **** static USARTInstance *usart_instance[DEVICE_USART_CNT] = {NULL};
  19:bsp/usart/bsp_usart.c **** 
  20:bsp/usart/bsp_usart.c **** // å†…å­˜å¤„ç†
  21:bsp/usart/bsp_usart.c **** #define MY_SECTION_SIZE 512 * 1024 // 512KB
  22:bsp/usart/bsp_usart.c **** uint8_t my_section[MY_SECTION_SIZE] __attribute__((section(".my_section")));
  23:bsp/usart/bsp_usart.c **** size_t my_section_offset = 0;
  24:bsp/usart/bsp_usart.c **** 
  25:bsp/usart/bsp_usart.c **** void *my_malloc(size_t size)
  26:bsp/usart/bsp_usart.c **** {
  29              		.loc 1 26 1 view -0
  30              		.cfi_startproc
  31              		@ args = 0, pretend = 0, frame = 0
  32              		@ frame_needed = 0, uses_anonymous_args = 0
ARM GAS  C:\Users\blue\AppData\Local\Temp\ccSfusHH.s 			page 2


  33              		@ link register save eliminated.
  27:bsp/usart/bsp_usart.c ****     if (my_section_offset + size > MY_SECTION_SIZE)
  34              		.loc 1 27 5 view .LVU1
  35              		.loc 1 27 27 is_stmt 0 view .LVU2
  36 0000 064B     		ldr	r3, .L4
  37 0002 1A68     		ldr	r2, [r3]
  38 0004 1318     		adds	r3, r2, r0
  39              		.loc 1 27 8 view .LVU3
  40 0006 B3F5002F 		cmp	r3, #524288
  41 000a 04D8     		bhi	.L3
  28:bsp/usart/bsp_usart.c ****     {
  29:bsp/usart/bsp_usart.c ****         // å†…å­˜ä¸è¶³ï¼Œå¤„ç†é”™è¯¯
  30:bsp/usart/bsp_usart.c ****         return NULL;
  31:bsp/usart/bsp_usart.c ****     }
  32:bsp/usart/bsp_usart.c ****     void *ptr = &my_section[my_section_offset];
  42              		.loc 1 32 5 is_stmt 1 view .LVU4
  43              		.loc 1 32 11 is_stmt 0 view .LVU5
  44 000c 0448     		ldr	r0, .L4+4
  45              	.LVL1:
  46              		.loc 1 32 11 view .LVU6
  47 000e 1044     		add	r0, r0, r2
  48              	.LVL2:
  33:bsp/usart/bsp_usart.c ****     my_section_offset += size;
  49              		.loc 1 33 5 is_stmt 1 view .LVU7
  50              		.loc 1 33 23 is_stmt 0 view .LVU8
  51 0010 024A     		ldr	r2, .L4
  52 0012 1360     		str	r3, [r2]
  34:bsp/usart/bsp_usart.c ****     return ptr;
  53              		.loc 1 34 5 is_stmt 1 view .LVU9
  54              		.loc 1 34 12 is_stmt 0 view .LVU10
  55 0014 7047     		bx	lr
  56              	.LVL3:
  57              	.L3:
  30:bsp/usart/bsp_usart.c ****     }
  58              		.loc 1 30 16 view .LVU11
  59 0016 0020     		movs	r0, #0
  60              	.LVL4:
  35:bsp/usart/bsp_usart.c **** }
  61              		.loc 1 35 1 view .LVU12
  62 0018 7047     		bx	lr
  63              	.L5:
  64 001a 00BF     		.align	2
  65              	.L4:
  66 001c 00000000 		.word	.LANCHOR0
  67 0020 00000000 		.word	my_section
  68              		.cfi_endproc
  69              	.LFE144:
  71              		.section	.text.USARTServiceInit,"ax",%progbits
  72              		.align	1
  73              		.global	USARTServiceInit
  74              		.syntax unified
  75              		.thumb
  76              		.thumb_func
  78              	USARTServiceInit:
  79              	.LVL5:
  80              	.LFB145:
  36:bsp/usart/bsp_usart.c **** 
ARM GAS  C:\Users\blue\AppData\Local\Temp\ccSfusHH.s 			page 3


  37:bsp/usart/bsp_usart.c **** /**
  38:bsp/usart/bsp_usart.c ****  * @brief å¯åŠ¨ä¸²å£æœåŠ¡,ä¼šåœ¨æ¯ä¸ªå®ä¾‹æ³¨å†Œä¹‹åè‡ªåŠ¨å¯ç”¨æ¥æ”¶,å½“å‰å®ç°ä¸ºDMAæ¥
  39:bsp/usart/bsp_usart.c ****  *
  40:bsp/usart/bsp_usart.c ****  * @todo ä¸²å£æœåŠ¡ä¼šåœ¨æ¯ä¸ªå®ä¾‹æ³¨å†Œä¹‹åè‡ªåŠ¨å¯ç”¨æ¥æ”¶,å½“å‰å®ç°ä¸ºDMAæ¥æ”¶,åç
  41:bsp/usart/bsp_usart.c ****  *       å¯èƒ½è¿˜è¦å°†æ­¤å‡½æ•°ä¿®æ”¹ä¸ºextern,ä½¿å¾—moduleå¯ä»¥æ§åˆ¶ä¸²å£çš„å¯åœ
  42:bsp/usart/bsp_usart.c ****  *
  43:bsp/usart/bsp_usart.c ****  * @param _instance instance owned by module,æ¨¡å—æ‹¥æœ‰çš„ä¸²å£å®ä¾‹
  44:bsp/usart/bsp_usart.c ****  */
  45:bsp/usart/bsp_usart.c **** void USARTServiceInit(USARTInstance *_instance)
  46:bsp/usart/bsp_usart.c **** {
  81              		.loc 1 46 1 is_stmt 1 view -0
  82              		.cfi_startproc
  83              		@ args = 0, pretend = 0, frame = 0
  84              		@ frame_needed = 0, uses_anonymous_args = 0
  85              		.loc 1 46 1 is_stmt 0 view .LVU14
  86 0000 10B5     		push	{r4, lr}
  87              	.LCFI0:
  88              		.cfi_def_cfa_offset 8
  89              		.cfi_offset 4, -8
  90              		.cfi_offset 14, -4
  91 0002 0446     		mov	r4, r0
  47:bsp/usart/bsp_usart.c ****     // HAL_UARTEx_ReceiveToIdle_IT(_instance->usart_handle, _instance->recv_buff, _instance->recv_b
  48:bsp/usart/bsp_usart.c **** 
  49:bsp/usart/bsp_usart.c ****     HAL_UARTEx_ReceiveToIdle_DMA(_instance->usart_handle, _instance->recv_buff, _instance->recv_buf
  92              		.loc 1 49 5 is_stmt 1 view .LVU15
  93 0004 0279     		ldrb	r2, [r0, #4]	@ zero_extendqisi2
  94 0006 0168     		ldr	r1, [r0]
  95 0008 8068     		ldr	r0, [r0, #8]
  96              	.LVL6:
  97              		.loc 1 49 5 is_stmt 0 view .LVU16
  98 000a FFF7FEFF 		bl	HAL_UARTEx_ReceiveToIdle_DMA
  99              	.LVL7:
  50:bsp/usart/bsp_usart.c ****     // å…³é—­dma half transferä¸­æ–­é˜²æ­¢ä¸¤æ¬¡è¿›å…¥HAL_UARTEx_RxEventCallback()
  51:bsp/usart/bsp_usart.c ****     // è¿™æ˜¯HALåº“çš„ä¸€ä¸ªè®¾è®¡å¤±è¯¯,å‘ç”ŸDMAä¼ è¾“å®Œæˆ/åŠå®Œæˆä»¥åŠä¸²å£IDLEä¸­æ–­éƒ½ä¼
  52:bsp/usart/bsp_usart.c ****     // æˆ‘ä»¬åªå¸Œæœ›å¤„ç†ç¬¬ä¸€ç§å’Œç¬¬ä¸‰ç§æƒ…å†µ,å› æ­¤ç›´æ¥å…³é—­DMAåŠä¼ è¾“ä¸­æ–­
  53:bsp/usart/bsp_usart.c ****     __HAL_DMA_DISABLE_IT(_instance->usart_handle->hdmarx, DMA_IT_HT);
 100              		.loc 1 53 5 is_stmt 1 view .LVU17
 101 000e A368     		ldr	r3, [r4, #8]
 102 0010 D3F88030 		ldr	r3, [r3, #128]
 103 0014 1B68     		ldr	r3, [r3]
 104 0016 1D49     		ldr	r1, .L11
 105 0018 1D4A     		ldr	r2, .L11+4
 106 001a 9342     		cmp	r3, r2
 107 001c 18BF     		it	ne
 108 001e 8B42     		cmpne	r3, r1
 109 0020 2FD0     		beq	.L7
 110              		.loc 1 53 5 is_stmt 0 discriminator 2 view .LVU18
 111 0022 1832     		adds	r2, r2, #24
 112 0024 9342     		cmp	r3, r2
 113 0026 2CD0     		beq	.L7
 114              		.loc 1 53 5 discriminator 4 view .LVU19
 115 0028 1832     		adds	r2, r2, #24
 116 002a 9342     		cmp	r3, r2
 117 002c 29D0     		beq	.L7
 118              		.loc 1 53 5 discriminator 6 view .LVU20
 119 002e 1832     		adds	r2, r2, #24
 120 0030 9342     		cmp	r3, r2
ARM GAS  C:\Users\blue\AppData\Local\Temp\ccSfusHH.s 			page 4


 121 0032 26D0     		beq	.L7
 122              		.loc 1 53 5 discriminator 8 view .LVU21
 123 0034 1832     		adds	r2, r2, #24
 124 0036 9342     		cmp	r3, r2
 125 0038 23D0     		beq	.L7
 126              		.loc 1 53 5 discriminator 10 view .LVU22
 127 003a 1832     		adds	r2, r2, #24
 128 003c 9342     		cmp	r3, r2
 129 003e 20D0     		beq	.L7
 130              		.loc 1 53 5 discriminator 12 view .LVU23
 131 0040 1832     		adds	r2, r2, #24
 132 0042 9342     		cmp	r3, r2
 133 0044 1DD0     		beq	.L7
 134              		.loc 1 53 5 discriminator 14 view .LVU24
 135 0046 02F55672 		add	r2, r2, #856
 136 004a 9342     		cmp	r3, r2
 137 004c 19D0     		beq	.L7
 138              		.loc 1 53 5 discriminator 16 view .LVU25
 139 004e 1832     		adds	r2, r2, #24
 140 0050 9342     		cmp	r3, r2
 141 0052 16D0     		beq	.L7
 142              		.loc 1 53 5 discriminator 18 view .LVU26
 143 0054 1832     		adds	r2, r2, #24
 144 0056 9342     		cmp	r3, r2
 145 0058 13D0     		beq	.L7
 146              		.loc 1 53 5 discriminator 20 view .LVU27
 147 005a 1832     		adds	r2, r2, #24
 148 005c 9342     		cmp	r3, r2
 149 005e 10D0     		beq	.L7
 150              		.loc 1 53 5 discriminator 22 view .LVU28
 151 0060 1832     		adds	r2, r2, #24
 152 0062 9342     		cmp	r3, r2
 153 0064 0DD0     		beq	.L7
 154              		.loc 1 53 5 discriminator 24 view .LVU29
 155 0066 1832     		adds	r2, r2, #24
 156 0068 9342     		cmp	r3, r2
 157 006a 0AD0     		beq	.L7
 158              		.loc 1 53 5 discriminator 26 view .LVU30
 159 006c 1832     		adds	r2, r2, #24
 160 006e 9342     		cmp	r3, r2
 161 0070 07D0     		beq	.L7
 162              		.loc 1 53 5 discriminator 28 view .LVU31
 163 0072 1832     		adds	r2, r2, #24
 164 0074 9342     		cmp	r3, r2
 165 0076 04D0     		beq	.L7
 166              		.loc 1 53 5 discriminator 30 view .LVU32
 167 0078 1A68     		ldr	r2, [r3]
 168 007a 22F00402 		bic	r2, r2, #4
 169 007e 1A60     		str	r2, [r3]
  54:bsp/usart/bsp_usart.c **** }
 170              		.loc 1 54 1 discriminator 30 view .LVU33
 171 0080 03E0     		b	.L6
 172              	.L7:
  53:bsp/usart/bsp_usart.c **** }
 173              		.loc 1 53 5 discriminator 29 view .LVU34
 174 0082 1A68     		ldr	r2, [r3]
 175 0084 22F00802 		bic	r2, r2, #8
ARM GAS  C:\Users\blue\AppData\Local\Temp\ccSfusHH.s 			page 5


 176 0088 1A60     		str	r2, [r3]
 177              	.L6:
 178              		.loc 1 54 1 view .LVU35
 179 008a 10BD     		pop	{r4, pc}
 180              	.LVL8:
 181              	.L12:
 182              		.loc 1 54 1 view .LVU36
 183              		.align	2
 184              	.L11:
 185 008c 10000240 		.word	1073872912
 186 0090 28000240 		.word	1073872936
 187              		.cfi_endproc
 188              	.LFE145:
 190              		.section	.text.USARTRegister,"ax",%progbits
 191              		.align	1
 192              		.global	USARTRegister
 193              		.syntax unified
 194              		.thumb
 195              		.thumb_func
 197              	USARTRegister:
 198              	.LVL9:
 199              	.LFB146:
  55:bsp/usart/bsp_usart.c **** 
  56:bsp/usart/bsp_usart.c **** USARTInstance *USARTRegister(USART_Init_Config_s *init_config)
  57:bsp/usart/bsp_usart.c **** {
 200              		.loc 1 57 1 is_stmt 1 view -0
 201              		.cfi_startproc
 202              		@ args = 0, pretend = 0, frame = 0
 203              		@ frame_needed = 0, uses_anonymous_args = 0
 204              		.loc 1 57 1 is_stmt 0 view .LVU38
 205 0000 38B5     		push	{r3, r4, r5, lr}
 206              	.LCFI1:
 207              		.cfi_def_cfa_offset 16
 208              		.cfi_offset 3, -16
 209              		.cfi_offset 4, -12
 210              		.cfi_offset 5, -8
 211              		.cfi_offset 14, -4
 212 0002 0446     		mov	r4, r0
  58:bsp/usart/bsp_usart.c ****     if (usart_instance_idx > DEVICE_USART_CNT) // è¶…è¿‡æœ€å¤§å®ä¾‹æ•°
 213              		.loc 1 58 5 is_stmt 1 view .LVU39
 214              		.loc 1 58 28 is_stmt 0 view .LVU40
 215 0004 184B     		ldr	r3, .L22
 216 0006 1878     		ldrb	r0, [r3]	@ zero_extendqisi2
 217              	.LVL10:
 218              		.loc 1 58 8 view .LVU41
 219 0008 0528     		cmp	r0, #5
 220 000a 0CD9     		bls	.L19
 221              	.L15:
  59:bsp/usart/bsp_usart.c ****         while (1)
 222              		.loc 1 59 9 is_stmt 1 discriminator 1 view .LVU42
  60:bsp/usart/bsp_usart.c ****             ;
 223              		.loc 1 60 13 discriminator 1 view .LVU43
  59:bsp/usart/bsp_usart.c ****         while (1)
 224              		.loc 1 59 15 discriminator 1 view .LVU44
 225 000c FEE7     		b	.L15
 226              	.LVL11:
 227              	.L16:
ARM GAS  C:\Users\blue\AppData\Local\Temp\ccSfusHH.s 			page 6


 228              	.LBB2:
  61:bsp/usart/bsp_usart.c ****     for (uint8_t i = 0; i < usart_instance_idx; i++)
 229              		.loc 1 61 49 discriminator 2 view .LVU45
 230              		.loc 1 61 50 is_stmt 0 discriminator 2 view .LVU46
 231 000e 0133     		adds	r3, r3, #1
 232              	.LVL12:
 233              		.loc 1 61 50 discriminator 2 view .LVU47
 234 0010 DBB2     		uxtb	r3, r3
 235              	.LVL13:
 236              	.L14:
 237              		.loc 1 61 25 is_stmt 1 discriminator 1 view .LVU48
 238              		.loc 1 61 5 is_stmt 0 discriminator 1 view .LVU49
 239 0012 9842     		cmp	r0, r3
 240 0014 09D9     		bls	.L21
  62:bsp/usart/bsp_usart.c ****     {
  63:bsp/usart/bsp_usart.c ****         if (usart_instance[i]->usart_handle == init_config->usart_handle)
 241              		.loc 1 63 9 is_stmt 1 view .LVU50
 242              		.loc 1 63 27 is_stmt 0 view .LVU51
 243 0016 154A     		ldr	r2, .L22+4
 244 0018 52F82320 		ldr	r2, [r2, r3, lsl #2]
 245              		.loc 1 63 30 view .LVU52
 246 001c 9168     		ldr	r1, [r2, #8]
 247              		.loc 1 63 59 view .LVU53
 248 001e 6268     		ldr	r2, [r4, #4]
 249              		.loc 1 63 12 view .LVU54
 250 0020 9142     		cmp	r1, r2
 251 0022 F4D1     		bne	.L16
 252              	.L17:
  64:bsp/usart/bsp_usart.c ****             while (1)
 253              		.loc 1 64 13 is_stmt 1 discriminator 2 view .LVU55
  65:bsp/usart/bsp_usart.c ****                 // LOGERROR("[bsp_usart]: USART instance %d is already registered!\n", i);
  66:bsp/usart/bsp_usart.c ****                 ;
 254              		.loc 1 66 17 discriminator 2 view .LVU56
  64:bsp/usart/bsp_usart.c ****             while (1)
 255              		.loc 1 64 19 discriminator 2 view .LVU57
 256 0024 FEE7     		b	.L17
 257              	.LVL14:
 258              	.L19:
  61:bsp/usart/bsp_usart.c ****     {
 259              		.loc 1 61 18 is_stmt 0 view .LVU58
 260 0026 0023     		movs	r3, #0
 261 0028 F3E7     		b	.L14
 262              	.LVL15:
 263              	.L21:
  61:bsp/usart/bsp_usart.c ****     {
 264              		.loc 1 61 18 view .LVU59
 265              	.LBE2:
  67:bsp/usart/bsp_usart.c ****     }
  68:bsp/usart/bsp_usart.c ****     USARTInstance *instance = (USARTInstance *)my_malloc(sizeof(USARTInstance));
 266              		.loc 1 68 5 is_stmt 1 view .LVU60
 267              		.loc 1 68 48 is_stmt 0 view .LVU61
 268 002a 1020     		movs	r0, #16
 269 002c FFF7FEFF 		bl	my_malloc
 270              	.LVL16:
 271              		.loc 1 68 48 view .LVU62
 272 0030 0546     		mov	r5, r0
 273              	.LVL17:
ARM GAS  C:\Users\blue\AppData\Local\Temp\ccSfusHH.s 			page 7


  69:bsp/usart/bsp_usart.c ****     memset(instance, 0, sizeof(USARTInstance));
 274              		.loc 1 69 5 is_stmt 1 view .LVU63
 275 0032 0023     		movs	r3, #0
 276 0034 0360     		str	r3, [r0]	@ unaligned
 277 0036 4360     		str	r3, [r0, #4]	@ unaligned
 278 0038 8360     		str	r3, [r0, #8]	@ unaligned
 279 003a C360     		str	r3, [r0, #12]	@ unaligned
  70:bsp/usart/bsp_usart.c **** 
  71:bsp/usart/bsp_usart.c ****     instance->usart_handle = init_config->usart_handle;
 280              		.loc 1 71 5 view .LVU64
 281              		.loc 1 71 41 is_stmt 0 view .LVU65
 282 003c 6368     		ldr	r3, [r4, #4]
 283              		.loc 1 71 28 view .LVU66
 284 003e 8360     		str	r3, [r0, #8]
  72:bsp/usart/bsp_usart.c ****     instance->recv_buff_size = init_config->recv_buff_size;
 285              		.loc 1 72 5 is_stmt 1 view .LVU67
 286              		.loc 1 72 43 is_stmt 0 view .LVU68
 287 0040 2378     		ldrb	r3, [r4]	@ zero_extendqisi2
 288              		.loc 1 72 30 view .LVU69
 289 0042 0371     		strb	r3, [r0, #4]
  73:bsp/usart/bsp_usart.c ****     instance->module_callback = init_config->module_callback;
 290              		.loc 1 73 5 is_stmt 1 view .LVU70
 291              		.loc 1 73 44 is_stmt 0 view .LVU71
 292 0044 A368     		ldr	r3, [r4, #8]
 293              		.loc 1 73 31 view .LVU72
 294 0046 C360     		str	r3, [r0, #12]
  74:bsp/usart/bsp_usart.c ****     instance->recv_buff = (uint8_t *)my_malloc(init_config->recv_buff_size);
 295              		.loc 1 74 5 is_stmt 1 view .LVU73
 296              		.loc 1 74 38 is_stmt 0 view .LVU74
 297 0048 2078     		ldrb	r0, [r4]	@ zero_extendqisi2
 298              	.LVL18:
 299              		.loc 1 74 38 view .LVU75
 300 004a FFF7FEFF 		bl	my_malloc
 301              	.LVL19:
 302              		.loc 1 74 25 view .LVU76
 303 004e 2860     		str	r0, [r5]
  75:bsp/usart/bsp_usart.c **** 
  76:bsp/usart/bsp_usart.c ****     usart_instance[usart_instance_idx++] = instance;
 304              		.loc 1 76 5 is_stmt 1 view .LVU77
 305              		.loc 1 76 38 is_stmt 0 view .LVU78
 306 0050 054A     		ldr	r2, .L22
 307 0052 1378     		ldrb	r3, [r2]	@ zero_extendqisi2
 308 0054 591C     		adds	r1, r3, #1
 309 0056 1170     		strb	r1, [r2]
 310              		.loc 1 76 42 view .LVU79
 311 0058 044A     		ldr	r2, .L22+4
 312 005a 42F82350 		str	r5, [r2, r3, lsl #2]
  77:bsp/usart/bsp_usart.c ****     USARTServiceInit(instance);
 313              		.loc 1 77 5 is_stmt 1 view .LVU80
 314 005e 2846     		mov	r0, r5
 315 0060 FFF7FEFF 		bl	USARTServiceInit
 316              	.LVL20:
  78:bsp/usart/bsp_usart.c ****     return instance;
 317              		.loc 1 78 5 view .LVU81
  79:bsp/usart/bsp_usart.c **** }
 318              		.loc 1 79 1 is_stmt 0 view .LVU82
 319 0064 2846     		mov	r0, r5
ARM GAS  C:\Users\blue\AppData\Local\Temp\ccSfusHH.s 			page 8


 320 0066 38BD     		pop	{r3, r4, r5, pc}
 321              	.LVL21:
 322              	.L23:
 323              		.loc 1 79 1 view .LVU83
 324              		.align	2
 325              	.L22:
 326 0068 00000000 		.word	.LANCHOR1
 327 006c 00000000 		.word	.LANCHOR2
 328              		.cfi_endproc
 329              	.LFE146:
 331              		.section	.text.USARTSend,"ax",%progbits
 332              		.align	1
 333              		.global	USARTSend
 334              		.syntax unified
 335              		.thumb
 336              		.thumb_func
 338              	USARTSend:
 339              	.LVL22:
 340              	.LFB147:
  80:bsp/usart/bsp_usart.c **** // double buffer regisitor
  81:bsp/usart/bsp_usart.c **** 
  82:bsp/usart/bsp_usart.c **** /* @todo å½“å‰ä»…è¿›è¡Œäº†å½¢å¼ä¸Šçš„å°è£…,åç»­è¦è¿›ä¸€æ­¥è€ƒè™‘æ˜¯å¦å°†moduleçš„è¡Œä¸ºä¸bs
  83:bsp/usart/bsp_usart.c **** void USARTSend(USARTInstance *_instance, uint8_t *send_buf, uint16_t send_size, USART_TRANSFER_MODE
  84:bsp/usart/bsp_usart.c **** {
 341              		.loc 1 84 1 is_stmt 1 view -0
 342              		.cfi_startproc
 343              		@ args = 0, pretend = 0, frame = 0
 344              		@ frame_needed = 0, uses_anonymous_args = 0
 345              		.loc 1 84 1 is_stmt 0 view .LVU85
 346 0000 08B5     		push	{r3, lr}
 347              	.LCFI2:
 348              		.cfi_def_cfa_offset 8
 349              		.cfi_offset 3, -8
 350              		.cfi_offset 14, -4
  85:bsp/usart/bsp_usart.c ****     switch (mode)
 351              		.loc 1 85 5 is_stmt 1 view .LVU86
 352 0002 022B     		cmp	r3, #2
 353 0004 09D0     		beq	.L25
 354 0006 032B     		cmp	r3, #3
 355 0008 0BD0     		beq	.L26
 356 000a 012B     		cmp	r3, #1
 357 000c 00D0     		beq	.L30
 358              	.L27:
  86:bsp/usart/bsp_usart.c ****     {
  87:bsp/usart/bsp_usart.c ****     case USART_TRANSFER_BLOCKING:
  88:bsp/usart/bsp_usart.c ****         HAL_UART_Transmit(_instance->usart_handle, send_buf, send_size, 100);
  89:bsp/usart/bsp_usart.c ****         break;
  90:bsp/usart/bsp_usart.c ****     case USART_TRANSFER_IT:
  91:bsp/usart/bsp_usart.c ****         HAL_UART_Transmit_IT(_instance->usart_handle, send_buf, send_size);
  92:bsp/usart/bsp_usart.c ****         break;
  93:bsp/usart/bsp_usart.c ****     case USART_TRANSFER_DMA:
  94:bsp/usart/bsp_usart.c ****         HAL_UART_Transmit_DMA(_instance->usart_handle, send_buf, send_size);
  95:bsp/usart/bsp_usart.c ****         break;
  96:bsp/usart/bsp_usart.c ****     default:
  97:bsp/usart/bsp_usart.c ****         while (1)
 359              		.loc 1 97 9 discriminator 1 view .LVU87
  98:bsp/usart/bsp_usart.c ****             ; // illegal mode! check your code context! æ£€æŸ¥å®šä¹‰instanceçš„ä»£ç ä¸Šä¸‹æ–‡,å¯è
ARM GAS  C:\Users\blue\AppData\Local\Temp\ccSfusHH.s 			page 9


 360              		.loc 1 98 13 discriminator 1 view .LVU88
  97:bsp/usart/bsp_usart.c ****             ; // illegal mode! check your code context! æ£€æŸ¥å®šä¹‰instanceçš„ä»£ç ä¸Šä¸‹æ–‡,å¯è
 361              		.loc 1 97 15 discriminator 1 view .LVU89
 362 000e FEE7     		b	.L27
 363              	.L30:
  88:bsp/usart/bsp_usart.c ****         break;
 364              		.loc 1 88 9 view .LVU90
 365 0010 6423     		movs	r3, #100
 366              	.LVL23:
  88:bsp/usart/bsp_usart.c ****         break;
 367              		.loc 1 88 9 is_stmt 0 view .LVU91
 368 0012 8068     		ldr	r0, [r0, #8]
 369              	.LVL24:
  88:bsp/usart/bsp_usart.c ****         break;
 370              		.loc 1 88 9 view .LVU92
 371 0014 FFF7FEFF 		bl	HAL_UART_Transmit
 372              	.LVL25:
  89:bsp/usart/bsp_usart.c ****     case USART_TRANSFER_IT:
 373              		.loc 1 89 9 is_stmt 1 view .LVU93
 374              	.L24:
  99:bsp/usart/bsp_usart.c ****         break;
 100:bsp/usart/bsp_usart.c ****     }
 101:bsp/usart/bsp_usart.c **** }
 375              		.loc 1 101 1 is_stmt 0 view .LVU94
 376 0018 08BD     		pop	{r3, pc}
 377              	.LVL26:
 378              	.L25:
  91:bsp/usart/bsp_usart.c ****         break;
 379              		.loc 1 91 9 is_stmt 1 view .LVU95
 380 001a 8068     		ldr	r0, [r0, #8]
 381              	.LVL27:
  91:bsp/usart/bsp_usart.c ****         break;
 382              		.loc 1 91 9 is_stmt 0 view .LVU96
 383 001c FFF7FEFF 		bl	HAL_UART_Transmit_IT
 384              	.LVL28:
  92:bsp/usart/bsp_usart.c ****     case USART_TRANSFER_DMA:
 385              		.loc 1 92 9 is_stmt 1 view .LVU97
 386 0020 FAE7     		b	.L24
 387              	.LVL29:
 388              	.L26:
  94:bsp/usart/bsp_usart.c ****         break;
 389              		.loc 1 94 9 view .LVU98
 390 0022 8068     		ldr	r0, [r0, #8]
 391              	.LVL30:
  94:bsp/usart/bsp_usart.c ****         break;
 392              		.loc 1 94 9 is_stmt 0 view .LVU99
 393 0024 FFF7FEFF 		bl	HAL_UART_Transmit_DMA
 394              	.LVL31:
  95:bsp/usart/bsp_usart.c ****     default:
 395              		.loc 1 95 9 is_stmt 1 view .LVU100
 396 0028 F6E7     		b	.L24
 397              		.cfi_endproc
 398              	.LFE147:
 400              		.section	.text.USARTIsReady,"ax",%progbits
 401              		.align	1
 402              		.global	USARTIsReady
 403              		.syntax unified
ARM GAS  C:\Users\blue\AppData\Local\Temp\ccSfusHH.s 			page 10


 404              		.thumb
 405              		.thumb_func
 407              	USARTIsReady:
 408              	.LVL32:
 409              	.LFB148:
 102:bsp/usart/bsp_usart.c **** 
 103:bsp/usart/bsp_usart.c **** /* ä¸²å£å‘é€æ—¶,gstateä¼šè¢«è®¾ä¸ºBUSY_TX */
 104:bsp/usart/bsp_usart.c **** uint8_t USARTIsReady(USARTInstance *_instance)
 105:bsp/usart/bsp_usart.c **** {
 410              		.loc 1 105 1 view -0
 411              		.cfi_startproc
 412              		@ args = 0, pretend = 0, frame = 0
 413              		@ frame_needed = 0, uses_anonymous_args = 0
 414              		@ link register save eliminated.
 106:bsp/usart/bsp_usart.c ****     if (_instance->usart_handle->gState | HAL_UART_STATE_BUSY_TX)
 415              		.loc 1 106 5 view .LVU102
 416              		.loc 1 106 18 is_stmt 0 view .LVU103
 417 0000 8368     		ldr	r3, [r0, #8]
 418              		.loc 1 106 32 view .LVU104
 419 0002 D3F88830 		ldr	r3, [r3, #136]
 107:bsp/usart/bsp_usart.c ****     {
 108:bsp/usart/bsp_usart.c ****         return 0;
 420              		.loc 1 108 9 is_stmt 1 view .LVU105
 109:bsp/usart/bsp_usart.c ****     }
 110:bsp/usart/bsp_usart.c ****     else
 111:bsp/usart/bsp_usart.c ****     {
 112:bsp/usart/bsp_usart.c ****         return 1;
 113:bsp/usart/bsp_usart.c ****     }
 114:bsp/usart/bsp_usart.c **** }
 421              		.loc 1 114 1 is_stmt 0 view .LVU106
 422 0006 0020     		movs	r0, #0
 423              	.LVL33:
 424              		.loc 1 114 1 view .LVU107
 425 0008 7047     		bx	lr
 426              		.cfi_endproc
 427              	.LFE148:
 429              		.section	.text.HAL_UARTEx_RxEventCallback,"ax",%progbits
 430              		.align	1
 431              		.global	HAL_UARTEx_RxEventCallback
 432              		.syntax unified
 433              		.thumb
 434              		.thumb_func
 436              	HAL_UARTEx_RxEventCallback:
 437              	.LVL34:
 438              	.LFB149:
 115:bsp/usart/bsp_usart.c **** 
 116:bsp/usart/bsp_usart.c **** /**
 117:bsp/usart/bsp_usart.c ****  * @brief æ¯æ¬¡dma/idleä¸­æ–­å‘ç”Ÿæ—¶ï¼Œéƒ½ä¼šè°ƒç”¨æ­¤å‡½æ•°.å¯¹äºæ¯ä¸ªuartå®ä¾‹ä¼šè°ƒç”¨å¯¹å
 118:bsp/usart/bsp_usart.c ****  *        ä¾‹å¦‚:è§†è§‰åè®®è§£æ/é¥æ§å™¨è§£æ/è£åˆ¤ç³»ç»Ÿè§£æ
 119:bsp/usart/bsp_usart.c ****  *
 120:bsp/usart/bsp_usart.c ****  * @note  é€šè¿‡__HAL_DMA_DISABLE_IT(huart->hdmarx,DMA_IT_HT)å…³é—­dma half transferä¸­æ–­é˜²æ­¢ä¸¤
 121:bsp/usart/bsp_usart.c ****  *        è¿™æ˜¯HALåº“çš„ä¸€ä¸ªè®¾è®¡å¤±è¯¯,å‘ç”ŸDMAä¼ è¾“å®Œæˆ/åŠå®Œæˆä»¥åŠä¸²å£IDLEä¸­æ–­éƒ
 122:bsp/usart/bsp_usart.c ****  *        æˆ‘ä»¬åªå¸Œæœ›å¤„ç†ï¼Œå› æ­¤ç›´æ¥å…³é—­DMAåŠä¼ è¾“ä¸­æ–­ç¬¬ä¸€ç§å’Œç¬¬ä¸‰ç§æƒ…å†µ
 123:bsp/usart/bsp_usart.c ****  *
 124:bsp/usart/bsp_usart.c ****  * @param huart å‘ç”Ÿä¸­æ–­çš„ä¸²å£
 125:bsp/usart/bsp_usart.c ****  * @param Size æ­¤æ¬¡æ¥æ”¶åˆ°çš„æ€»æ•°å±…é‡,æš‚æ—¶æ²¡ç”¨
 126:bsp/usart/bsp_usart.c ****  */
ARM GAS  C:\Users\blue\AppData\Local\Temp\ccSfusHH.s 			page 11


 127:bsp/usart/bsp_usart.c **** void HAL_UARTEx_RxEventCallback(UART_HandleTypeDef *huart, uint16_t Size)
 128:bsp/usart/bsp_usart.c **** {
 439              		.loc 1 128 1 is_stmt 1 view -0
 440              		.cfi_startproc
 441              		@ args = 0, pretend = 0, frame = 0
 442              		@ frame_needed = 0, uses_anonymous_args = 0
 443              		.loc 1 128 1 is_stmt 0 view .LVU109
 444 0000 38B5     		push	{r3, r4, r5, lr}
 445              	.LCFI3:
 446              		.cfi_def_cfa_offset 16
 447              		.cfi_offset 3, -16
 448              		.cfi_offset 4, -12
 449              		.cfi_offset 5, -8
 450              		.cfi_offset 14, -4
 451 0002 0C46     		mov	r4, r1
 129:bsp/usart/bsp_usart.c ****     for (uint8_t i = 0; i < usart_instance_idx; ++i)
 452              		.loc 1 129 5 is_stmt 1 view .LVU110
 453              	.LBB3:
 454              		.loc 1 129 10 view .LVU111
 455              	.LVL35:
 456              		.loc 1 129 18 is_stmt 0 view .LVU112
 457 0004 0023     		movs	r3, #0
 458              		.loc 1 129 5 view .LVU113
 459 0006 06E0     		b	.L33
 460              	.LVL36:
 461              	.L36:
 130:bsp/usart/bsp_usart.c ****     {
 131:bsp/usart/bsp_usart.c ****         if (huart == usart_instance[i]->usart_handle)
 132:bsp/usart/bsp_usart.c ****         {
 133:bsp/usart/bsp_usart.c ****             if (usart_instance[i]->module_callback != NULL)
 134:bsp/usart/bsp_usart.c ****             {
 135:bsp/usart/bsp_usart.c ****                 // SCB_InvalidateDCache_by_Addr((uint32_t *)usart_instance[i]->recv_buff, (usart_in
 136:bsp/usart/bsp_usart.c ****                 usart_instance[i]->module_callback(huart);
 137:bsp/usart/bsp_usart.c ****                 memset(usart_instance[i]->recv_buff, 0, Size); // æ¥æ”¶ç»“æŸåæ¸…ç©ºbuffer,å¯¹äº
 138:bsp/usart/bsp_usart.c ****             }
 139:bsp/usart/bsp_usart.c ****             HAL_UARTEx_ReceiveToIdle_DMA(usart_instance[i]->usart_handle, usart_instance[i]->recv_b
 140:bsp/usart/bsp_usart.c ****             // HAL_UARTEx_ReceiveToIdle_IT(usart_instance[i]->usart_handle, usart_instance[i]->recv
 141:bsp/usart/bsp_usart.c ****             __HAL_DMA_DISABLE_IT(usart_instance[i]->usart_handle->hdmarx, DMA_IT_HT);
 462              		.loc 1 141 13 discriminator 29 view .LVU114
 463 0008 1A68     		ldr	r2, [r3]
 464 000a 22F00802 		bic	r2, r2, #8
 465 000e 1A60     		str	r2, [r3]
 466              	.L32:
 467              		.loc 1 141 13 discriminator 29 view .LVU115
 468              	.LBE3:
 142:bsp/usart/bsp_usart.c ****             return; // break the loop
 143:bsp/usart/bsp_usart.c ****         }
 144:bsp/usart/bsp_usart.c ****     }
 145:bsp/usart/bsp_usart.c **** }
 469              		.loc 1 145 1 view .LVU116
 470 0010 38BD     		pop	{r3, r4, r5, pc}
 471              	.LVL37:
 472              	.L34:
 473              	.LBB4:
 129:bsp/usart/bsp_usart.c ****     {
 474              		.loc 1 129 49 is_stmt 1 discriminator 2 view .LVU117
 475 0012 0133     		adds	r3, r3, #1
ARM GAS  C:\Users\blue\AppData\Local\Temp\ccSfusHH.s 			page 12


 476              	.LVL38:
 129:bsp/usart/bsp_usart.c ****     {
 477              		.loc 1 129 49 is_stmt 0 discriminator 2 view .LVU118
 478 0014 DBB2     		uxtb	r3, r3
 479              	.LVL39:
 480              	.L33:
 129:bsp/usart/bsp_usart.c ****     {
 481              		.loc 1 129 25 is_stmt 1 discriminator 1 view .LVU119
 129:bsp/usart/bsp_usart.c ****     {
 482              		.loc 1 129 27 is_stmt 0 discriminator 1 view .LVU120
 483 0016 2D4A     		ldr	r2, .L42
 484 0018 92F800C0 		ldrb	ip, [r2]	@ zero_extendqisi2
 129:bsp/usart/bsp_usart.c ****     {
 485              		.loc 1 129 5 discriminator 1 view .LVU121
 486 001c 9C45     		cmp	ip, r3
 487 001e F7D9     		bls	.L32
 131:bsp/usart/bsp_usart.c ****         {
 488              		.loc 1 131 9 is_stmt 1 view .LVU122
 131:bsp/usart/bsp_usart.c ****         {
 489              		.loc 1 131 36 is_stmt 0 view .LVU123
 490 0020 1D46     		mov	r5, r3
 491 0022 2B4A     		ldr	r2, .L42+4
 492 0024 52F82320 		ldr	r2, [r2, r3, lsl #2]
 131:bsp/usart/bsp_usart.c ****         {
 493              		.loc 1 131 12 view .LVU124
 494 0028 9168     		ldr	r1, [r2, #8]
 495 002a 8142     		cmp	r1, r0
 496 002c F1D1     		bne	.L34
 133:bsp/usart/bsp_usart.c ****             {
 497              		.loc 1 133 13 is_stmt 1 view .LVU125
 133:bsp/usart/bsp_usart.c ****             {
 498              		.loc 1 133 34 is_stmt 0 view .LVU126
 499 002e D368     		ldr	r3, [r2, #12]
 500              	.LVL40:
 133:bsp/usart/bsp_usart.c ****             {
 501              		.loc 1 133 16 view .LVU127
 502 0030 43B1     		cbz	r3, .L35
 136:bsp/usart/bsp_usart.c ****                 memset(usart_instance[i]->recv_buff, 0, Size); // æ¥æ”¶ç»“æŸåæ¸…ç©ºbuffer,å¯¹äº
 503              		.loc 1 136 17 is_stmt 1 view .LVU128
 504 0032 9847     		blx	r3
 505              	.LVL41:
 137:bsp/usart/bsp_usart.c ****             }
 506              		.loc 1 137 17 view .LVU129
 137:bsp/usart/bsp_usart.c ****             }
 507              		.loc 1 137 38 is_stmt 0 view .LVU130
 508 0034 264B     		ldr	r3, .L42+4
 509 0036 53F82530 		ldr	r3, [r3, r5, lsl #2]
 137:bsp/usart/bsp_usart.c ****             }
 510              		.loc 1 137 17 view .LVU131
 511 003a 2246     		mov	r2, r4
 512 003c 0021     		movs	r1, #0
 513 003e 1868     		ldr	r0, [r3]
 514 0040 FFF7FEFF 		bl	memset
 515              	.LVL42:
 516              	.L35:
 139:bsp/usart/bsp_usart.c ****             // HAL_UARTEx_ReceiveToIdle_IT(usart_instance[i]->usart_handle, usart_instance[i]->recv
 517              		.loc 1 139 13 is_stmt 1 view .LVU132
ARM GAS  C:\Users\blue\AppData\Local\Temp\ccSfusHH.s 			page 13


 139:bsp/usart/bsp_usart.c ****             // HAL_UARTEx_ReceiveToIdle_IT(usart_instance[i]->usart_handle, usart_instance[i]->recv
 518              		.loc 1 139 56 is_stmt 0 view .LVU133
 519 0044 224C     		ldr	r4, .L42+4
 520 0046 54F82530 		ldr	r3, [r4, r5, lsl #2]
 139:bsp/usart/bsp_usart.c ****             // HAL_UARTEx_ReceiveToIdle_IT(usart_instance[i]->usart_handle, usart_instance[i]->recv
 521              		.loc 1 139 13 view .LVU134
 522 004a 1A79     		ldrb	r2, [r3, #4]	@ zero_extendqisi2
 523 004c 1968     		ldr	r1, [r3]
 524 004e 9868     		ldr	r0, [r3, #8]
 525 0050 FFF7FEFF 		bl	HAL_UARTEx_ReceiveToIdle_DMA
 526              	.LVL43:
 141:bsp/usart/bsp_usart.c ****             return; // break the loop
 527              		.loc 1 141 13 is_stmt 1 view .LVU135
 528 0054 54F82530 		ldr	r3, [r4, r5, lsl #2]
 529 0058 9B68     		ldr	r3, [r3, #8]
 530 005a D3F88030 		ldr	r3, [r3, #128]
 531 005e 1B68     		ldr	r3, [r3]
 532 0060 1C49     		ldr	r1, .L42+8
 533 0062 1D4A     		ldr	r2, .L42+12
 534 0064 9342     		cmp	r3, r2
 535 0066 18BF     		it	ne
 536 0068 8B42     		cmpne	r3, r1
 537 006a CDD0     		beq	.L36
 141:bsp/usart/bsp_usart.c ****             return; // break the loop
 538              		.loc 1 141 13 is_stmt 0 discriminator 2 view .LVU136
 539 006c 1832     		adds	r2, r2, #24
 540 006e 9342     		cmp	r3, r2
 541 0070 CAD0     		beq	.L36
 141:bsp/usart/bsp_usart.c ****             return; // break the loop
 542              		.loc 1 141 13 discriminator 4 view .LVU137
 543 0072 1832     		adds	r2, r2, #24
 544 0074 9342     		cmp	r3, r2
 545 0076 C7D0     		beq	.L36
 141:bsp/usart/bsp_usart.c ****             return; // break the loop
 546              		.loc 1 141 13 discriminator 6 view .LVU138
 547 0078 1832     		adds	r2, r2, #24
 548 007a 9342     		cmp	r3, r2
 549 007c C4D0     		beq	.L36
 141:bsp/usart/bsp_usart.c ****             return; // break the loop
 550              		.loc 1 141 13 discriminator 8 view .LVU139
 551 007e 1832     		adds	r2, r2, #24
 552 0080 9342     		cmp	r3, r2
 553 0082 C1D0     		beq	.L36
 141:bsp/usart/bsp_usart.c ****             return; // break the loop
 554              		.loc 1 141 13 discriminator 10 view .LVU140
 555 0084 1832     		adds	r2, r2, #24
 556 0086 9342     		cmp	r3, r2
 557 0088 BED0     		beq	.L36
 141:bsp/usart/bsp_usart.c ****             return; // break the loop
 558              		.loc 1 141 13 discriminator 12 view .LVU141
 559 008a 1832     		adds	r2, r2, #24
 560 008c 9342     		cmp	r3, r2
 561 008e BBD0     		beq	.L36
 141:bsp/usart/bsp_usart.c ****             return; // break the loop
 562              		.loc 1 141 13 discriminator 14 view .LVU142
 563 0090 02F55672 		add	r2, r2, #856
 564 0094 9342     		cmp	r3, r2
ARM GAS  C:\Users\blue\AppData\Local\Temp\ccSfusHH.s 			page 14


 565 0096 B7D0     		beq	.L36
 141:bsp/usart/bsp_usart.c ****             return; // break the loop
 566              		.loc 1 141 13 discriminator 16 view .LVU143
 567 0098 1832     		adds	r2, r2, #24
 568 009a 9342     		cmp	r3, r2
 569 009c B4D0     		beq	.L36
 141:bsp/usart/bsp_usart.c ****             return; // break the loop
 570              		.loc 1 141 13 discriminator 18 view .LVU144
 571 009e 1832     		adds	r2, r2, #24
 572 00a0 9342     		cmp	r3, r2
 573 00a2 B1D0     		beq	.L36
 141:bsp/usart/bsp_usart.c ****             return; // break the loop
 574              		.loc 1 141 13 discriminator 20 view .LVU145
 575 00a4 1832     		adds	r2, r2, #24
 576 00a6 9342     		cmp	r3, r2
 577 00a8 AED0     		beq	.L36
 141:bsp/usart/bsp_usart.c ****             return; // break the loop
 578              		.loc 1 141 13 discriminator 22 view .LVU146
 579 00aa 1832     		adds	r2, r2, #24
 580 00ac 9342     		cmp	r3, r2
 581 00ae ABD0     		beq	.L36
 141:bsp/usart/bsp_usart.c ****             return; // break the loop
 582              		.loc 1 141 13 discriminator 24 view .LVU147
 583 00b0 1832     		adds	r2, r2, #24
 584 00b2 9342     		cmp	r3, r2
 585 00b4 A8D0     		beq	.L36
 141:bsp/usart/bsp_usart.c ****             return; // break the loop
 586              		.loc 1 141 13 discriminator 26 view .LVU148
 587 00b6 1832     		adds	r2, r2, #24
 588 00b8 9342     		cmp	r3, r2
 589 00ba A5D0     		beq	.L36
 141:bsp/usart/bsp_usart.c ****             return; // break the loop
 590              		.loc 1 141 13 discriminator 28 view .LVU149
 591 00bc 1832     		adds	r2, r2, #24
 592 00be 9342     		cmp	r3, r2
 593 00c0 A2D0     		beq	.L36
 141:bsp/usart/bsp_usart.c ****             return; // break the loop
 594              		.loc 1 141 13 discriminator 30 view .LVU150
 595 00c2 1A68     		ldr	r2, [r3]
 596 00c4 22F00402 		bic	r2, r2, #4
 597 00c8 1A60     		str	r2, [r3]
 142:bsp/usart/bsp_usart.c ****         }
 598              		.loc 1 142 13 is_stmt 1 discriminator 30 view .LVU151
 599 00ca A1E7     		b	.L32
 600              	.L43:
 601              		.align	2
 602              	.L42:
 603 00cc 00000000 		.word	.LANCHOR1
 604 00d0 00000000 		.word	.LANCHOR2
 605 00d4 10000240 		.word	1073872912
 606 00d8 28000240 		.word	1073872936
 607              	.LBE4:
 608              		.cfi_endproc
 609              	.LFE149:
 611              		.section	.text.HAL_UART_ErrorCallback,"ax",%progbits
 612              		.align	1
 613              		.global	HAL_UART_ErrorCallback
ARM GAS  C:\Users\blue\AppData\Local\Temp\ccSfusHH.s 			page 15


 614              		.syntax unified
 615              		.thumb
 616              		.thumb_func
 618              	HAL_UART_ErrorCallback:
 619              	.LVL44:
 620              	.LFB150:
 146:bsp/usart/bsp_usart.c **** 
 147:bsp/usart/bsp_usart.c **** /**
 148:bsp/usart/bsp_usart.c ****  * @brief å½“ä¸²å£å‘é€/æ¥æ”¶å‡ºç°é”™è¯¯æ—¶,ä¼šè°ƒç”¨æ­¤å‡½æ•°,æ­¤æ—¶è¿™ä¸ªå‡½æ•°è¦åšçš„å°±æ˜
 149:bsp/usart/bsp_usart.c ****  *
 150:bsp/usart/bsp_usart.c ****  * @note  æœ€å¸¸è§çš„é”™è¯¯:å¥‡å¶æ ¡éªŒ/æº¢å‡º/å¸§é”™è¯¯
 151:bsp/usart/bsp_usart.c ****  *
 152:bsp/usart/bsp_usart.c ****  * @param huart å‘ç”Ÿé”™è¯¯çš„ä¸²å£
 153:bsp/usart/bsp_usart.c ****  */
 154:bsp/usart/bsp_usart.c **** void HAL_UART_ErrorCallback(UART_HandleTypeDef *huart)
 155:bsp/usart/bsp_usart.c **** {
 621              		.loc 1 155 1 view -0
 622              		.cfi_startproc
 623              		@ args = 0, pretend = 0, frame = 0
 624              		@ frame_needed = 0, uses_anonymous_args = 0
 625              		.loc 1 155 1 is_stmt 0 view .LVU153
 626 0000 70B5     		push	{r4, r5, r6, lr}
 627              	.LCFI4:
 628              		.cfi_def_cfa_offset 16
 629              		.cfi_offset 4, -16
 630              		.cfi_offset 5, -12
 631              		.cfi_offset 6, -8
 632              		.cfi_offset 14, -4
 633 0002 0446     		mov	r4, r0
 156:bsp/usart/bsp_usart.c ****     for (uint8_t i = 0; i < usart_instance_idx; ++i)
 634              		.loc 1 156 5 is_stmt 1 view .LVU154
 635              	.LBB5:
 636              		.loc 1 156 10 view .LVU155
 637              	.LVL45:
 638              		.loc 1 156 18 is_stmt 0 view .LVU156
 639 0004 0023     		movs	r3, #0
 640              		.loc 1 156 5 view .LVU157
 641 0006 16E0     		b	.L45
 642              	.LVL46:
 643              	.L55:
 644              	.LBB6:
 157:bsp/usart/bsp_usart.c ****     {
 158:bsp/usart/bsp_usart.c ****         if (huart == usart_instance[i]->usart_handle)
 159:bsp/usart/bsp_usart.c ****         {
 160:bsp/usart/bsp_usart.c ****             uint32_t error = HAL_UART_GetError(huart);
 161:bsp/usart/bsp_usart.c ****             if (error & HAL_UART_ERROR_ORE)
 162:bsp/usart/bsp_usart.c ****             {
 163:bsp/usart/bsp_usart.c ****                 // æº¢å‡ºé”™è¯¯ï¼Œå¯èƒ½éœ€è¦æ¸…ç©ºæ¥æ”¶ç¼“å†²åŒº
 164:bsp/usart/bsp_usart.c ****                 __HAL_UART_CLEAR_OREFLAG(huart);
 645              		.loc 1 164 17 is_stmt 1 view .LVU158
 646 0008 2368     		ldr	r3, [r4]
 647 000a 0822     		movs	r2, #8
 648 000c 1A62     		str	r2, [r3, #32]
 165:bsp/usart/bsp_usart.c ****                 memset(usart_instance[i]->recv_buff, 0, usart_instance[i]->recv_buff_size);
 649              		.loc 1 165 17 view .LVU159
 650              		.loc 1 165 38 is_stmt 0 view .LVU160
 651 000e 364B     		ldr	r3, .L57
ARM GAS  C:\Users\blue\AppData\Local\Temp\ccSfusHH.s 			page 16


 652 0010 53F82530 		ldr	r3, [r3, r5, lsl #2]
 653              		.loc 1 165 17 view .LVU161
 654 0014 1A79     		ldrb	r2, [r3, #4]	@ zero_extendqisi2
 655 0016 0021     		movs	r1, #0
 656 0018 1868     		ldr	r0, [r3]
 657              	.LVL47:
 658              		.loc 1 165 17 view .LVU162
 659 001a FFF7FEFF 		bl	memset
 660              	.LVL48:
 661 001e 1CE0     		b	.L47
 662              	.L56:
 166:bsp/usart/bsp_usart.c ****             }
 167:bsp/usart/bsp_usart.c **** 
 168:bsp/usart/bsp_usart.c ****             if (error & HAL_UART_ERROR_FE)
 169:bsp/usart/bsp_usart.c ****             {
 170:bsp/usart/bsp_usart.c ****                 // å¸§é”™è¯¯ï¼Œå¯èƒ½éœ€è¦é‡æ–°åŒæ­¥
 171:bsp/usart/bsp_usart.c ****                 HAL_UART_AbortReceive(huart);
 663              		.loc 1 171 17 is_stmt 1 view .LVU163
 664 0020 2046     		mov	r0, r4
 665 0022 FFF7FEFF 		bl	HAL_UART_AbortReceive
 666              	.LVL49:
 667 0026 1BE0     		b	.L48
 668              	.LVL50:
 669              	.L49:
 172:bsp/usart/bsp_usart.c ****             }
 173:bsp/usart/bsp_usart.c **** 
 174:bsp/usart/bsp_usart.c ****             if (error & HAL_UART_ERROR_NE || error & HAL_UART_ERROR_PE)
 175:bsp/usart/bsp_usart.c ****             {
 176:bsp/usart/bsp_usart.c ****                 // å™ªå£°é”™è¯¯æˆ–å¥‡å¶æ ¡éªŒé”™è¯¯ï¼Œå¯èƒ½éœ€è¦è°ƒæ•´æ³¢ç‰¹ç‡æˆ–æ ¡éªŒè®¾ç½®
 177:bsp/usart/bsp_usart.c ****                 // è¿™é‡Œä»…è®°å½•ï¼Œå®é™…è°ƒæ•´éœ€è¦æ›´å¤æ‚çš„é€»è¾‘
 178:bsp/usart/bsp_usart.c ****             }
 179:bsp/usart/bsp_usart.c **** 
 180:bsp/usart/bsp_usart.c ****             // HAL_UARTEx_ReceiveToIdle_IT(usart_instance[i]->usart_handle, usart_instance[i]->recv
 181:bsp/usart/bsp_usart.c ****             HAL_UARTEx_ReceiveToIdle_DMA(usart_instance[i]->usart_handle, usart_instance[i]->recv_b
 182:bsp/usart/bsp_usart.c ****             __HAL_DMA_DISABLE_IT(usart_instance[i]->usart_handle->hdmarx, DMA_IT_HT);
 670              		.loc 1 182 13 is_stmt 0 discriminator 29 view .LVU164
 671 0028 1A68     		ldr	r2, [r3]
 672 002a 22F00802 		bic	r2, r2, #8
 673 002e 1A60     		str	r2, [r3]
 674              	.LVL51:
 675              	.L44:
 676              		.loc 1 182 13 discriminator 29 view .LVU165
 677              	.LBE6:
 678              	.LBE5:
 183:bsp/usart/bsp_usart.c ****             return;
 184:bsp/usart/bsp_usart.c ****         }
 185:bsp/usart/bsp_usart.c ****     }
 186:bsp/usart/bsp_usart.c **** }...
 679              		.loc 1 186 1 view .LVU166
 680 0030 70BD     		pop	{r4, r5, r6, pc}
 681              	.LVL52:
 682              	.L46:
 683              	.LBB8:
 156:bsp/usart/bsp_usart.c ****     for (uint8_t i = 0; i < usart_instance_idx; ++i)
 684              		.loc 1 156 49 is_stmt 1 discriminator 2 view .LVU167
 685 0032 0133     		adds	r3, r3, #1
 686              	.LVL53:
ARM GAS  C:\Users\blue\AppData\Local\Temp\ccSfusHH.s 			page 17


 156:bsp/usart/bsp_usart.c ****     for (uint8_t i = 0; i < usart_instance_idx; ++i)
 687              		.loc 1 156 49 is_stmt 0 discriminator 2 view .LVU168
 688 0034 DBB2     		uxtb	r3, r3
 689              	.LVL54:
 690              	.L45:
 156:bsp/usart/bsp_usart.c ****     for (uint8_t i = 0; i < usart_instance_idx; ++i)
 691              		.loc 1 156 25 is_stmt 1 discriminator 1 view .LVU169
 156:bsp/usart/bsp_usart.c ****     for (uint8_t i = 0; i < usart_instance_idx; ++i)
 692              		.loc 1 156 27 is_stmt 0 discriminator 1 view .LVU170
 693 0036 2D4A     		ldr	r2, .L57+4
 694 0038 1278     		ldrb	r2, [r2]	@ zero_extendqisi2
 156:bsp/usart/bsp_usart.c ****     for (uint8_t i = 0; i < usart_instance_idx; ++i)
 695              		.loc 1 156 5 discriminator 1 view .LVU171
 696 003a 9A42     		cmp	r2, r3
 697 003c F8D9     		bls	.L44
 158:bsp/usart/bsp_usart.c ****         if (huart == usart_instance[i]->usart_handle)
 698              		.loc 1 158 9 is_stmt 1 view .LVU172
 158:bsp/usart/bsp_usart.c ****         if (huart == usart_instance[i]->usart_handle)
 699              		.loc 1 158 36 is_stmt 0 view .LVU173
 700 003e 1D46     		mov	r5, r3
 701 0040 294A     		ldr	r2, .L57
 702 0042 52F82320 		ldr	r2, [r2, r3, lsl #2]
 158:bsp/usart/bsp_usart.c ****         if (huart == usart_instance[i]->usart_handle)
 703              		.loc 1 158 39 view .LVU174
 704 0046 9268     		ldr	r2, [r2, #8]
 158:bsp/usart/bsp_usart.c ****         if (huart == usart_instance[i]->usart_handle)
 705              		.loc 1 158 12 view .LVU175
 706 0048 A242     		cmp	r2, r4
 707 004a F2D1     		bne	.L46
 708              	.LBB7:
 160:bsp/usart/bsp_usart.c ****             uint32_t error = HAL_UART_GetError(huart);
 709              		.loc 1 160 13 is_stmt 1 view .LVU176
 160:bsp/usart/bsp_usart.c ****             uint32_t error = HAL_UART_GetError(huart);
 710              		.loc 1 160 30 is_stmt 0 view .LVU177
 711 004c 2046     		mov	r0, r4
 712              	.LVL55:
 160:bsp/usart/bsp_usart.c ****             uint32_t error = HAL_UART_GetError(huart);
 713              		.loc 1 160 30 view .LVU178
 714 004e FFF7FEFF 		bl	HAL_UART_GetError
 715              	.LVL56:
 160:bsp/usart/bsp_usart.c ****             uint32_t error = HAL_UART_GetError(huart);
 716              		.loc 1 160 30 view .LVU179
 717 0052 0646     		mov	r6, r0
 718              	.LVL57:
 161:bsp/usart/bsp_usart.c ****             if (error & HAL_UART_ERROR_ORE)
 719              		.loc 1 161 13 is_stmt 1 view .LVU180
 161:bsp/usart/bsp_usart.c ****             if (error & HAL_UART_ERROR_ORE)
 720              		.loc 1 161 16 is_stmt 0 view .LVU181
 721 0054 10F0080F 		tst	r0, #8
 722 0058 D6D1     		bne	.L55
 723              	.LVL58:
 724              	.L47:
 168:bsp/usart/bsp_usart.c ****             if (error & HAL_UART_ERROR_FE)
 725              		.loc 1 168 13 is_stmt 1 view .LVU182
 168:bsp/usart/bsp_usart.c ****             if (error & HAL_UART_ERROR_FE)
 726              		.loc 1 168 16 is_stmt 0 view .LVU183
 727 005a 16F0040F 		tst	r6, #4
ARM GAS  C:\Users\blue\AppData\Local\Temp\ccSfusHH.s 			page 18


 728 005e DFD1     		bne	.L56
 729              	.L48:
 174:bsp/usart/bsp_usart.c ****             if (error & HAL_UART_ERROR_NE || error & HAL_UART_ERROR_PE)
 730              		.loc 1 174 13 is_stmt 1 view .LVU184
 178:bsp/usart/bsp_usart.c ****             }
 731              		.loc 1 178 13 view .LVU185
 181:bsp/usart/bsp_usart.c ****             HAL_UARTEx_ReceiveToIdle_DMA(usart_instance[i]->usart_handle, usart_instance[i]->recv_b
 732              		.loc 1 181 13 view .LVU186
 181:bsp/usart/bsp_usart.c ****             HAL_UARTEx_ReceiveToIdle_DMA(usart_instance[i]->usart_handle, usart_instance[i]->recv_b
 733              		.loc 1 181 56 is_stmt 0 view .LVU187
 734 0060 214C     		ldr	r4, .L57
 735              	.LVL59:
 181:bsp/usart/bsp_usart.c ****             HAL_UARTEx_ReceiveToIdle_DMA(usart_instance[i]->usart_handle, usart_instance[i]->recv_b
 736              		.loc 1 181 56 view .LVU188
 737 0062 54F82530 		ldr	r3, [r4, r5, lsl #2]
 181:bsp/usart/bsp_usart.c ****             HAL_UARTEx_ReceiveToIdle_DMA(usart_instance[i]->usart_handle, usart_instance[i]->recv_b
 738              		.loc 1 181 13 view .LVU189
 739 0066 1A79     		ldrb	r2, [r3, #4]	@ zero_extendqisi2
 740 0068 1968     		ldr	r1, [r3]
 741 006a 9868     		ldr	r0, [r3, #8]
 742 006c FFF7FEFF 		bl	HAL_UARTEx_ReceiveToIdle_DMA
 743              	.LVL60:
 182:bsp/usart/bsp_usart.c ****             __HAL_DMA_DISABLE_IT(usart_instance[i]->usart_handle->hdmarx, DMA_IT_HT);
 744              		.loc 1 182 13 is_stmt 1 view .LVU190
 745 0070 54F82530 		ldr	r3, [r4, r5, lsl #2]
 746 0074 9B68     		ldr	r3, [r3, #8]
 747 0076 D3F88030 		ldr	r3, [r3, #128]
 748 007a 1B68     		ldr	r3, [r3]
 749 007c 1C49     		ldr	r1, .L57+8
 750 007e 1D4A     		ldr	r2, .L57+12
 751 0080 9342     		cmp	r3, r2
 752 0082 18BF     		it	ne
 753 0084 8B42     		cmpne	r3, r1
 754 0086 CFD0     		beq	.L49
 182:bsp/usart/bsp_usart.c ****             __HAL_DMA_DISABLE_IT(usart_instance[i]->usart_handle->hdmarx, DMA_IT_HT);
 755              		.loc 1 182 13 is_stmt 0 discriminator 2 view .LVU191
 756 0088 1832     		adds	r2, r2, #24
 757 008a 9342     		cmp	r3, r2
 758 008c CCD0     		beq	.L49
 182:bsp/usart/bsp_usart.c ****             __HAL_DMA_DISABLE_IT(usart_instance[i]->usart_handle->hdmarx, DMA_IT_HT);
 759              		.loc 1 182 13 discriminator 4 view .LVU192
 760 008e 1832     		adds	r2, r2, #24
 761 0090 9342     		cmp	r3, r2
 762 0092 C9D0     		beq	.L49
 182:bsp/usart/bsp_usart.c ****             __HAL_DMA_DISABLE_IT(usart_instance[i]->usart_handle->hdmarx, DMA_IT_HT);
 763              		.loc 1 182 13 discriminator 6 view .LVU193
 764 0094 1832     		adds	r2, r2, #24
 765 0096 9342     		cmp	r3, r2
 766 0098 C6D0     		beq	.L49
 182:bsp/usart/bsp_usart.c ****             __HAL_DMA_DISABLE_IT(usart_instance[i]->usart_handle->hdmarx, DMA_IT_HT);
 767              		.loc 1 182 13 discriminator 8 view .LVU194
 768 009a 1832     		adds	r2, r2, #24
 769 009c 9342     		cmp	r3, r2
 770 009e C3D0     		beq	.L49
 182:bsp/usart/bsp_usart.c ****             __HAL_DMA_DISABLE_IT(usart_instance[i]->usart_handle->hdmarx, DMA_IT_HT);
 771              		.loc 1 182 13 discriminator 10 view .LVU195
 772 00a0 1832     		adds	r2, r2, #24
ARM GAS  C:\Users\blue\AppData\Local\Temp\ccSfusHH.s 			page 19


 773 00a2 9342     		cmp	r3, r2
 774 00a4 C0D0     		beq	.L49
 182:bsp/usart/bsp_usart.c ****             __HAL_DMA_DISABLE_IT(usart_instance[i]->usart_handle->hdmarx, DMA_IT_HT);
 775              		.loc 1 182 13 discriminator 12 view .LVU196
 776 00a6 1832     		adds	r2, r2, #24
 777 00a8 9342     		cmp	r3, r2
 778 00aa BDD0     		beq	.L49
 182:bsp/usart/bsp_usart.c ****             __HAL_DMA_DISABLE_IT(usart_instance[i]->usart_handle->hdmarx, DMA_IT_HT);
 779              		.loc 1 182 13 discriminator 14 view .LVU197
 780 00ac 02F55672 		add	r2, r2, #856
 781 00b0 9342     		cmp	r3, r2
 782 00b2 B9D0     		beq	.L49
 182:bsp/usart/bsp_usart.c ****             __HAL_DMA_DISABLE_IT(usart_instance[i]->usart_handle->hdmarx, DMA_IT_HT);
 783              		.loc 1 182 13 discriminator 16 view .LVU198
 784 00b4 1832     		adds	r2, r2, #24
 785 00b6 9342     		cmp	r3, r2
 786 00b8 B6D0     		beq	.L49
 182:bsp/usart/bsp_usart.c ****             __HAL_DMA_DISABLE_IT(usart_instance[i]->usart_handle->hdmarx, DMA_IT_HT);
 787              		.loc 1 182 13 discriminator 18 view .LVU199
 788 00ba 1832     		adds	r2, r2, #24
 789 00bc 9342     		cmp	r3, r2
 790 00be B3D0     		beq	.L49
 182:bsp/usart/bsp_usart.c ****             __HAL_DMA_DISABLE_IT(usart_instance[i]->usart_handle->hdmarx, DMA_IT_HT);
 791              		.loc 1 182 13 discriminator 20 view .LVU200
 792 00c0 1832     		adds	r2, r2, #24
 793 00c2 9342     		cmp	r3, r2
 794 00c4 B0D0     		beq	.L49
 182:bsp/usart/bsp_usart.c ****             __HAL_DMA_DISABLE_IT(usart_instance[i]->usart_handle->hdmarx, DMA_IT_HT);
 795              		.loc 1 182 13 discriminator 22 view .LVU201
 796 00c6 1832     		adds	r2, r2, #24
 797 00c8 9342     		cmp	r3, r2
 798 00ca ADD0     		beq	.L49
 182:bsp/usart/bsp_usart.c ****             __HAL_DMA_DISABLE_IT(usart_instance[i]->usart_handle->hdmarx, DMA_IT_HT);
 799              		.loc 1 182 13 discriminator 24 view .LVU202
 800 00cc 1832     		adds	r2, r2, #24
 801 00ce 9342     		cmp	r3, r2
 802 00d0 AAD0     		beq	.L49
 182:bsp/usart/bsp_usart.c ****             __HAL_DMA_DISABLE_IT(usart_instance[i]->usart_handle->hdmarx, DMA_IT_HT);
 803              		.loc 1 182 13 discriminator 26 view .LVU203
 804 00d2 1832     		adds	r2, r2, #24
 805 00d4 9342     		cmp	r3, r2
 806 00d6 A7D0     		beq	.L49
 182:bsp/usart/bsp_usart.c ****             __HAL_DMA_DISABLE_IT(usart_instance[i]->usart_handle->hdmarx, DMA_IT_HT);
 807              		.loc 1 182 13 discriminator 28 view .LVU204
 808 00d8 1832     		adds	r2, r2, #24
 809 00da 9342     		cmp	r3, r2
 810 00dc A4D0     		beq	.L49
 182:bsp/usart/bsp_usart.c ****             __HAL_DMA_DISABLE_IT(usart_instance[i]->usart_handle->hdmarx, DMA_IT_HT);
 811              		.loc 1 182 13 discriminator 30 view .LVU205
 812 00de 1A68     		ldr	r2, [r3]
 813 00e0 22F00402 		bic	r2, r2, #4
 814 00e4 1A60     		str	r2, [r3]
 183:bsp/usart/bsp_usart.c ****             return;
 815              		.loc 1 183 13 is_stmt 1 discriminator 30 view .LVU206
 816 00e6 A3E7     		b	.L44
 817              	.L58:
 818              		.align	2
ARM GAS  C:\Users\blue\AppData\Local\Temp\ccSfusHH.s 			page 20


 819              	.L57:
 820 00e8 00000000 		.word	.LANCHOR2
 821 00ec 00000000 		.word	.LANCHOR1
 822 00f0 10000240 		.word	1073872912
 823 00f4 28000240 		.word	1073872936
 824              	.LBE7:
 825              	.LBE8:
 826              		.cfi_endproc
 827              	.LFE150:
 829              		.global	my_section_offset
 830              		.global	my_section
 831              		.section	.bss.my_section_offset,"aw",%nobits
 832              		.align	2
 833              		.set	.LANCHOR0,. + 0
 836              	my_section_offset:
 837 0000 00000000 		.space	4
 838              		.section	.bss.usart_instance,"aw",%nobits
 839              		.align	2
 840              		.set	.LANCHOR2,. + 0
 843              	usart_instance:
 844 0000 00000000 		.space	20
 844      00000000 
 844      00000000 
 844      00000000 
 844      00000000 
 845              		.section	.bss.usart_instance_idx,"aw",%nobits
 846              		.set	.LANCHOR1,. + 0
 849              	usart_instance_idx:
 850 0000 00       		.space	1
 851              		.section	.my_section,"aw"
 852              		.align	2
 855              	my_section:
 856 0000 00000000 		.space	524288
 856      00000000 
 856      00000000 
 856      00000000 
 856      00000000 
 857              		.text
 858              	.Letext0:
 859              		.file 2 "d:\\rm\\arm-gnu-toolchian\\arm-none-eabi\\include\\machine\\_default_types.h"
 860              		.file 3 "d:\\rm\\arm-gnu-toolchian\\arm-none-eabi\\include\\sys\\_stdint.h"
 861              		.file 4 "Drivers/CMSIS/Device/ST/STM32H7xx/Include/stm32h743xx.h"
 862              		.file 5 "d:\\rm\\arm-gnu-toolchian\\lib\\gcc\\arm-none-eabi\\10.3.1\\include\\stddef.h"
 863              		.file 6 "Drivers/STM32H7xx_HAL_Driver/Inc/stm32h7xx_hal_def.h"
 864              		.file 7 "Drivers/STM32H7xx_HAL_Driver/Inc/stm32h7xx_hal_dma.h"
 865              		.file 8 "Drivers/STM32H7xx_HAL_Driver/Inc/stm32h7xx_hal_uart.h"
 866              		.file 9 "bsp/usart/bsp_usart.h"
 867              		.file 10 "Drivers/STM32H7xx_HAL_Driver/Inc/stm32h7xx_hal_uart_ex.h"
 868              		.file 11 "<built-in>"
ARM GAS  C:\Users\blue\AppData\Local\Temp\ccSfusHH.s 			page 21


DEFINED SYMBOLS
                            *ABS*:00000000 bsp_usart.c
C:\Users\blue\AppData\Local\Temp\ccSfusHH.s:19     .text.my_malloc:00000000 $t
C:\Users\blue\AppData\Local\Temp\ccSfusHH.s:25     .text.my_malloc:00000000 my_malloc
C:\Users\blue\AppData\Local\Temp\ccSfusHH.s:66     .text.my_malloc:0000001c $d
C:\Users\blue\AppData\Local\Temp\ccSfusHH.s:855    .my_section:00000000 my_section
C:\Users\blue\AppData\Local\Temp\ccSfusHH.s:72     .text.USARTServiceInit:00000000 $t
C:\Users\blue\AppData\Local\Temp\ccSfusHH.s:78     .text.USARTServiceInit:00000000 USARTServiceInit
C:\Users\blue\AppData\Local\Temp\ccSfusHH.s:185    .text.USARTServiceInit:0000008c $d
C:\Users\blue\AppData\Local\Temp\ccSfusHH.s:191    .text.USARTRegister:00000000 $t
C:\Users\blue\AppData\Local\Temp\ccSfusHH.s:197    .text.USARTRegister:00000000 USARTRegister
C:\Users\blue\AppData\Local\Temp\ccSfusHH.s:326    .text.USARTRegister:00000068 $d
C:\Users\blue\AppData\Local\Temp\ccSfusHH.s:332    .text.USARTSend:00000000 $t
C:\Users\blue\AppData\Local\Temp\ccSfusHH.s:338    .text.USARTSend:00000000 USARTSend
C:\Users\blue\AppData\Local\Temp\ccSfusHH.s:401    .text.USARTIsReady:00000000 $t
C:\Users\blue\AppData\Local\Temp\ccSfusHH.s:407    .text.USARTIsReady:00000000 USARTIsReady
C:\Users\blue\AppData\Local\Temp\ccSfusHH.s:430    .text.HAL_UARTEx_RxEventCallback:00000000 $t
C:\Users\blue\AppData\Local\Temp\ccSfusHH.s:436    .text.HAL_UARTEx_RxEventCallback:00000000 HAL_UARTEx_RxEventCallback
C:\Users\blue\AppData\Local\Temp\ccSfusHH.s:603    .text.HAL_UARTEx_RxEventCallback:000000cc $d
C:\Users\blue\AppData\Local\Temp\ccSfusHH.s:612    .text.HAL_UART_ErrorCallback:00000000 $t
C:\Users\blue\AppData\Local\Temp\ccSfusHH.s:618    .text.HAL_UART_ErrorCallback:00000000 HAL_UART_ErrorCallback
C:\Users\blue\AppData\Local\Temp\ccSfusHH.s:820    .text.HAL_UART_ErrorCallback:000000e8 $d
C:\Users\blue\AppData\Local\Temp\ccSfusHH.s:836    .bss.my_section_offset:00000000 my_section_offset
C:\Users\blue\AppData\Local\Temp\ccSfusHH.s:832    .bss.my_section_offset:00000000 $d
C:\Users\blue\AppData\Local\Temp\ccSfusHH.s:839    .bss.usart_instance:00000000 $d
C:\Users\blue\AppData\Local\Temp\ccSfusHH.s:843    .bss.usart_instance:00000000 usart_instance
C:\Users\blue\AppData\Local\Temp\ccSfusHH.s:849    .bss.usart_instance_idx:00000000 usart_instance_idx
C:\Users\blue\AppData\Local\Temp\ccSfusHH.s:850    .bss.usart_instance_idx:00000000 $d
C:\Users\blue\AppData\Local\Temp\ccSfusHH.s:852    .my_section:00000000 $d

UNDEFINED SYMBOLS
HAL_UARTEx_ReceiveToIdle_DMA
HAL_UART_Transmit
HAL_UART_Transmit_IT
HAL_UART_Transmit_DMA
memset
HAL_UART_AbortReceive
HAL_UART_GetError
