ARM GAS  C:\Users\blue\AppData\Local\Temp\ccL99Kng.s 			page 1


   1              		.cpu cortex-m7
   2              		.arch armv7e-m
   3              		.fpu fpv5-d16
   4              		.eabi_attribute 28, 1
   5              		.eabi_attribute 20, 1
   6              		.eabi_attribute 21, 1
   7              		.eabi_attribute 23, 3
   8              		.eabi_attribute 24, 1
   9              		.eabi_attribute 25, 1
  10              		.eabi_attribute 26, 1
  11              		.eabi_attribute 30, 1
  12              		.eabi_attribute 34, 1
  13              		.eabi_attribute 18, 4
  14              		.file	"fdcan.c"
  15              		.text
  16              	.Ltext0:
  17              		.cfi_sections	.debug_frame
  18              		.section	.text.MX_FDCAN1_Init,"ax",%progbits
  19              		.align	1
  20              		.global	MX_FDCAN1_Init
  21              		.syntax unified
  22              		.thumb
  23              		.thumb_func
  25              	MX_FDCAN1_Init:
  26              	.LFB144:
  27              		.file 1 "Core/Src/fdcan.c"
   1:Core/Src/fdcan.c **** /* USER CODE BEGIN Header */
   2:Core/Src/fdcan.c **** /**
   3:Core/Src/fdcan.c ****   ******************************************************************************
   4:Core/Src/fdcan.c ****   * @file    fdcan.c
   5:Core/Src/fdcan.c ****   * @brief   This file provides code for the configuration
   6:Core/Src/fdcan.c ****   *          of the FDCAN instances.
   7:Core/Src/fdcan.c ****   ******************************************************************************
   8:Core/Src/fdcan.c ****   * @attention
   9:Core/Src/fdcan.c ****   *
  10:Core/Src/fdcan.c ****   * Copyright (c) 2024 STMicroelectronics.
  11:Core/Src/fdcan.c ****   * All rights reserved.
  12:Core/Src/fdcan.c ****   *
  13:Core/Src/fdcan.c ****   * This software is licensed under terms that can be found in the LICENSE file
  14:Core/Src/fdcan.c ****   * in the root directory of this software component.
  15:Core/Src/fdcan.c ****   * If no LICENSE file comes with this software, it is provided AS-IS.
  16:Core/Src/fdcan.c ****   *
  17:Core/Src/fdcan.c ****   ******************************************************************************
  18:Core/Src/fdcan.c ****   */
  19:Core/Src/fdcan.c **** /* USER CODE END Header */
  20:Core/Src/fdcan.c **** /* Includes ------------------------------------------------------------------*/
  21:Core/Src/fdcan.c **** #include "fdcan.h"
  22:Core/Src/fdcan.c **** 
  23:Core/Src/fdcan.c **** /* USER CODE BEGIN 0 */
  24:Core/Src/fdcan.c **** 
  25:Core/Src/fdcan.c **** /* USER CODE END 0 */
  26:Core/Src/fdcan.c **** 
  27:Core/Src/fdcan.c **** FDCAN_HandleTypeDef hfdcan1;
  28:Core/Src/fdcan.c **** FDCAN_HandleTypeDef hfdcan2;
  29:Core/Src/fdcan.c **** 
  30:Core/Src/fdcan.c **** /* FDCAN1 init function */
  31:Core/Src/fdcan.c **** void MX_FDCAN1_Init(void)
ARM GAS  C:\Users\blue\AppData\Local\Temp\ccL99Kng.s 			page 2


  32:Core/Src/fdcan.c **** {
  28              		.loc 1 32 1 view -0
  29              		.cfi_startproc
  30              		@ args = 0, pretend = 0, frame = 0
  31              		@ frame_needed = 0, uses_anonymous_args = 0
  32 0000 08B5     		push	{r3, lr}
  33              	.LCFI0:
  34              		.cfi_def_cfa_offset 8
  35              		.cfi_offset 3, -8
  36              		.cfi_offset 14, -4
  33:Core/Src/fdcan.c **** 
  34:Core/Src/fdcan.c ****   /* USER CODE BEGIN FDCAN1_Init 0 */
  35:Core/Src/fdcan.c **** 
  36:Core/Src/fdcan.c ****   /* USER CODE END FDCAN1_Init 0 */
  37:Core/Src/fdcan.c **** 
  38:Core/Src/fdcan.c ****   /* USER CODE BEGIN FDCAN1_Init 1 */
  39:Core/Src/fdcan.c **** 
  40:Core/Src/fdcan.c ****   /* USER CODE END FDCAN1_Init 1 */
  41:Core/Src/fdcan.c ****   hfdcan1.Instance = FDCAN1;
  37              		.loc 1 41 3 view .LVU1
  38              		.loc 1 41 20 is_stmt 0 view .LVU2
  39 0002 1548     		ldr	r0, .L5
  40 0004 154B     		ldr	r3, .L5+4
  41 0006 0360     		str	r3, [r0]
  42:Core/Src/fdcan.c ****   hfdcan1.Init.FrameFormat = FDCAN_FRAME_CLASSIC;
  42              		.loc 1 42 3 is_stmt 1 view .LVU3
  43              		.loc 1 42 28 is_stmt 0 view .LVU4
  44 0008 0023     		movs	r3, #0
  45 000a 8360     		str	r3, [r0, #8]
  43:Core/Src/fdcan.c ****   hfdcan1.Init.Mode = FDCAN_MODE_NORMAL;
  46              		.loc 1 43 3 is_stmt 1 view .LVU5
  47              		.loc 1 43 21 is_stmt 0 view .LVU6
  48 000c C360     		str	r3, [r0, #12]
  44:Core/Src/fdcan.c ****   hfdcan1.Init.AutoRetransmission = DISABLE;
  49              		.loc 1 44 3 is_stmt 1 view .LVU7
  50              		.loc 1 44 35 is_stmt 0 view .LVU8
  51 000e 0374     		strb	r3, [r0, #16]
  45:Core/Src/fdcan.c ****   hfdcan1.Init.TransmitPause = DISABLE;
  52              		.loc 1 45 3 is_stmt 1 view .LVU9
  53              		.loc 1 45 30 is_stmt 0 view .LVU10
  54 0010 4374     		strb	r3, [r0, #17]
  46:Core/Src/fdcan.c ****   hfdcan1.Init.ProtocolException = DISABLE;
  55              		.loc 1 46 3 is_stmt 1 view .LVU11
  56              		.loc 1 46 34 is_stmt 0 view .LVU12
  57 0012 8374     		strb	r3, [r0, #18]
  47:Core/Src/fdcan.c ****   hfdcan1.Init.NominalPrescaler = 12;
  58              		.loc 1 47 3 is_stmt 1 view .LVU13
  59              		.loc 1 47 33 is_stmt 0 view .LVU14
  60 0014 0C22     		movs	r2, #12
  61 0016 4261     		str	r2, [r0, #20]
  48:Core/Src/fdcan.c ****   hfdcan1.Init.NominalSyncJumpWidth = 1;
  62              		.loc 1 48 3 is_stmt 1 view .LVU15
  63              		.loc 1 48 37 is_stmt 0 view .LVU16
  64 0018 0122     		movs	r2, #1
  65 001a 8261     		str	r2, [r0, #24]
  49:Core/Src/fdcan.c ****   hfdcan1.Init.NominalTimeSeg1 = 7;
  66              		.loc 1 49 3 is_stmt 1 view .LVU17
ARM GAS  C:\Users\blue\AppData\Local\Temp\ccL99Kng.s 			page 3


  67              		.loc 1 49 32 is_stmt 0 view .LVU18
  68 001c 0721     		movs	r1, #7
  69 001e C161     		str	r1, [r0, #28]
  50:Core/Src/fdcan.c ****   hfdcan1.Init.NominalTimeSeg2 = 2;
  70              		.loc 1 50 3 is_stmt 1 view .LVU19
  71              		.loc 1 50 32 is_stmt 0 view .LVU20
  72 0020 0221     		movs	r1, #2
  73 0022 0162     		str	r1, [r0, #32]
  51:Core/Src/fdcan.c ****   hfdcan1.Init.DataPrescaler = 1;
  74              		.loc 1 51 3 is_stmt 1 view .LVU21
  75              		.loc 1 51 30 is_stmt 0 view .LVU22
  76 0024 4262     		str	r2, [r0, #36]
  52:Core/Src/fdcan.c ****   hfdcan1.Init.DataSyncJumpWidth = 1;
  77              		.loc 1 52 3 is_stmt 1 view .LVU23
  78              		.loc 1 52 34 is_stmt 0 view .LVU24
  79 0026 8262     		str	r2, [r0, #40]
  53:Core/Src/fdcan.c ****   hfdcan1.Init.DataTimeSeg1 = 1;
  80              		.loc 1 53 3 is_stmt 1 view .LVU25
  81              		.loc 1 53 29 is_stmt 0 view .LVU26
  82 0028 C262     		str	r2, [r0, #44]
  54:Core/Src/fdcan.c ****   hfdcan1.Init.DataTimeSeg2 = 1;
  83              		.loc 1 54 3 is_stmt 1 view .LVU27
  84              		.loc 1 54 29 is_stmt 0 view .LVU28
  85 002a 0263     		str	r2, [r0, #48]
  55:Core/Src/fdcan.c ****   hfdcan1.Init.MessageRAMOffset = 0;
  86              		.loc 1 55 3 is_stmt 1 view .LVU29
  87              		.loc 1 55 33 is_stmt 0 view .LVU30
  88 002c 4363     		str	r3, [r0, #52]
  56:Core/Src/fdcan.c ****   hfdcan1.Init.StdFiltersNbr = 0;
  89              		.loc 1 56 3 is_stmt 1 view .LVU31
  90              		.loc 1 56 30 is_stmt 0 view .LVU32
  91 002e 8363     		str	r3, [r0, #56]
  57:Core/Src/fdcan.c ****   hfdcan1.Init.ExtFiltersNbr = 0;
  92              		.loc 1 57 3 is_stmt 1 view .LVU33
  93              		.loc 1 57 30 is_stmt 0 view .LVU34
  94 0030 C363     		str	r3, [r0, #60]
  58:Core/Src/fdcan.c ****   hfdcan1.Init.RxFifo0ElmtsNbr = 0;
  95              		.loc 1 58 3 is_stmt 1 view .LVU35
  96              		.loc 1 58 32 is_stmt 0 view .LVU36
  97 0032 0364     		str	r3, [r0, #64]
  59:Core/Src/fdcan.c ****   hfdcan1.Init.RxFifo0ElmtSize = FDCAN_DATA_BYTES_8;
  98              		.loc 1 59 3 is_stmt 1 view .LVU37
  99              		.loc 1 59 32 is_stmt 0 view .LVU38
 100 0034 0422     		movs	r2, #4
 101 0036 4264     		str	r2, [r0, #68]
  60:Core/Src/fdcan.c ****   hfdcan1.Init.RxFifo1ElmtsNbr = 0;
 102              		.loc 1 60 3 is_stmt 1 view .LVU39
 103              		.loc 1 60 32 is_stmt 0 view .LVU40
 104 0038 8364     		str	r3, [r0, #72]
  61:Core/Src/fdcan.c ****   hfdcan1.Init.RxFifo1ElmtSize = FDCAN_DATA_BYTES_8;
 105              		.loc 1 61 3 is_stmt 1 view .LVU41
 106              		.loc 1 61 32 is_stmt 0 view .LVU42
 107 003a C264     		str	r2, [r0, #76]
  62:Core/Src/fdcan.c ****   hfdcan1.Init.RxBuffersNbr = 0;
 108              		.loc 1 62 3 is_stmt 1 view .LVU43
 109              		.loc 1 62 29 is_stmt 0 view .LVU44
 110 003c 0365     		str	r3, [r0, #80]
ARM GAS  C:\Users\blue\AppData\Local\Temp\ccL99Kng.s 			page 4


  63:Core/Src/fdcan.c ****   hfdcan1.Init.RxBufferSize = FDCAN_DATA_BYTES_8;
 111              		.loc 1 63 3 is_stmt 1 view .LVU45
 112              		.loc 1 63 29 is_stmt 0 view .LVU46
 113 003e 4265     		str	r2, [r0, #84]
  64:Core/Src/fdcan.c ****   hfdcan1.Init.TxEventsNbr = 0;
 114              		.loc 1 64 3 is_stmt 1 view .LVU47
 115              		.loc 1 64 28 is_stmt 0 view .LVU48
 116 0040 8365     		str	r3, [r0, #88]
  65:Core/Src/fdcan.c ****   hfdcan1.Init.TxBuffersNbr = 0;
 117              		.loc 1 65 3 is_stmt 1 view .LVU49
 118              		.loc 1 65 29 is_stmt 0 view .LVU50
 119 0042 C365     		str	r3, [r0, #92]
  66:Core/Src/fdcan.c ****   hfdcan1.Init.TxFifoQueueElmtsNbr = 0;
 120              		.loc 1 66 3 is_stmt 1 view .LVU51
 121              		.loc 1 66 36 is_stmt 0 view .LVU52
 122 0044 0366     		str	r3, [r0, #96]
  67:Core/Src/fdcan.c ****   hfdcan1.Init.TxFifoQueueMode = FDCAN_TX_FIFO_OPERATION;
 123              		.loc 1 67 3 is_stmt 1 view .LVU53
 124              		.loc 1 67 32 is_stmt 0 view .LVU54
 125 0046 4366     		str	r3, [r0, #100]
  68:Core/Src/fdcan.c ****   hfdcan1.Init.TxElmtSize = FDCAN_DATA_BYTES_8;
 126              		.loc 1 68 3 is_stmt 1 view .LVU55
 127              		.loc 1 68 27 is_stmt 0 view .LVU56
 128 0048 8266     		str	r2, [r0, #104]
  69:Core/Src/fdcan.c ****   if (HAL_FDCAN_Init(&hfdcan1) != HAL_OK)
 129              		.loc 1 69 3 is_stmt 1 view .LVU57
 130              		.loc 1 69 7 is_stmt 0 view .LVU58
 131 004a FFF7FEFF 		bl	HAL_FDCAN_Init
 132              	.LVL0:
 133              		.loc 1 69 6 view .LVU59
 134 004e 00B9     		cbnz	r0, .L4
 135              	.L1:
  70:Core/Src/fdcan.c ****   {
  71:Core/Src/fdcan.c ****     Error_Handler();
  72:Core/Src/fdcan.c ****   }
  73:Core/Src/fdcan.c ****   /* USER CODE BEGIN FDCAN1_Init 2 */
  74:Core/Src/fdcan.c **** 
  75:Core/Src/fdcan.c ****   /* USER CODE END FDCAN1_Init 2 */
  76:Core/Src/fdcan.c **** 
  77:Core/Src/fdcan.c **** }
 136              		.loc 1 77 1 view .LVU60
 137 0050 08BD     		pop	{r3, pc}
 138              	.L4:
  71:Core/Src/fdcan.c ****   }
 139              		.loc 1 71 5 is_stmt 1 view .LVU61
 140 0052 FFF7FEFF 		bl	Error_Handler
 141              	.LVL1:
 142              		.loc 1 77 1 is_stmt 0 view .LVU62
 143 0056 FBE7     		b	.L1
 144              	.L6:
 145              		.align	2
 146              	.L5:
 147 0058 00000000 		.word	.LANCHOR0
 148 005c 00A00040 		.word	1073782784
 149              		.cfi_endproc
 150              	.LFE144:
 152              		.section	.text.MX_FDCAN2_Init,"ax",%progbits
ARM GAS  C:\Users\blue\AppData\Local\Temp\ccL99Kng.s 			page 5


 153              		.align	1
 154              		.global	MX_FDCAN2_Init
 155              		.syntax unified
 156              		.thumb
 157              		.thumb_func
 159              	MX_FDCAN2_Init:
 160              	.LFB145:
  78:Core/Src/fdcan.c **** /* FDCAN2 init function */
  79:Core/Src/fdcan.c **** void MX_FDCAN2_Init(void)
  80:Core/Src/fdcan.c **** {
 161              		.loc 1 80 1 is_stmt 1 view -0
 162              		.cfi_startproc
 163              		@ args = 0, pretend = 0, frame = 0
 164              		@ frame_needed = 0, uses_anonymous_args = 0
 165 0000 08B5     		push	{r3, lr}
 166              	.LCFI1:
 167              		.cfi_def_cfa_offset 8
 168              		.cfi_offset 3, -8
 169              		.cfi_offset 14, -4
  81:Core/Src/fdcan.c **** 
  82:Core/Src/fdcan.c ****   /* USER CODE BEGIN FDCAN2_Init 0 */
  83:Core/Src/fdcan.c **** 
  84:Core/Src/fdcan.c ****   /* USER CODE END FDCAN2_Init 0 */
  85:Core/Src/fdcan.c **** 
  86:Core/Src/fdcan.c ****   /* USER CODE BEGIN FDCAN2_Init 1 */
  87:Core/Src/fdcan.c **** 
  88:Core/Src/fdcan.c ****   /* USER CODE END FDCAN2_Init 1 */
  89:Core/Src/fdcan.c ****   hfdcan2.Instance = FDCAN2;
 170              		.loc 1 89 3 view .LVU64
 171              		.loc 1 89 20 is_stmt 0 view .LVU65
 172 0002 1548     		ldr	r0, .L11
 173 0004 154B     		ldr	r3, .L11+4
 174 0006 0360     		str	r3, [r0]
  90:Core/Src/fdcan.c ****   hfdcan2.Init.FrameFormat = FDCAN_FRAME_CLASSIC;
 175              		.loc 1 90 3 is_stmt 1 view .LVU66
 176              		.loc 1 90 28 is_stmt 0 view .LVU67
 177 0008 0023     		movs	r3, #0
 178 000a 8360     		str	r3, [r0, #8]
  91:Core/Src/fdcan.c ****   hfdcan2.Init.Mode = FDCAN_MODE_NORMAL;
 179              		.loc 1 91 3 is_stmt 1 view .LVU68
 180              		.loc 1 91 21 is_stmt 0 view .LVU69
 181 000c C360     		str	r3, [r0, #12]
  92:Core/Src/fdcan.c ****   hfdcan2.Init.AutoRetransmission = ENABLE;
 182              		.loc 1 92 3 is_stmt 1 view .LVU70
 183              		.loc 1 92 35 is_stmt 0 view .LVU71
 184 000e 0122     		movs	r2, #1
 185 0010 0274     		strb	r2, [r0, #16]
  93:Core/Src/fdcan.c ****   hfdcan2.Init.TransmitPause = DISABLE;
 186              		.loc 1 93 3 is_stmt 1 view .LVU72
 187              		.loc 1 93 30 is_stmt 0 view .LVU73
 188 0012 4374     		strb	r3, [r0, #17]
  94:Core/Src/fdcan.c ****   hfdcan2.Init.ProtocolException = DISABLE;
 189              		.loc 1 94 3 is_stmt 1 view .LVU74
 190              		.loc 1 94 34 is_stmt 0 view .LVU75
 191 0014 8374     		strb	r3, [r0, #18]
  95:Core/Src/fdcan.c ****   hfdcan2.Init.NominalPrescaler = 12;
 192              		.loc 1 95 3 is_stmt 1 view .LVU76
ARM GAS  C:\Users\blue\AppData\Local\Temp\ccL99Kng.s 			page 6


 193              		.loc 1 95 33 is_stmt 0 view .LVU77
 194 0016 0C21     		movs	r1, #12
 195 0018 4161     		str	r1, [r0, #20]
  96:Core/Src/fdcan.c ****   hfdcan2.Init.NominalSyncJumpWidth = 1;
 196              		.loc 1 96 3 is_stmt 1 view .LVU78
 197              		.loc 1 96 37 is_stmt 0 view .LVU79
 198 001a 8261     		str	r2, [r0, #24]
  97:Core/Src/fdcan.c ****   hfdcan2.Init.NominalTimeSeg1 = 7;
 199              		.loc 1 97 3 is_stmt 1 view .LVU80
 200              		.loc 1 97 32 is_stmt 0 view .LVU81
 201 001c 0721     		movs	r1, #7
 202 001e C161     		str	r1, [r0, #28]
  98:Core/Src/fdcan.c ****   hfdcan2.Init.NominalTimeSeg2 = 2;
 203              		.loc 1 98 3 is_stmt 1 view .LVU82
 204              		.loc 1 98 32 is_stmt 0 view .LVU83
 205 0020 0221     		movs	r1, #2
 206 0022 0162     		str	r1, [r0, #32]
  99:Core/Src/fdcan.c ****   hfdcan2.Init.DataPrescaler = 1;
 207              		.loc 1 99 3 is_stmt 1 view .LVU84
 208              		.loc 1 99 30 is_stmt 0 view .LVU85
 209 0024 4262     		str	r2, [r0, #36]
 100:Core/Src/fdcan.c ****   hfdcan2.Init.DataSyncJumpWidth = 1;
 210              		.loc 1 100 3 is_stmt 1 view .LVU86
 211              		.loc 1 100 34 is_stmt 0 view .LVU87
 212 0026 8262     		str	r2, [r0, #40]
 101:Core/Src/fdcan.c ****   hfdcan2.Init.DataTimeSeg1 = 1;
 213              		.loc 1 101 3 is_stmt 1 view .LVU88
 214              		.loc 1 101 29 is_stmt 0 view .LVU89
 215 0028 C262     		str	r2, [r0, #44]
 102:Core/Src/fdcan.c ****   hfdcan2.Init.DataTimeSeg2 = 1;
 216              		.loc 1 102 3 is_stmt 1 view .LVU90
 217              		.loc 1 102 29 is_stmt 0 view .LVU91
 218 002a 0263     		str	r2, [r0, #48]
 103:Core/Src/fdcan.c ****   hfdcan2.Init.MessageRAMOffset = 0;
 219              		.loc 1 103 3 is_stmt 1 view .LVU92
 220              		.loc 1 103 33 is_stmt 0 view .LVU93
 221 002c 4363     		str	r3, [r0, #52]
 104:Core/Src/fdcan.c ****   hfdcan2.Init.StdFiltersNbr = 0;
 222              		.loc 1 104 3 is_stmt 1 view .LVU94
 223              		.loc 1 104 30 is_stmt 0 view .LVU95
 224 002e 8363     		str	r3, [r0, #56]
 105:Core/Src/fdcan.c ****   hfdcan2.Init.ExtFiltersNbr = 0;
 225              		.loc 1 105 3 is_stmt 1 view .LVU96
 226              		.loc 1 105 30 is_stmt 0 view .LVU97
 227 0030 C363     		str	r3, [r0, #60]
 106:Core/Src/fdcan.c ****   hfdcan2.Init.RxFifo0ElmtsNbr = 0;
 228              		.loc 1 106 3 is_stmt 1 view .LVU98
 229              		.loc 1 106 32 is_stmt 0 view .LVU99
 230 0032 0364     		str	r3, [r0, #64]
 107:Core/Src/fdcan.c ****   hfdcan2.Init.RxFifo0ElmtSize = FDCAN_DATA_BYTES_8;
 231              		.loc 1 107 3 is_stmt 1 view .LVU100
 232              		.loc 1 107 32 is_stmt 0 view .LVU101
 233 0034 0422     		movs	r2, #4
 234 0036 4264     		str	r2, [r0, #68]
 108:Core/Src/fdcan.c ****   hfdcan2.Init.RxFifo1ElmtsNbr = 0;
 235              		.loc 1 108 3 is_stmt 1 view .LVU102
 236              		.loc 1 108 32 is_stmt 0 view .LVU103
ARM GAS  C:\Users\blue\AppData\Local\Temp\ccL99Kng.s 			page 7


 237 0038 8364     		str	r3, [r0, #72]
 109:Core/Src/fdcan.c ****   hfdcan2.Init.RxFifo1ElmtSize = FDCAN_DATA_BYTES_8;
 238              		.loc 1 109 3 is_stmt 1 view .LVU104
 239              		.loc 1 109 32 is_stmt 0 view .LVU105
 240 003a C264     		str	r2, [r0, #76]
 110:Core/Src/fdcan.c ****   hfdcan2.Init.RxBuffersNbr = 0;
 241              		.loc 1 110 3 is_stmt 1 view .LVU106
 242              		.loc 1 110 29 is_stmt 0 view .LVU107
 243 003c 0365     		str	r3, [r0, #80]
 111:Core/Src/fdcan.c ****   hfdcan2.Init.RxBufferSize = FDCAN_DATA_BYTES_8;
 244              		.loc 1 111 3 is_stmt 1 view .LVU108
 245              		.loc 1 111 29 is_stmt 0 view .LVU109
 246 003e 4265     		str	r2, [r0, #84]
 112:Core/Src/fdcan.c ****   hfdcan2.Init.TxEventsNbr = 0;
 247              		.loc 1 112 3 is_stmt 1 view .LVU110
 248              		.loc 1 112 28 is_stmt 0 view .LVU111
 249 0040 8365     		str	r3, [r0, #88]
 113:Core/Src/fdcan.c ****   hfdcan2.Init.TxBuffersNbr = 0;
 250              		.loc 1 113 3 is_stmt 1 view .LVU112
 251              		.loc 1 113 29 is_stmt 0 view .LVU113
 252 0042 C365     		str	r3, [r0, #92]
 114:Core/Src/fdcan.c ****   hfdcan2.Init.TxFifoQueueElmtsNbr = 0;
 253              		.loc 1 114 3 is_stmt 1 view .LVU114
 254              		.loc 1 114 36 is_stmt 0 view .LVU115
 255 0044 0366     		str	r3, [r0, #96]
 115:Core/Src/fdcan.c ****   hfdcan2.Init.TxFifoQueueMode = FDCAN_TX_FIFO_OPERATION;
 256              		.loc 1 115 3 is_stmt 1 view .LVU116
 257              		.loc 1 115 32 is_stmt 0 view .LVU117
 258 0046 4366     		str	r3, [r0, #100]
 116:Core/Src/fdcan.c ****   hfdcan2.Init.TxElmtSize = FDCAN_DATA_BYTES_8;
 259              		.loc 1 116 3 is_stmt 1 view .LVU118
 260              		.loc 1 116 27 is_stmt 0 view .LVU119
 261 0048 8266     		str	r2, [r0, #104]
 117:Core/Src/fdcan.c ****   if (HAL_FDCAN_Init(&hfdcan2) != HAL_OK)
 262              		.loc 1 117 3 is_stmt 1 view .LVU120
 263              		.loc 1 117 7 is_stmt 0 view .LVU121
 264 004a FFF7FEFF 		bl	HAL_FDCAN_Init
 265              	.LVL2:
 266              		.loc 1 117 6 view .LVU122
 267 004e 00B9     		cbnz	r0, .L10
 268              	.L7:
 118:Core/Src/fdcan.c ****   {
 119:Core/Src/fdcan.c ****     Error_Handler();
 120:Core/Src/fdcan.c ****   }
 121:Core/Src/fdcan.c ****   /* USER CODE BEGIN FDCAN2_Init 2 */
 122:Core/Src/fdcan.c **** 
 123:Core/Src/fdcan.c ****   /* USER CODE END FDCAN2_Init 2 */
 124:Core/Src/fdcan.c **** 
 125:Core/Src/fdcan.c **** }
 269              		.loc 1 125 1 view .LVU123
 270 0050 08BD     		pop	{r3, pc}
 271              	.L10:
 119:Core/Src/fdcan.c ****   }
 272              		.loc 1 119 5 is_stmt 1 view .LVU124
 273 0052 FFF7FEFF 		bl	Error_Handler
 274              	.LVL3:
 275              		.loc 1 125 1 is_stmt 0 view .LVU125
ARM GAS  C:\Users\blue\AppData\Local\Temp\ccL99Kng.s 			page 8


 276 0056 FBE7     		b	.L7
 277              	.L12:
 278              		.align	2
 279              	.L11:
 280 0058 00000000 		.word	.LANCHOR1
 281 005c 00A40040 		.word	1073783808
 282              		.cfi_endproc
 283              	.LFE145:
 285              		.section	.text.HAL_FDCAN_MspInit,"ax",%progbits
 286              		.align	1
 287              		.global	HAL_FDCAN_MspInit
 288              		.syntax unified
 289              		.thumb
 290              		.thumb_func
 292              	HAL_FDCAN_MspInit:
 293              	.LVL4:
 294              	.LFB146:
 126:Core/Src/fdcan.c **** 
 127:Core/Src/fdcan.c **** static uint32_t HAL_RCC_FDCAN_CLK_ENABLED=0;
 128:Core/Src/fdcan.c **** 
 129:Core/Src/fdcan.c **** void HAL_FDCAN_MspInit(FDCAN_HandleTypeDef* fdcanHandle)
 130:Core/Src/fdcan.c **** {
 295              		.loc 1 130 1 is_stmt 1 view -0
 296              		.cfi_startproc
 297              		@ args = 0, pretend = 0, frame = 232
 298              		@ frame_needed = 0, uses_anonymous_args = 0
 299              		.loc 1 130 1 is_stmt 0 view .LVU127
 300 0000 10B5     		push	{r4, lr}
 301              	.LCFI2:
 302              		.cfi_def_cfa_offset 8
 303              		.cfi_offset 4, -8
 304              		.cfi_offset 14, -4
 305 0002 BAB0     		sub	sp, sp, #232
 306              	.LCFI3:
 307              		.cfi_def_cfa_offset 240
 308 0004 0446     		mov	r4, r0
 131:Core/Src/fdcan.c **** 
 132:Core/Src/fdcan.c ****   GPIO_InitTypeDef GPIO_InitStruct = {0};
 309              		.loc 1 132 3 is_stmt 1 view .LVU128
 310              		.loc 1 132 20 is_stmt 0 view .LVU129
 311 0006 0021     		movs	r1, #0
 312 0008 3591     		str	r1, [sp, #212]
 313 000a 3691     		str	r1, [sp, #216]
 314 000c 3791     		str	r1, [sp, #220]
 315 000e 3891     		str	r1, [sp, #224]
 316 0010 3991     		str	r1, [sp, #228]
 133:Core/Src/fdcan.c ****   RCC_PeriphCLKInitTypeDef PeriphClkInitStruct = {0};
 317              		.loc 1 133 3 is_stmt 1 view .LVU130
 318              		.loc 1 133 28 is_stmt 0 view .LVU131
 319 0012 C022     		movs	r2, #192
 320 0014 04A8     		add	r0, sp, #16
 321              	.LVL5:
 322              		.loc 1 133 28 view .LVU132
 323 0016 FFF7FEFF 		bl	memset
 324              	.LVL6:
 134:Core/Src/fdcan.c ****   if(fdcanHandle->Instance==FDCAN1)
 325              		.loc 1 134 3 is_stmt 1 view .LVU133
ARM GAS  C:\Users\blue\AppData\Local\Temp\ccL99Kng.s 			page 9


 326              		.loc 1 134 17 is_stmt 0 view .LVU134
 327 001a 2368     		ldr	r3, [r4]
 328              		.loc 1 134 5 view .LVU135
 329 001c 4A4A     		ldr	r2, .L27
 330 001e 9342     		cmp	r3, r2
 331 0020 04D0     		beq	.L21
 135:Core/Src/fdcan.c ****   {
 136:Core/Src/fdcan.c ****   /* USER CODE BEGIN FDCAN1_MspInit 0 */
 137:Core/Src/fdcan.c **** 
 138:Core/Src/fdcan.c ****   /* USER CODE END FDCAN1_MspInit 0 */
 139:Core/Src/fdcan.c **** 
 140:Core/Src/fdcan.c ****   /** Initializes the peripherals clock
 141:Core/Src/fdcan.c ****   */
 142:Core/Src/fdcan.c ****     PeriphClkInitStruct.PeriphClockSelection = RCC_PERIPHCLK_FDCAN;
 143:Core/Src/fdcan.c ****     PeriphClkInitStruct.FdcanClockSelection = RCC_FDCANCLKSOURCE_PLL;
 144:Core/Src/fdcan.c ****     if (HAL_RCCEx_PeriphCLKConfig(&PeriphClkInitStruct) != HAL_OK)
 145:Core/Src/fdcan.c ****     {
 146:Core/Src/fdcan.c ****       Error_Handler();
 147:Core/Src/fdcan.c ****     }
 148:Core/Src/fdcan.c **** 
 149:Core/Src/fdcan.c ****     /* FDCAN1 clock enable */
 150:Core/Src/fdcan.c ****     HAL_RCC_FDCAN_CLK_ENABLED++;
 151:Core/Src/fdcan.c ****     if(HAL_RCC_FDCAN_CLK_ENABLED==1){
 152:Core/Src/fdcan.c ****       __HAL_RCC_FDCAN_CLK_ENABLE();
 153:Core/Src/fdcan.c ****     }
 154:Core/Src/fdcan.c **** 
 155:Core/Src/fdcan.c ****     __HAL_RCC_GPIOB_CLK_ENABLE();
 156:Core/Src/fdcan.c ****     /**FDCAN1 GPIO Configuration
 157:Core/Src/fdcan.c ****     PB9     ------> FDCAN1_TX
 158:Core/Src/fdcan.c ****     PB8     ------> FDCAN1_RX
 159:Core/Src/fdcan.c ****     */
 160:Core/Src/fdcan.c ****     GPIO_InitStruct.Pin = GPIO_PIN_9|GPIO_PIN_8;
 161:Core/Src/fdcan.c ****     GPIO_InitStruct.Mode = GPIO_MODE_AF_PP;
 162:Core/Src/fdcan.c ****     GPIO_InitStruct.Pull = GPIO_NOPULL;
 163:Core/Src/fdcan.c ****     GPIO_InitStruct.Speed = GPIO_SPEED_FREQ_LOW;
 164:Core/Src/fdcan.c ****     GPIO_InitStruct.Alternate = GPIO_AF9_FDCAN1;
 165:Core/Src/fdcan.c ****     HAL_GPIO_Init(GPIOB, &GPIO_InitStruct);
 166:Core/Src/fdcan.c **** 
 167:Core/Src/fdcan.c ****   /* USER CODE BEGIN FDCAN1_MspInit 1 */
 168:Core/Src/fdcan.c **** 
 169:Core/Src/fdcan.c ****   /* USER CODE END FDCAN1_MspInit 1 */
 170:Core/Src/fdcan.c ****   }
 171:Core/Src/fdcan.c ****   else if(fdcanHandle->Instance==FDCAN2)
 332              		.loc 1 171 8 is_stmt 1 view .LVU136
 333              		.loc 1 171 10 is_stmt 0 view .LVU137
 334 0022 4A4A     		ldr	r2, .L27+4
 335 0024 9342     		cmp	r3, r2
 336 0026 40D0     		beq	.L22
 337              	.LVL7:
 338              	.L13:
 172:Core/Src/fdcan.c ****   {
 173:Core/Src/fdcan.c ****   /* USER CODE BEGIN FDCAN2_MspInit 0 */
 174:Core/Src/fdcan.c **** 
 175:Core/Src/fdcan.c ****   /* USER CODE END FDCAN2_MspInit 0 */
 176:Core/Src/fdcan.c **** 
 177:Core/Src/fdcan.c ****   /** Initializes the peripherals clock
 178:Core/Src/fdcan.c ****   */
ARM GAS  C:\Users\blue\AppData\Local\Temp\ccL99Kng.s 			page 10


 179:Core/Src/fdcan.c ****     PeriphClkInitStruct.PeriphClockSelection = RCC_PERIPHCLK_FDCAN;
 180:Core/Src/fdcan.c ****     PeriphClkInitStruct.FdcanClockSelection = RCC_FDCANCLKSOURCE_PLL;
 181:Core/Src/fdcan.c ****     if (HAL_RCCEx_PeriphCLKConfig(&PeriphClkInitStruct) != HAL_OK)
 182:Core/Src/fdcan.c ****     {
 183:Core/Src/fdcan.c ****       Error_Handler();
 184:Core/Src/fdcan.c ****     }
 185:Core/Src/fdcan.c **** 
 186:Core/Src/fdcan.c ****     /* FDCAN2 clock enable */
 187:Core/Src/fdcan.c ****     HAL_RCC_FDCAN_CLK_ENABLED++;
 188:Core/Src/fdcan.c ****     if(HAL_RCC_FDCAN_CLK_ENABLED==1){
 189:Core/Src/fdcan.c ****       __HAL_RCC_FDCAN_CLK_ENABLE();
 190:Core/Src/fdcan.c ****     }
 191:Core/Src/fdcan.c **** 
 192:Core/Src/fdcan.c ****     __HAL_RCC_GPIOB_CLK_ENABLE();
 193:Core/Src/fdcan.c ****     /**FDCAN2 GPIO Configuration
 194:Core/Src/fdcan.c ****     PB5     ------> FDCAN2_RX
 195:Core/Src/fdcan.c ****     PB6     ------> FDCAN2_TX
 196:Core/Src/fdcan.c ****     */
 197:Core/Src/fdcan.c ****     GPIO_InitStruct.Pin = GPIO_PIN_5|GPIO_PIN_6;
 198:Core/Src/fdcan.c ****     GPIO_InitStruct.Mode = GPIO_MODE_AF_PP;
 199:Core/Src/fdcan.c ****     GPIO_InitStruct.Pull = GPIO_NOPULL;
 200:Core/Src/fdcan.c ****     GPIO_InitStruct.Speed = GPIO_SPEED_FREQ_VERY_HIGH;
 201:Core/Src/fdcan.c ****     GPIO_InitStruct.Alternate = GPIO_AF9_FDCAN2;
 202:Core/Src/fdcan.c ****     HAL_GPIO_Init(GPIOB, &GPIO_InitStruct);
 203:Core/Src/fdcan.c **** 
 204:Core/Src/fdcan.c ****     /* FDCAN2 interrupt Init */
 205:Core/Src/fdcan.c ****     HAL_NVIC_SetPriority(FDCAN2_IT0_IRQn, 0, 0);
 206:Core/Src/fdcan.c ****     HAL_NVIC_EnableIRQ(FDCAN2_IT0_IRQn);
 207:Core/Src/fdcan.c ****     HAL_NVIC_SetPriority(FDCAN2_IT1_IRQn, 0, 0);
 208:Core/Src/fdcan.c ****     HAL_NVIC_EnableIRQ(FDCAN2_IT1_IRQn);
 209:Core/Src/fdcan.c ****   /* USER CODE BEGIN FDCAN2_MspInit 1 */
 210:Core/Src/fdcan.c **** 
 211:Core/Src/fdcan.c ****   /* USER CODE END FDCAN2_MspInit 1 */
 212:Core/Src/fdcan.c ****   }
 213:Core/Src/fdcan.c **** }
 339              		.loc 1 213 1 view .LVU138
 340 0028 3AB0     		add	sp, sp, #232
 341              	.LCFI4:
 342              		.cfi_remember_state
 343              		.cfi_def_cfa_offset 8
 344              		@ sp needed
 345 002a 10BD     		pop	{r4, pc}
 346              	.LVL8:
 347              	.L21:
 348              	.LCFI5:
 349              		.cfi_restore_state
 142:Core/Src/fdcan.c ****     PeriphClkInitStruct.FdcanClockSelection = RCC_FDCANCLKSOURCE_PLL;
 350              		.loc 1 142 5 is_stmt 1 view .LVU139
 142:Core/Src/fdcan.c ****     PeriphClkInitStruct.FdcanClockSelection = RCC_FDCANCLKSOURCE_PLL;
 351              		.loc 1 142 46 is_stmt 0 view .LVU140
 352 002c 4FF40042 		mov	r2, #32768
 353 0030 0023     		movs	r3, #0
 354 0032 CDE90423 		strd	r2, [sp, #16]
 143:Core/Src/fdcan.c ****     if (HAL_RCCEx_PeriphCLKConfig(&PeriphClkInitStruct) != HAL_OK)
 355              		.loc 1 143 5 is_stmt 1 view .LVU141
 143:Core/Src/fdcan.c ****     if (HAL_RCCEx_PeriphCLKConfig(&PeriphClkInitStruct) != HAL_OK)
 356              		.loc 1 143 45 is_stmt 0 view .LVU142
ARM GAS  C:\Users\blue\AppData\Local\Temp\ccL99Kng.s 			page 11


 357 0036 4FF08053 		mov	r3, #268435456
 358 003a 2093     		str	r3, [sp, #128]
 144:Core/Src/fdcan.c ****     {
 359              		.loc 1 144 5 is_stmt 1 view .LVU143
 144:Core/Src/fdcan.c ****     {
 360              		.loc 1 144 9 is_stmt 0 view .LVU144
 361 003c 04A8     		add	r0, sp, #16
 362 003e FFF7FEFF 		bl	HAL_RCCEx_PeriphCLKConfig
 363              	.LVL9:
 144:Core/Src/fdcan.c ****     {
 364              		.loc 1 144 8 view .LVU145
 365 0042 08BB     		cbnz	r0, .L23
 366              	.L15:
 150:Core/Src/fdcan.c ****     if(HAL_RCC_FDCAN_CLK_ENABLED==1){
 367              		.loc 1 150 5 is_stmt 1 view .LVU146
 150:Core/Src/fdcan.c ****     if(HAL_RCC_FDCAN_CLK_ENABLED==1){
 368              		.loc 1 150 30 is_stmt 0 view .LVU147
 369 0044 424A     		ldr	r2, .L27+8
 370 0046 1368     		ldr	r3, [r2]
 371 0048 0133     		adds	r3, r3, #1
 372 004a 1360     		str	r3, [r2]
 151:Core/Src/fdcan.c ****       __HAL_RCC_FDCAN_CLK_ENABLE();
 373              		.loc 1 151 5 is_stmt 1 view .LVU148
 151:Core/Src/fdcan.c ****       __HAL_RCC_FDCAN_CLK_ENABLE();
 374              		.loc 1 151 7 is_stmt 0 view .LVU149
 375 004c 012B     		cmp	r3, #1
 376 004e 1ED0     		beq	.L24
 377              	.L16:
 152:Core/Src/fdcan.c ****     }
 378              		.loc 1 152 7 is_stmt 1 discriminator 1 view .LVU150
 155:Core/Src/fdcan.c ****     /**FDCAN1 GPIO Configuration
 379              		.loc 1 155 5 discriminator 1 view .LVU151
 380              	.LBB2:
 155:Core/Src/fdcan.c ****     /**FDCAN1 GPIO Configuration
 381              		.loc 1 155 5 discriminator 1 view .LVU152
 155:Core/Src/fdcan.c ****     /**FDCAN1 GPIO Configuration
 382              		.loc 1 155 5 discriminator 1 view .LVU153
 383 0050 404B     		ldr	r3, .L27+12
 384 0052 D3F8E020 		ldr	r2, [r3, #224]
 385 0056 42F00202 		orr	r2, r2, #2
 386 005a C3F8E020 		str	r2, [r3, #224]
 155:Core/Src/fdcan.c ****     /**FDCAN1 GPIO Configuration
 387              		.loc 1 155 5 discriminator 1 view .LVU154
 388 005e D3F8E030 		ldr	r3, [r3, #224]
 389 0062 03F00203 		and	r3, r3, #2
 390 0066 0193     		str	r3, [sp, #4]
 155:Core/Src/fdcan.c ****     /**FDCAN1 GPIO Configuration
 391              		.loc 1 155 5 discriminator 1 view .LVU155
 392 0068 019B     		ldr	r3, [sp, #4]
 393              	.LBE2:
 155:Core/Src/fdcan.c ****     /**FDCAN1 GPIO Configuration
 394              		.loc 1 155 5 discriminator 1 view .LVU156
 160:Core/Src/fdcan.c ****     GPIO_InitStruct.Mode = GPIO_MODE_AF_PP;
 395              		.loc 1 160 5 discriminator 1 view .LVU157
 160:Core/Src/fdcan.c ****     GPIO_InitStruct.Mode = GPIO_MODE_AF_PP;
 396              		.loc 1 160 25 is_stmt 0 discriminator 1 view .LVU158
 397 006a 4FF44073 		mov	r3, #768
ARM GAS  C:\Users\blue\AppData\Local\Temp\ccL99Kng.s 			page 12


 398 006e 3593     		str	r3, [sp, #212]
 161:Core/Src/fdcan.c ****     GPIO_InitStruct.Pull = GPIO_NOPULL;
 399              		.loc 1 161 5 is_stmt 1 discriminator 1 view .LVU159
 161:Core/Src/fdcan.c ****     GPIO_InitStruct.Pull = GPIO_NOPULL;
 400              		.loc 1 161 26 is_stmt 0 discriminator 1 view .LVU160
 401 0070 0223     		movs	r3, #2
 402 0072 3693     		str	r3, [sp, #216]
 162:Core/Src/fdcan.c ****     GPIO_InitStruct.Speed = GPIO_SPEED_FREQ_LOW;
 403              		.loc 1 162 5 is_stmt 1 discriminator 1 view .LVU161
 162:Core/Src/fdcan.c ****     GPIO_InitStruct.Speed = GPIO_SPEED_FREQ_LOW;
 404              		.loc 1 162 26 is_stmt 0 discriminator 1 view .LVU162
 405 0074 0023     		movs	r3, #0
 406 0076 3793     		str	r3, [sp, #220]
 163:Core/Src/fdcan.c ****     GPIO_InitStruct.Alternate = GPIO_AF9_FDCAN1;
 407              		.loc 1 163 5 is_stmt 1 discriminator 1 view .LVU163
 163:Core/Src/fdcan.c ****     GPIO_InitStruct.Alternate = GPIO_AF9_FDCAN1;
 408              		.loc 1 163 27 is_stmt 0 discriminator 1 view .LVU164
 409 0078 3893     		str	r3, [sp, #224]
 164:Core/Src/fdcan.c ****     HAL_GPIO_Init(GPIOB, &GPIO_InitStruct);
 410              		.loc 1 164 5 is_stmt 1 discriminator 1 view .LVU165
 164:Core/Src/fdcan.c ****     HAL_GPIO_Init(GPIOB, &GPIO_InitStruct);
 411              		.loc 1 164 31 is_stmt 0 discriminator 1 view .LVU166
 412 007a 0923     		movs	r3, #9
 413 007c 3993     		str	r3, [sp, #228]
 165:Core/Src/fdcan.c **** 
 414              		.loc 1 165 5 is_stmt 1 discriminator 1 view .LVU167
 415 007e 35A9     		add	r1, sp, #212
 416 0080 3548     		ldr	r0, .L27+16
 417 0082 FFF7FEFF 		bl	HAL_GPIO_Init
 418              	.LVL10:
 419 0086 CFE7     		b	.L13
 420              	.L23:
 146:Core/Src/fdcan.c ****     }
 421              		.loc 1 146 7 view .LVU168
 422 0088 FFF7FEFF 		bl	Error_Handler
 423              	.LVL11:
 424 008c DAE7     		b	.L15
 425              	.L24:
 152:Core/Src/fdcan.c ****     }
 426              		.loc 1 152 7 view .LVU169
 427              	.LBB3:
 152:Core/Src/fdcan.c ****     }
 428              		.loc 1 152 7 view .LVU170
 152:Core/Src/fdcan.c ****     }
 429              		.loc 1 152 7 view .LVU171
 430 008e 314B     		ldr	r3, .L27+12
 431 0090 D3F8EC20 		ldr	r2, [r3, #236]
 432 0094 42F48072 		orr	r2, r2, #256
 433 0098 C3F8EC20 		str	r2, [r3, #236]
 152:Core/Src/fdcan.c ****     }
 434              		.loc 1 152 7 view .LVU172
 435 009c D3F8EC30 		ldr	r3, [r3, #236]
 436 00a0 03F48073 		and	r3, r3, #256
 437 00a4 0093     		str	r3, [sp]
 152:Core/Src/fdcan.c ****     }
 438              		.loc 1 152 7 view .LVU173
 439 00a6 009B     		ldr	r3, [sp]
ARM GAS  C:\Users\blue\AppData\Local\Temp\ccL99Kng.s 			page 13


 440 00a8 D2E7     		b	.L16
 441              	.L22:
 442              	.LBE3:
 179:Core/Src/fdcan.c ****     PeriphClkInitStruct.FdcanClockSelection = RCC_FDCANCLKSOURCE_PLL;
 443              		.loc 1 179 5 view .LVU174
 179:Core/Src/fdcan.c ****     PeriphClkInitStruct.FdcanClockSelection = RCC_FDCANCLKSOURCE_PLL;
 444              		.loc 1 179 46 is_stmt 0 view .LVU175
 445 00aa 4FF40042 		mov	r2, #32768
 446 00ae 0023     		movs	r3, #0
 447 00b0 CDE90423 		strd	r2, [sp, #16]
 180:Core/Src/fdcan.c ****     if (HAL_RCCEx_PeriphCLKConfig(&PeriphClkInitStruct) != HAL_OK)
 448              		.loc 1 180 5 is_stmt 1 view .LVU176
 180:Core/Src/fdcan.c ****     if (HAL_RCCEx_PeriphCLKConfig(&PeriphClkInitStruct) != HAL_OK)
 449              		.loc 1 180 45 is_stmt 0 view .LVU177
 450 00b4 4FF08053 		mov	r3, #268435456
 451 00b8 2093     		str	r3, [sp, #128]
 181:Core/Src/fdcan.c ****     {
 452              		.loc 1 181 5 is_stmt 1 view .LVU178
 181:Core/Src/fdcan.c ****     {
 453              		.loc 1 181 9 is_stmt 0 view .LVU179
 454 00ba 04A8     		add	r0, sp, #16
 455 00bc FFF7FEFF 		bl	HAL_RCCEx_PeriphCLKConfig
 456              	.LVL12:
 181:Core/Src/fdcan.c ****     {
 457              		.loc 1 181 8 view .LVU180
 458 00c0 88BB     		cbnz	r0, .L25
 459              	.L18:
 187:Core/Src/fdcan.c ****     if(HAL_RCC_FDCAN_CLK_ENABLED==1){
 460              		.loc 1 187 5 is_stmt 1 view .LVU181
 187:Core/Src/fdcan.c ****     if(HAL_RCC_FDCAN_CLK_ENABLED==1){
 461              		.loc 1 187 30 is_stmt 0 view .LVU182
 462 00c2 234A     		ldr	r2, .L27+8
 463 00c4 1368     		ldr	r3, [r2]
 464 00c6 0133     		adds	r3, r3, #1
 465 00c8 1360     		str	r3, [r2]
 188:Core/Src/fdcan.c ****       __HAL_RCC_FDCAN_CLK_ENABLE();
 466              		.loc 1 188 5 is_stmt 1 view .LVU183
 188:Core/Src/fdcan.c ****       __HAL_RCC_FDCAN_CLK_ENABLE();
 467              		.loc 1 188 7 is_stmt 0 view .LVU184
 468 00ca 012B     		cmp	r3, #1
 469 00cc 2ED0     		beq	.L26
 470              	.L19:
 189:Core/Src/fdcan.c ****     }
 471              		.loc 1 189 7 is_stmt 1 discriminator 1 view .LVU185
 192:Core/Src/fdcan.c ****     /**FDCAN2 GPIO Configuration
 472              		.loc 1 192 5 discriminator 1 view .LVU186
 473              	.LBB4:
 192:Core/Src/fdcan.c ****     /**FDCAN2 GPIO Configuration
 474              		.loc 1 192 5 discriminator 1 view .LVU187
 192:Core/Src/fdcan.c ****     /**FDCAN2 GPIO Configuration
 475              		.loc 1 192 5 discriminator 1 view .LVU188
 476 00ce 214B     		ldr	r3, .L27+12
 477 00d0 D3F8E020 		ldr	r2, [r3, #224]
 478 00d4 42F00202 		orr	r2, r2, #2
 479 00d8 C3F8E020 		str	r2, [r3, #224]
 192:Core/Src/fdcan.c ****     /**FDCAN2 GPIO Configuration
 480              		.loc 1 192 5 discriminator 1 view .LVU189
ARM GAS  C:\Users\blue\AppData\Local\Temp\ccL99Kng.s 			page 14


 481 00dc D3F8E030 		ldr	r3, [r3, #224]
 482 00e0 03F00203 		and	r3, r3, #2
 483 00e4 0393     		str	r3, [sp, #12]
 192:Core/Src/fdcan.c ****     /**FDCAN2 GPIO Configuration
 484              		.loc 1 192 5 discriminator 1 view .LVU190
 485 00e6 039B     		ldr	r3, [sp, #12]
 486              	.LBE4:
 192:Core/Src/fdcan.c ****     /**FDCAN2 GPIO Configuration
 487              		.loc 1 192 5 discriminator 1 view .LVU191
 197:Core/Src/fdcan.c ****     GPIO_InitStruct.Mode = GPIO_MODE_AF_PP;
 488              		.loc 1 197 5 discriminator 1 view .LVU192
 197:Core/Src/fdcan.c ****     GPIO_InitStruct.Mode = GPIO_MODE_AF_PP;
 489              		.loc 1 197 25 is_stmt 0 discriminator 1 view .LVU193
 490 00e8 6023     		movs	r3, #96
 491 00ea 3593     		str	r3, [sp, #212]
 198:Core/Src/fdcan.c ****     GPIO_InitStruct.Pull = GPIO_NOPULL;
 492              		.loc 1 198 5 is_stmt 1 discriminator 1 view .LVU194
 198:Core/Src/fdcan.c ****     GPIO_InitStruct.Pull = GPIO_NOPULL;
 493              		.loc 1 198 26 is_stmt 0 discriminator 1 view .LVU195
 494 00ec 0223     		movs	r3, #2
 495 00ee 3693     		str	r3, [sp, #216]
 199:Core/Src/fdcan.c ****     GPIO_InitStruct.Speed = GPIO_SPEED_FREQ_VERY_HIGH;
 496              		.loc 1 199 5 is_stmt 1 discriminator 1 view .LVU196
 199:Core/Src/fdcan.c ****     GPIO_InitStruct.Speed = GPIO_SPEED_FREQ_VERY_HIGH;
 497              		.loc 1 199 26 is_stmt 0 discriminator 1 view .LVU197
 498 00f0 0024     		movs	r4, #0
 499              	.LVL13:
 199:Core/Src/fdcan.c ****     GPIO_InitStruct.Speed = GPIO_SPEED_FREQ_VERY_HIGH;
 500              		.loc 1 199 26 discriminator 1 view .LVU198
 501 00f2 3794     		str	r4, [sp, #220]
 200:Core/Src/fdcan.c ****     GPIO_InitStruct.Alternate = GPIO_AF9_FDCAN2;
 502              		.loc 1 200 5 is_stmt 1 discriminator 1 view .LVU199
 200:Core/Src/fdcan.c ****     GPIO_InitStruct.Alternate = GPIO_AF9_FDCAN2;
 503              		.loc 1 200 27 is_stmt 0 discriminator 1 view .LVU200
 504 00f4 0323     		movs	r3, #3
 505 00f6 3893     		str	r3, [sp, #224]
 201:Core/Src/fdcan.c ****     HAL_GPIO_Init(GPIOB, &GPIO_InitStruct);
 506              		.loc 1 201 5 is_stmt 1 discriminator 1 view .LVU201
 201:Core/Src/fdcan.c ****     HAL_GPIO_Init(GPIOB, &GPIO_InitStruct);
 507              		.loc 1 201 31 is_stmt 0 discriminator 1 view .LVU202
 508 00f8 0923     		movs	r3, #9
 509 00fa 3993     		str	r3, [sp, #228]
 202:Core/Src/fdcan.c **** 
 510              		.loc 1 202 5 is_stmt 1 discriminator 1 view .LVU203
 511 00fc 35A9     		add	r1, sp, #212
 512 00fe 1648     		ldr	r0, .L27+16
 513 0100 FFF7FEFF 		bl	HAL_GPIO_Init
 514              	.LVL14:
 205:Core/Src/fdcan.c ****     HAL_NVIC_EnableIRQ(FDCAN2_IT0_IRQn);
 515              		.loc 1 205 5 discriminator 1 view .LVU204
 516 0104 2246     		mov	r2, r4
 517 0106 2146     		mov	r1, r4
 518 0108 1420     		movs	r0, #20
 519 010a FFF7FEFF 		bl	HAL_NVIC_SetPriority
 520              	.LVL15:
 206:Core/Src/fdcan.c ****     HAL_NVIC_SetPriority(FDCAN2_IT1_IRQn, 0, 0);
 521              		.loc 1 206 5 discriminator 1 view .LVU205
ARM GAS  C:\Users\blue\AppData\Local\Temp\ccL99Kng.s 			page 15


 522 010e 1420     		movs	r0, #20
 523 0110 FFF7FEFF 		bl	HAL_NVIC_EnableIRQ
 524              	.LVL16:
 207:Core/Src/fdcan.c ****     HAL_NVIC_EnableIRQ(FDCAN2_IT1_IRQn);
 525              		.loc 1 207 5 discriminator 1 view .LVU206
 526 0114 2246     		mov	r2, r4
 527 0116 2146     		mov	r1, r4
 528 0118 1620     		movs	r0, #22
 529 011a FFF7FEFF 		bl	HAL_NVIC_SetPriority
 530              	.LVL17:
 208:Core/Src/fdcan.c ****   /* USER CODE BEGIN FDCAN2_MspInit 1 */
 531              		.loc 1 208 5 discriminator 1 view .LVU207
 532 011e 1620     		movs	r0, #22
 533 0120 FFF7FEFF 		bl	HAL_NVIC_EnableIRQ
 534              	.LVL18:
 535              		.loc 1 213 1 is_stmt 0 discriminator 1 view .LVU208
 536 0124 80E7     		b	.L13
 537              	.LVL19:
 538              	.L25:
 183:Core/Src/fdcan.c ****     }
 539              		.loc 1 183 7 is_stmt 1 view .LVU209
 540 0126 FFF7FEFF 		bl	Error_Handler
 541              	.LVL20:
 542 012a CAE7     		b	.L18
 543              	.L26:
 189:Core/Src/fdcan.c ****     }
 544              		.loc 1 189 7 view .LVU210
 545              	.LBB5:
 189:Core/Src/fdcan.c ****     }
 546              		.loc 1 189 7 view .LVU211
 189:Core/Src/fdcan.c ****     }
 547              		.loc 1 189 7 view .LVU212
 548 012c 094B     		ldr	r3, .L27+12
 549 012e D3F8EC20 		ldr	r2, [r3, #236]
 550 0132 42F48072 		orr	r2, r2, #256
 551 0136 C3F8EC20 		str	r2, [r3, #236]
 189:Core/Src/fdcan.c ****     }
 552              		.loc 1 189 7 view .LVU213
 553 013a D3F8EC30 		ldr	r3, [r3, #236]
 554 013e 03F48073 		and	r3, r3, #256
 555 0142 0293     		str	r3, [sp, #8]
 189:Core/Src/fdcan.c ****     }
 556              		.loc 1 189 7 view .LVU214
 557 0144 029B     		ldr	r3, [sp, #8]
 558 0146 C2E7     		b	.L19
 559              	.L28:
 560              		.align	2
 561              	.L27:
 562 0148 00A00040 		.word	1073782784
 563 014c 00A40040 		.word	1073783808
 564 0150 00000000 		.word	.LANCHOR2
 565 0154 00440258 		.word	1476543488
 566 0158 00040258 		.word	1476527104
 567              	.LBE5:
 568              		.cfi_endproc
 569              	.LFE146:
 571              		.section	.text.HAL_FDCAN_MspDeInit,"ax",%progbits
ARM GAS  C:\Users\blue\AppData\Local\Temp\ccL99Kng.s 			page 16


 572              		.align	1
 573              		.global	HAL_FDCAN_MspDeInit
 574              		.syntax unified
 575              		.thumb
 576              		.thumb_func
 578              	HAL_FDCAN_MspDeInit:
 579              	.LVL21:
 580              	.LFB147:
 214:Core/Src/fdcan.c **** 
 215:Core/Src/fdcan.c **** void HAL_FDCAN_MspDeInit(FDCAN_HandleTypeDef* fdcanHandle)
 216:Core/Src/fdcan.c **** {
 581              		.loc 1 216 1 view -0
 582              		.cfi_startproc
 583              		@ args = 0, pretend = 0, frame = 0
 584              		@ frame_needed = 0, uses_anonymous_args = 0
 585              		.loc 1 216 1 is_stmt 0 view .LVU216
 586 0000 08B5     		push	{r3, lr}
 587              	.LCFI6:
 588              		.cfi_def_cfa_offset 8
 589              		.cfi_offset 3, -8
 590              		.cfi_offset 14, -4
 217:Core/Src/fdcan.c **** 
 218:Core/Src/fdcan.c ****   if(fdcanHandle->Instance==FDCAN1)
 591              		.loc 1 218 3 is_stmt 1 view .LVU217
 592              		.loc 1 218 17 is_stmt 0 view .LVU218
 593 0002 0368     		ldr	r3, [r0]
 594              		.loc 1 218 5 view .LVU219
 595 0004 174A     		ldr	r2, .L37
 596 0006 9342     		cmp	r3, r2
 597 0008 03D0     		beq	.L35
 219:Core/Src/fdcan.c ****   {
 220:Core/Src/fdcan.c ****   /* USER CODE BEGIN FDCAN1_MspDeInit 0 */
 221:Core/Src/fdcan.c **** 
 222:Core/Src/fdcan.c ****   /* USER CODE END FDCAN1_MspDeInit 0 */
 223:Core/Src/fdcan.c ****     /* Peripheral clock disable */
 224:Core/Src/fdcan.c ****     HAL_RCC_FDCAN_CLK_ENABLED--;
 225:Core/Src/fdcan.c ****     if(HAL_RCC_FDCAN_CLK_ENABLED==0){
 226:Core/Src/fdcan.c ****       __HAL_RCC_FDCAN_CLK_DISABLE();
 227:Core/Src/fdcan.c ****     }
 228:Core/Src/fdcan.c **** 
 229:Core/Src/fdcan.c ****     /**FDCAN1 GPIO Configuration
 230:Core/Src/fdcan.c ****     PB9     ------> FDCAN1_TX
 231:Core/Src/fdcan.c ****     PB8     ------> FDCAN1_RX
 232:Core/Src/fdcan.c ****     */
 233:Core/Src/fdcan.c ****     HAL_GPIO_DeInit(GPIOB, GPIO_PIN_9|GPIO_PIN_8);
 234:Core/Src/fdcan.c **** 
 235:Core/Src/fdcan.c ****   /* USER CODE BEGIN FDCAN1_MspDeInit 1 */
 236:Core/Src/fdcan.c **** 
 237:Core/Src/fdcan.c ****   /* USER CODE END FDCAN1_MspDeInit 1 */
 238:Core/Src/fdcan.c ****   }
 239:Core/Src/fdcan.c ****   else if(fdcanHandle->Instance==FDCAN2)
 598              		.loc 1 239 8 is_stmt 1 view .LVU220
 599              		.loc 1 239 10 is_stmt 0 view .LVU221
 600 000a 174A     		ldr	r2, .L37+4
 601 000c 9342     		cmp	r3, r2
 602 000e 12D0     		beq	.L36
 603              	.LVL22:
ARM GAS  C:\Users\blue\AppData\Local\Temp\ccL99Kng.s 			page 17


 604              	.L29:
 240:Core/Src/fdcan.c ****   {
 241:Core/Src/fdcan.c ****   /* USER CODE BEGIN FDCAN2_MspDeInit 0 */
 242:Core/Src/fdcan.c **** 
 243:Core/Src/fdcan.c ****   /* USER CODE END FDCAN2_MspDeInit 0 */
 244:Core/Src/fdcan.c ****     /* Peripheral clock disable */
 245:Core/Src/fdcan.c ****     HAL_RCC_FDCAN_CLK_ENABLED--;
 246:Core/Src/fdcan.c ****     if(HAL_RCC_FDCAN_CLK_ENABLED==0){
 247:Core/Src/fdcan.c ****       __HAL_RCC_FDCAN_CLK_DISABLE();
 248:Core/Src/fdcan.c ****     }
 249:Core/Src/fdcan.c **** 
 250:Core/Src/fdcan.c ****     /**FDCAN2 GPIO Configuration
 251:Core/Src/fdcan.c ****     PB5     ------> FDCAN2_RX
 252:Core/Src/fdcan.c ****     PB6     ------> FDCAN2_TX
 253:Core/Src/fdcan.c ****     */
 254:Core/Src/fdcan.c ****     HAL_GPIO_DeInit(GPIOB, GPIO_PIN_5|GPIO_PIN_6);
 255:Core/Src/fdcan.c **** 
 256:Core/Src/fdcan.c ****     /* FDCAN2 interrupt Deinit */
 257:Core/Src/fdcan.c ****     HAL_NVIC_DisableIRQ(FDCAN2_IT0_IRQn);
 258:Core/Src/fdcan.c ****     HAL_NVIC_DisableIRQ(FDCAN2_IT1_IRQn);
 259:Core/Src/fdcan.c ****   /* USER CODE BEGIN FDCAN2_MspDeInit 1 */
 260:Core/Src/fdcan.c **** 
 261:Core/Src/fdcan.c ****   /* USER CODE END FDCAN2_MspDeInit 1 */
 262:Core/Src/fdcan.c ****   }
 263:Core/Src/fdcan.c **** }
 605              		.loc 1 263 1 view .LVU222
 606 0010 08BD     		pop	{r3, pc}
 607              	.LVL23:
 608              	.L35:
 224:Core/Src/fdcan.c ****     if(HAL_RCC_FDCAN_CLK_ENABLED==0){
 609              		.loc 1 224 5 is_stmt 1 view .LVU223
 224:Core/Src/fdcan.c ****     if(HAL_RCC_FDCAN_CLK_ENABLED==0){
 610              		.loc 1 224 30 is_stmt 0 view .LVU224
 611 0012 164A     		ldr	r2, .L37+8
 612 0014 1368     		ldr	r3, [r2]
 613 0016 013B     		subs	r3, r3, #1
 614 0018 1360     		str	r3, [r2]
 225:Core/Src/fdcan.c ****       __HAL_RCC_FDCAN_CLK_DISABLE();
 615              		.loc 1 225 5 is_stmt 1 view .LVU225
 225:Core/Src/fdcan.c ****       __HAL_RCC_FDCAN_CLK_DISABLE();
 616              		.loc 1 225 7 is_stmt 0 view .LVU226
 617 001a 33B9     		cbnz	r3, .L31
 226:Core/Src/fdcan.c ****     }
 618              		.loc 1 226 7 is_stmt 1 view .LVU227
 619 001c 144A     		ldr	r2, .L37+12
 620 001e D2F8EC30 		ldr	r3, [r2, #236]
 621 0022 23F48073 		bic	r3, r3, #256
 622 0026 C2F8EC30 		str	r3, [r2, #236]
 623              	.L31:
 233:Core/Src/fdcan.c **** 
 624              		.loc 1 233 5 view .LVU228
 625 002a 4FF44071 		mov	r1, #768
 626 002e 1148     		ldr	r0, .L37+16
 627              	.LVL24:
 233:Core/Src/fdcan.c **** 
 628              		.loc 1 233 5 is_stmt 0 view .LVU229
 629 0030 FFF7FEFF 		bl	HAL_GPIO_DeInit
ARM GAS  C:\Users\blue\AppData\Local\Temp\ccL99Kng.s 			page 18


 630              	.LVL25:
 631 0034 ECE7     		b	.L29
 632              	.LVL26:
 633              	.L36:
 245:Core/Src/fdcan.c ****     if(HAL_RCC_FDCAN_CLK_ENABLED==0){
 634              		.loc 1 245 5 is_stmt 1 view .LVU230
 245:Core/Src/fdcan.c ****     if(HAL_RCC_FDCAN_CLK_ENABLED==0){
 635              		.loc 1 245 30 is_stmt 0 view .LVU231
 636 0036 0D4A     		ldr	r2, .L37+8
 637 0038 1368     		ldr	r3, [r2]
 638 003a 013B     		subs	r3, r3, #1
 639 003c 1360     		str	r3, [r2]
 246:Core/Src/fdcan.c ****       __HAL_RCC_FDCAN_CLK_DISABLE();
 640              		.loc 1 246 5 is_stmt 1 view .LVU232
 246:Core/Src/fdcan.c ****       __HAL_RCC_FDCAN_CLK_DISABLE();
 641              		.loc 1 246 7 is_stmt 0 view .LVU233
 642 003e 33B9     		cbnz	r3, .L33
 247:Core/Src/fdcan.c ****     }
 643              		.loc 1 247 7 is_stmt 1 view .LVU234
 644 0040 0B4A     		ldr	r2, .L37+12
 645 0042 D2F8EC30 		ldr	r3, [r2, #236]
 646 0046 23F48073 		bic	r3, r3, #256
 647 004a C2F8EC30 		str	r3, [r2, #236]
 648              	.L33:
 254:Core/Src/fdcan.c **** 
 649              		.loc 1 254 5 view .LVU235
 650 004e 6021     		movs	r1, #96
 651 0050 0848     		ldr	r0, .L37+16
 652              	.LVL27:
 254:Core/Src/fdcan.c **** 
 653              		.loc 1 254 5 is_stmt 0 view .LVU236
 654 0052 FFF7FEFF 		bl	HAL_GPIO_DeInit
 655              	.LVL28:
 257:Core/Src/fdcan.c ****     HAL_NVIC_DisableIRQ(FDCAN2_IT1_IRQn);
 656              		.loc 1 257 5 is_stmt 1 view .LVU237
 657 0056 1420     		movs	r0, #20
 658 0058 FFF7FEFF 		bl	HAL_NVIC_DisableIRQ
 659              	.LVL29:
 258:Core/Src/fdcan.c ****   /* USER CODE BEGIN FDCAN2_MspDeInit 1 */
 660              		.loc 1 258 5 view .LVU238
 661 005c 1620     		movs	r0, #22
 662 005e FFF7FEFF 		bl	HAL_NVIC_DisableIRQ
 663              	.LVL30:
 664              		.loc 1 263 1 is_stmt 0 view .LVU239
 665 0062 D5E7     		b	.L29
 666              	.L38:
 667              		.align	2
 668              	.L37:
 669 0064 00A00040 		.word	1073782784
 670 0068 00A40040 		.word	1073783808
 671 006c 00000000 		.word	.LANCHOR2
 672 0070 00440258 		.word	1476543488
 673 0074 00040258 		.word	1476527104
 674              		.cfi_endproc
 675              	.LFE147:
 677              		.global	hfdcan2
 678              		.global	hfdcan1
ARM GAS  C:\Users\blue\AppData\Local\Temp\ccL99Kng.s 			page 19


 679              		.section	.bss.HAL_RCC_FDCAN_CLK_ENABLED,"aw",%nobits
 680              		.align	2
 681              		.set	.LANCHOR2,. + 0
 684              	HAL_RCC_FDCAN_CLK_ENABLED:
 685 0000 00000000 		.space	4
 686              		.section	.bss.hfdcan1,"aw",%nobits
 687              		.align	2
 688              		.set	.LANCHOR0,. + 0
 691              	hfdcan1:
 692 0000 00000000 		.space	160
 692      00000000 
 692      00000000 
 692      00000000 
 692      00000000 
 693              		.section	.bss.hfdcan2,"aw",%nobits
 694              		.align	2
 695              		.set	.LANCHOR1,. + 0
 698              	hfdcan2:
 699 0000 00000000 		.space	160
 699      00000000 
 699      00000000 
 699      00000000 
 699      00000000 
 700              		.text
 701              	.Letext0:
 702              		.file 2 "d:\\rm\\arm-gnu-toolchian\\arm-none-eabi\\include\\machine\\_default_types.h"
 703              		.file 3 "d:\\rm\\arm-gnu-toolchian\\arm-none-eabi\\include\\sys\\_stdint.h"
 704              		.file 4 "Drivers/CMSIS/Device/ST/STM32H7xx/Include/stm32h743xx.h"
 705              		.file 5 "Drivers/CMSIS/Device/ST/STM32H7xx/Include/stm32h7xx.h"
 706              		.file 6 "Drivers/STM32H7xx_HAL_Driver/Inc/stm32h7xx_hal_def.h"
 707              		.file 7 "Drivers/STM32H7xx_HAL_Driver/Inc/stm32h7xx_hal_rcc_ex.h"
 708              		.file 8 "Drivers/STM32H7xx_HAL_Driver/Inc/stm32h7xx_hal_gpio.h"
 709              		.file 9 "Drivers/STM32H7xx_HAL_Driver/Inc/stm32h7xx_hal_fdcan.h"
 710              		.file 10 "Core/Inc/fdcan.h"
 711              		.file 11 "Drivers/STM32H7xx_HAL_Driver/Inc/stm32h7xx_hal_cortex.h"
 712              		.file 12 "Core/Inc/main.h"
 713              		.file 13 "<built-in>"
ARM GAS  C:\Users\blue\AppData\Local\Temp\ccL99Kng.s 			page 20


DEFINED SYMBOLS
                            *ABS*:00000000 fdcan.c
C:\Users\blue\AppData\Local\Temp\ccL99Kng.s:19     .text.MX_FDCAN1_Init:00000000 $t
C:\Users\blue\AppData\Local\Temp\ccL99Kng.s:25     .text.MX_FDCAN1_Init:00000000 MX_FDCAN1_Init
C:\Users\blue\AppData\Local\Temp\ccL99Kng.s:147    .text.MX_FDCAN1_Init:00000058 $d
C:\Users\blue\AppData\Local\Temp\ccL99Kng.s:153    .text.MX_FDCAN2_Init:00000000 $t
C:\Users\blue\AppData\Local\Temp\ccL99Kng.s:159    .text.MX_FDCAN2_Init:00000000 MX_FDCAN2_Init
C:\Users\blue\AppData\Local\Temp\ccL99Kng.s:280    .text.MX_FDCAN2_Init:00000058 $d
C:\Users\blue\AppData\Local\Temp\ccL99Kng.s:286    .text.HAL_FDCAN_MspInit:00000000 $t
C:\Users\blue\AppData\Local\Temp\ccL99Kng.s:292    .text.HAL_FDCAN_MspInit:00000000 HAL_FDCAN_MspInit
C:\Users\blue\AppData\Local\Temp\ccL99Kng.s:562    .text.HAL_FDCAN_MspInit:00000148 $d
C:\Users\blue\AppData\Local\Temp\ccL99Kng.s:572    .text.HAL_FDCAN_MspDeInit:00000000 $t
C:\Users\blue\AppData\Local\Temp\ccL99Kng.s:578    .text.HAL_FDCAN_MspDeInit:00000000 HAL_FDCAN_MspDeInit
C:\Users\blue\AppData\Local\Temp\ccL99Kng.s:669    .text.HAL_FDCAN_MspDeInit:00000064 $d
C:\Users\blue\AppData\Local\Temp\ccL99Kng.s:698    .bss.hfdcan2:00000000 hfdcan2
C:\Users\blue\AppData\Local\Temp\ccL99Kng.s:691    .bss.hfdcan1:00000000 hfdcan1
C:\Users\blue\AppData\Local\Temp\ccL99Kng.s:680    .bss.HAL_RCC_FDCAN_CLK_ENABLED:00000000 $d
C:\Users\blue\AppData\Local\Temp\ccL99Kng.s:684    .bss.HAL_RCC_FDCAN_CLK_ENABLED:00000000 HAL_RCC_FDCAN_CLK_ENABLED
C:\Users\blue\AppData\Local\Temp\ccL99Kng.s:687    .bss.hfdcan1:00000000 $d
C:\Users\blue\AppData\Local\Temp\ccL99Kng.s:694    .bss.hfdcan2:00000000 $d

UNDEFINED SYMBOLS
HAL_FDCAN_Init
Error_Handler
memset
HAL_RCCEx_PeriphCLKConfig
HAL_GPIO_Init
HAL_NVIC_SetPriority
HAL_NVIC_EnableIRQ
HAL_GPIO_DeInit
HAL_NVIC_DisableIRQ
