ARM GAS  C:\Users\blue\AppData\Local\Temp\ccyUfYVg.s 			page 1


   1              		.cpu cortex-m7
   2              		.arch armv7e-m
   3              		.fpu fpv5-d16
   4              		.eabi_attribute 28, 1
   5              		.eabi_attribute 20, 1
   6              		.eabi_attribute 21, 1
   7              		.eabi_attribute 23, 3
   8              		.eabi_attribute 24, 1
   9              		.eabi_attribute 25, 1
  10              		.eabi_attribute 26, 1
  11              		.eabi_attribute 30, 1
  12              		.eabi_attribute 34, 1
  13              		.eabi_attribute 18, 4
  14              		.file	"gpio.c"
  15              		.text
  16              	.Ltext0:
  17              		.cfi_sections	.debug_frame
  18              		.section	.text.MX_GPIO_Init,"ax",%progbits
  19              		.align	1
  20              		.global	MX_GPIO_Init
  21              		.syntax unified
  22              		.thumb
  23              		.thumb_func
  25              	MX_GPIO_Init:
  26              	.LFB144:
  27              		.file 1 "Core/Src/gpio.c"
   1:Core/Src/gpio.c **** /* USER CODE BEGIN Header */
   2:Core/Src/gpio.c **** /**
   3:Core/Src/gpio.c ****   ******************************************************************************
   4:Core/Src/gpio.c ****   * @file    gpio.c
   5:Core/Src/gpio.c ****   * @brief   This file provides code for the configuration
   6:Core/Src/gpio.c ****   *          of all used GPIO pins.
   7:Core/Src/gpio.c ****   ******************************************************************************
   8:Core/Src/gpio.c ****   * @attention
   9:Core/Src/gpio.c ****   *
  10:Core/Src/gpio.c ****   * Copyright (c) 2024 STMicroelectronics.
  11:Core/Src/gpio.c ****   * All rights reserved.
  12:Core/Src/gpio.c ****   *
  13:Core/Src/gpio.c ****   * This software is licensed under terms that can be found in the LICENSE file
  14:Core/Src/gpio.c ****   * in the root directory of this software component.
  15:Core/Src/gpio.c ****   * If no LICENSE file comes with this software, it is provided AS-IS.
  16:Core/Src/gpio.c ****   *
  17:Core/Src/gpio.c ****   ******************************************************************************
  18:Core/Src/gpio.c ****   */
  19:Core/Src/gpio.c **** /* USER CODE END Header */
  20:Core/Src/gpio.c **** 
  21:Core/Src/gpio.c **** /* Includes ------------------------------------------------------------------*/
  22:Core/Src/gpio.c **** #include "gpio.h"
  23:Core/Src/gpio.c **** 
  24:Core/Src/gpio.c **** /* USER CODE BEGIN 0 */
  25:Core/Src/gpio.c **** 
  26:Core/Src/gpio.c **** /* USER CODE END 0 */
  27:Core/Src/gpio.c **** 
  28:Core/Src/gpio.c **** /*----------------------------------------------------------------------------*/
  29:Core/Src/gpio.c **** /* Configure GPIO                                                             */
  30:Core/Src/gpio.c **** /*----------------------------------------------------------------------------*/
  31:Core/Src/gpio.c **** /* USER CODE BEGIN 1 */
ARM GAS  C:\Users\blue\AppData\Local\Temp\ccyUfYVg.s 			page 2


  32:Core/Src/gpio.c **** 
  33:Core/Src/gpio.c **** /* USER CODE END 1 */
  34:Core/Src/gpio.c **** 
  35:Core/Src/gpio.c **** /** Configure pins
  36:Core/Src/gpio.c ****      PC15-OSC32_OUT (OSC32_OUT)   ------> RCC_OSC32_OUT
  37:Core/Src/gpio.c ****      PC14-OSC32_IN (OSC32_IN)   ------> RCC_OSC32_IN
  38:Core/Src/gpio.c ****      PB9   ------> FDCAN1_TX
  39:Core/Src/gpio.c ****      PB8   ------> FDCAN1_RX
  40:Core/Src/gpio.c ****      PH1-OSC_OUT (PH1)   ------> RCC_OSC_OUT
  41:Core/Src/gpio.c ****      PH0-OSC_IN (PH0)   ------> RCC_OSC_IN
  42:Core/Src/gpio.c **** */
  43:Core/Src/gpio.c **** void MX_GPIO_Init(void)
  44:Core/Src/gpio.c **** {
  28              		.loc 1 44 1 view -0
  29              		.cfi_startproc
  30              		@ args = 0, pretend = 0, frame = 48
  31              		@ frame_needed = 0, uses_anonymous_args = 0
  32 0000 F0B5     		push	{r4, r5, r6, r7, lr}
  33              	.LCFI0:
  34              		.cfi_def_cfa_offset 20
  35              		.cfi_offset 4, -20
  36              		.cfi_offset 5, -16
  37              		.cfi_offset 6, -12
  38              		.cfi_offset 7, -8
  39              		.cfi_offset 14, -4
  40 0002 8DB0     		sub	sp, sp, #52
  41              	.LCFI1:
  42              		.cfi_def_cfa_offset 72
  45:Core/Src/gpio.c **** 
  46:Core/Src/gpio.c ****   GPIO_InitTypeDef GPIO_InitStruct = {0};
  43              		.loc 1 46 3 view .LVU1
  44              		.loc 1 46 20 is_stmt 0 view .LVU2
  45 0004 0024     		movs	r4, #0
  46 0006 0794     		str	r4, [sp, #28]
  47 0008 0894     		str	r4, [sp, #32]
  48 000a 0994     		str	r4, [sp, #36]
  49 000c 0A94     		str	r4, [sp, #40]
  50 000e 0B94     		str	r4, [sp, #44]
  47:Core/Src/gpio.c **** 
  48:Core/Src/gpio.c ****   /* GPIO Ports Clock Enable */
  49:Core/Src/gpio.c ****   __HAL_RCC_GPIOI_CLK_ENABLE();
  51              		.loc 1 49 3 is_stmt 1 view .LVU3
  52              	.LBB2:
  53              		.loc 1 49 3 view .LVU4
  54              		.loc 1 49 3 view .LVU5
  55 0010 4A4B     		ldr	r3, .L3
  56 0012 D3F8E020 		ldr	r2, [r3, #224]
  57 0016 42F48072 		orr	r2, r2, #256
  58 001a C3F8E020 		str	r2, [r3, #224]
  59              		.loc 1 49 3 view .LVU6
  60 001e D3F8E020 		ldr	r2, [r3, #224]
  61 0022 02F48072 		and	r2, r2, #256
  62 0026 0192     		str	r2, [sp, #4]
  63              		.loc 1 49 3 view .LVU7
  64 0028 019A     		ldr	r2, [sp, #4]
  65              	.LBE2:
  66              		.loc 1 49 3 view .LVU8
ARM GAS  C:\Users\blue\AppData\Local\Temp\ccyUfYVg.s 			page 3


  50:Core/Src/gpio.c ****   __HAL_RCC_GPIOD_CLK_ENABLE();
  67              		.loc 1 50 3 view .LVU9
  68              	.LBB3:
  69              		.loc 1 50 3 view .LVU10
  70              		.loc 1 50 3 view .LVU11
  71 002a D3F8E020 		ldr	r2, [r3, #224]
  72 002e 42F00802 		orr	r2, r2, #8
  73 0032 C3F8E020 		str	r2, [r3, #224]
  74              		.loc 1 50 3 view .LVU12
  75 0036 D3F8E020 		ldr	r2, [r3, #224]
  76 003a 02F00802 		and	r2, r2, #8
  77 003e 0292     		str	r2, [sp, #8]
  78              		.loc 1 50 3 view .LVU13
  79 0040 029A     		ldr	r2, [sp, #8]
  80              	.LBE3:
  81              		.loc 1 50 3 view .LVU14
  51:Core/Src/gpio.c ****   __HAL_RCC_GPIOC_CLK_ENABLE();
  82              		.loc 1 51 3 view .LVU15
  83              	.LBB4:
  84              		.loc 1 51 3 view .LVU16
  85              		.loc 1 51 3 view .LVU17
  86 0042 D3F8E020 		ldr	r2, [r3, #224]
  87 0046 42F00402 		orr	r2, r2, #4
  88 004a C3F8E020 		str	r2, [r3, #224]
  89              		.loc 1 51 3 view .LVU18
  90 004e D3F8E020 		ldr	r2, [r3, #224]
  91 0052 02F00402 		and	r2, r2, #4
  92 0056 0392     		str	r2, [sp, #12]
  93              		.loc 1 51 3 view .LVU19
  94 0058 039A     		ldr	r2, [sp, #12]
  95              	.LBE4:
  96              		.loc 1 51 3 view .LVU20
  52:Core/Src/gpio.c ****   __HAL_RCC_GPIOB_CLK_ENABLE();
  97              		.loc 1 52 3 view .LVU21
  98              	.LBB5:
  99              		.loc 1 52 3 view .LVU22
 100              		.loc 1 52 3 view .LVU23
 101 005a D3F8E020 		ldr	r2, [r3, #224]
 102 005e 42F00202 		orr	r2, r2, #2
 103 0062 C3F8E020 		str	r2, [r3, #224]
 104              		.loc 1 52 3 view .LVU24
 105 0066 D3F8E020 		ldr	r2, [r3, #224]
 106 006a 02F00202 		and	r2, r2, #2
 107 006e 0492     		str	r2, [sp, #16]
 108              		.loc 1 52 3 view .LVU25
 109 0070 049A     		ldr	r2, [sp, #16]
 110              	.LBE5:
 111              		.loc 1 52 3 view .LVU26
  53:Core/Src/gpio.c ****   __HAL_RCC_GPIOA_CLK_ENABLE();
 112              		.loc 1 53 3 view .LVU27
 113              	.LBB6:
 114              		.loc 1 53 3 view .LVU28
 115              		.loc 1 53 3 view .LVU29
 116 0072 D3F8E020 		ldr	r2, [r3, #224]
 117 0076 42F00102 		orr	r2, r2, #1
 118 007a C3F8E020 		str	r2, [r3, #224]
 119              		.loc 1 53 3 view .LVU30
ARM GAS  C:\Users\blue\AppData\Local\Temp\ccyUfYVg.s 			page 4


 120 007e D3F8E020 		ldr	r2, [r3, #224]
 121 0082 02F00102 		and	r2, r2, #1
 122 0086 0592     		str	r2, [sp, #20]
 123              		.loc 1 53 3 view .LVU31
 124 0088 059A     		ldr	r2, [sp, #20]
 125              	.LBE6:
 126              		.loc 1 53 3 view .LVU32
  54:Core/Src/gpio.c ****   __HAL_RCC_GPIOH_CLK_ENABLE();
 127              		.loc 1 54 3 view .LVU33
 128              	.LBB7:
 129              		.loc 1 54 3 view .LVU34
 130              		.loc 1 54 3 view .LVU35
 131 008a D3F8E020 		ldr	r2, [r3, #224]
 132 008e 42F08002 		orr	r2, r2, #128
 133 0092 C3F8E020 		str	r2, [r3, #224]
 134              		.loc 1 54 3 view .LVU36
 135 0096 D3F8E030 		ldr	r3, [r3, #224]
 136 009a 03F08003 		and	r3, r3, #128
 137 009e 0693     		str	r3, [sp, #24]
 138              		.loc 1 54 3 view .LVU37
 139 00a0 069B     		ldr	r3, [sp, #24]
 140              	.LBE7:
 141              		.loc 1 54 3 view .LVU38
  55:Core/Src/gpio.c **** 
  56:Core/Src/gpio.c ****   /*Configure GPIO pin Output Level */
  57:Core/Src/gpio.c ****   HAL_GPIO_WritePin(GPIOI, RELAY_GPIO_Pin|MP3_VIRTUAL_UART_TX_Pin, GPIO_PIN_RESET);
 142              		.loc 1 57 3 view .LVU39
 143 00a2 274E     		ldr	r6, .L3+4
 144 00a4 2246     		mov	r2, r4
 145 00a6 4FF4A071 		mov	r1, #320
 146 00aa 3046     		mov	r0, r6
 147 00ac FFF7FEFF 		bl	HAL_GPIO_WritePin
 148              	.LVL0:
  58:Core/Src/gpio.c **** 
  59:Core/Src/gpio.c ****   /*Configure GPIO pin : PtPin */
  60:Core/Src/gpio.c ****   GPIO_InitStruct.Pin = RELAY_GPIO_Pin;
 149              		.loc 1 60 3 view .LVU40
 150              		.loc 1 60 23 is_stmt 0 view .LVU41
 151 00b0 4023     		movs	r3, #64
 152 00b2 0793     		str	r3, [sp, #28]
  61:Core/Src/gpio.c ****   GPIO_InitStruct.Mode = GPIO_MODE_OUTPUT_PP;
 153              		.loc 1 61 3 is_stmt 1 view .LVU42
 154              		.loc 1 61 24 is_stmt 0 view .LVU43
 155 00b4 0125     		movs	r5, #1
 156 00b6 0895     		str	r5, [sp, #32]
  62:Core/Src/gpio.c ****   GPIO_InitStruct.Pull = GPIO_NOPULL;
 157              		.loc 1 62 3 is_stmt 1 view .LVU44
 158              		.loc 1 62 24 is_stmt 0 view .LVU45
 159 00b8 0994     		str	r4, [sp, #36]
  63:Core/Src/gpio.c ****   GPIO_InitStruct.Speed = GPIO_SPEED_FREQ_LOW;
 160              		.loc 1 63 3 is_stmt 1 view .LVU46
 161              		.loc 1 63 25 is_stmt 0 view .LVU47
 162 00ba 0A94     		str	r4, [sp, #40]
  64:Core/Src/gpio.c ****   HAL_GPIO_Init(RELAY_GPIO_GPIO_Port, &GPIO_InitStruct);
 163              		.loc 1 64 3 is_stmt 1 view .LVU48
 164 00bc 07A9     		add	r1, sp, #28
 165 00be 3046     		mov	r0, r6
ARM GAS  C:\Users\blue\AppData\Local\Temp\ccyUfYVg.s 			page 5


 166 00c0 FFF7FEFF 		bl	HAL_GPIO_Init
 167              	.LVL1:
  65:Core/Src/gpio.c **** 
  66:Core/Src/gpio.c ****   /*Configure GPIO pins : PIPin PIPin PIPin PIPin */
  67:Core/Src/gpio.c ****   GPIO_InitStruct.Pin = WATER_PE_GPIO_Pin|RIGHT_PE_GPIO_Pin|LEFT_PE_GPIO_Pin|MP3_VIRTUAL_UART_RX_Pi
 168              		.loc 1 67 3 view .LVU49
 169              		.loc 1 67 23 is_stmt 0 view .LVU50
 170 00c4 4FF40E73 		mov	r3, #568
 171 00c8 0793     		str	r3, [sp, #28]
  68:Core/Src/gpio.c ****   GPIO_InitStruct.Mode = GPIO_MODE_INPUT;
 172              		.loc 1 68 3 is_stmt 1 view .LVU51
 173              		.loc 1 68 24 is_stmt 0 view .LVU52
 174 00ca 0894     		str	r4, [sp, #32]
  69:Core/Src/gpio.c ****   GPIO_InitStruct.Pull = GPIO_PULLUP;
 175              		.loc 1 69 3 is_stmt 1 view .LVU53
 176              		.loc 1 69 24 is_stmt 0 view .LVU54
 177 00cc 0995     		str	r5, [sp, #36]
  70:Core/Src/gpio.c ****   HAL_GPIO_Init(GPIOI, &GPIO_InitStruct);
 178              		.loc 1 70 3 is_stmt 1 view .LVU55
 179 00ce 07A9     		add	r1, sp, #28
 180 00d0 3046     		mov	r0, r6
 181 00d2 FFF7FEFF 		bl	HAL_GPIO_Init
 182              	.LVL2:
  71:Core/Src/gpio.c **** 
  72:Core/Src/gpio.c ****   /*Configure GPIO pins : PDPin PDPin PDPin PDPin
  73:Core/Src/gpio.c ****                            PDPin */
  74:Core/Src/gpio.c ****   GPIO_InitStruct.Pin = GRAY12_GPIO_Pin|GRAY11_GPIO_Pin|GRAY13_GPIO_Pin|GRAY10_GPIO_Pin
 183              		.loc 1 74 3 view .LVU56
 184              		.loc 1 74 23 is_stmt 0 view .LVU57
 185 00d6 F823     		movs	r3, #248
 186 00d8 0793     		str	r3, [sp, #28]
  75:Core/Src/gpio.c ****                           |GRAY14_GPIO_Pin;
  76:Core/Src/gpio.c ****   GPIO_InitStruct.Mode = GPIO_MODE_INPUT;
 187              		.loc 1 76 3 is_stmt 1 view .LVU58
 188              		.loc 1 76 24 is_stmt 0 view .LVU59
 189 00da 0894     		str	r4, [sp, #32]
  77:Core/Src/gpio.c ****   GPIO_InitStruct.Pull = GPIO_PULLUP;
 190              		.loc 1 77 3 is_stmt 1 view .LVU60
 191              		.loc 1 77 24 is_stmt 0 view .LVU61
 192 00dc 0995     		str	r5, [sp, #36]
  78:Core/Src/gpio.c ****   HAL_GPIO_Init(GPIOD, &GPIO_InitStruct);
 193              		.loc 1 78 3 is_stmt 1 view .LVU62
 194 00de 07A9     		add	r1, sp, #28
 195 00e0 1848     		ldr	r0, .L3+8
 196 00e2 FFF7FEFF 		bl	HAL_GPIO_Init
 197              	.LVL3:
  79:Core/Src/gpio.c **** 
  80:Core/Src/gpio.c ****   /*Configure GPIO pins : PBPin PBPin PBPin PBPin */
  81:Core/Src/gpio.c ****   GPIO_InitStruct.Pin = GRAY2_GPIO_Pin|GRAY1_GPIO_Pin|GRAY4_GPIO_Pin|GRAY3_GPIO_Pin;
 198              		.loc 1 81 3 view .LVU63
 199              		.loc 1 81 23 is_stmt 0 view .LVU64
 200 00e6 4CF20C03 		movw	r3, #49164
 201 00ea 0793     		str	r3, [sp, #28]
  82:Core/Src/gpio.c ****   GPIO_InitStruct.Mode = GPIO_MODE_INPUT;
 202              		.loc 1 82 3 is_stmt 1 view .LVU65
 203              		.loc 1 82 24 is_stmt 0 view .LVU66
 204 00ec 0894     		str	r4, [sp, #32]
ARM GAS  C:\Users\blue\AppData\Local\Temp\ccyUfYVg.s 			page 6


  83:Core/Src/gpio.c ****   GPIO_InitStruct.Pull = GPIO_PULLUP;
 205              		.loc 1 83 3 is_stmt 1 view .LVU67
 206              		.loc 1 83 24 is_stmt 0 view .LVU68
 207 00ee 0995     		str	r5, [sp, #36]
  84:Core/Src/gpio.c ****   HAL_GPIO_Init(GPIOB, &GPIO_InitStruct);
 208              		.loc 1 84 3 is_stmt 1 view .LVU69
 209 00f0 154F     		ldr	r7, .L3+12
 210 00f2 07A9     		add	r1, sp, #28
 211 00f4 3846     		mov	r0, r7
 212 00f6 FFF7FEFF 		bl	HAL_GPIO_Init
 213              	.LVL4:
  85:Core/Src/gpio.c **** 
  86:Core/Src/gpio.c ****   /*Configure GPIO pins : PB9 PB8 */
  87:Core/Src/gpio.c ****   GPIO_InitStruct.Pin = GPIO_PIN_9|GPIO_PIN_8;
 214              		.loc 1 87 3 view .LVU70
 215              		.loc 1 87 23 is_stmt 0 view .LVU71
 216 00fa 4FF44073 		mov	r3, #768
 217 00fe 0793     		str	r3, [sp, #28]
  88:Core/Src/gpio.c ****   GPIO_InitStruct.Mode = GPIO_MODE_AF_PP;
 218              		.loc 1 88 3 is_stmt 1 view .LVU72
 219              		.loc 1 88 24 is_stmt 0 view .LVU73
 220 0100 0223     		movs	r3, #2
 221 0102 0893     		str	r3, [sp, #32]
  89:Core/Src/gpio.c ****   GPIO_InitStruct.Pull = GPIO_NOPULL;
 222              		.loc 1 89 3 is_stmt 1 view .LVU74
 223              		.loc 1 89 24 is_stmt 0 view .LVU75
 224 0104 0994     		str	r4, [sp, #36]
  90:Core/Src/gpio.c ****   GPIO_InitStruct.Speed = GPIO_SPEED_FREQ_LOW;
 225              		.loc 1 90 3 is_stmt 1 view .LVU76
 226              		.loc 1 90 25 is_stmt 0 view .LVU77
 227 0106 0A94     		str	r4, [sp, #40]
  91:Core/Src/gpio.c ****   GPIO_InitStruct.Alternate = GPIO_AF9_FDCAN1;
 228              		.loc 1 91 3 is_stmt 1 view .LVU78
 229              		.loc 1 91 29 is_stmt 0 view .LVU79
 230 0108 0923     		movs	r3, #9
 231 010a 0B93     		str	r3, [sp, #44]
  92:Core/Src/gpio.c ****   HAL_GPIO_Init(GPIOB, &GPIO_InitStruct);
 232              		.loc 1 92 3 is_stmt 1 view .LVU80
 233 010c 07A9     		add	r1, sp, #28
 234 010e 3846     		mov	r0, r7
 235 0110 FFF7FEFF 		bl	HAL_GPIO_Init
 236              	.LVL5:
  93:Core/Src/gpio.c **** 
  94:Core/Src/gpio.c ****   /*Configure GPIO pin : PtPin */
  95:Core/Src/gpio.c ****   GPIO_InitStruct.Pin = MP3_VIRTUAL_UART_TX_Pin;
 237              		.loc 1 95 3 view .LVU81
 238              		.loc 1 95 23 is_stmt 0 view .LVU82
 239 0114 4FF48073 		mov	r3, #256
 240 0118 0793     		str	r3, [sp, #28]
  96:Core/Src/gpio.c ****   GPIO_InitStruct.Mode = GPIO_MODE_OUTPUT_PP;
 241              		.loc 1 96 3 is_stmt 1 view .LVU83
 242              		.loc 1 96 24 is_stmt 0 view .LVU84
 243 011a 0895     		str	r5, [sp, #32]
  97:Core/Src/gpio.c ****   GPIO_InitStruct.Pull = GPIO_PULLUP;
 244              		.loc 1 97 3 is_stmt 1 view .LVU85
 245              		.loc 1 97 24 is_stmt 0 view .LVU86
 246 011c 0995     		str	r5, [sp, #36]
ARM GAS  C:\Users\blue\AppData\Local\Temp\ccyUfYVg.s 			page 7


  98:Core/Src/gpio.c ****   GPIO_InitStruct.Speed = GPIO_SPEED_FREQ_LOW;
 247              		.loc 1 98 3 is_stmt 1 view .LVU87
 248              		.loc 1 98 25 is_stmt 0 view .LVU88
 249 011e 0A94     		str	r4, [sp, #40]
  99:Core/Src/gpio.c ****   HAL_GPIO_Init(MP3_VIRTUAL_UART_TX_GPIO_Port, &GPIO_InitStruct);
 250              		.loc 1 99 3 is_stmt 1 view .LVU89
 251 0120 07A9     		add	r1, sp, #28
 252 0122 3046     		mov	r0, r6
 253 0124 FFF7FEFF 		bl	HAL_GPIO_Init
 254              	.LVL6:
 100:Core/Src/gpio.c **** 
 101:Core/Src/gpio.c ****   /*Configure GPIO pins : PCPin PCPin PCPin PCPin
 102:Core/Src/gpio.c ****                            PCPin */
 103:Core/Src/gpio.c ****   GPIO_InitStruct.Pin = GRAY5_GPIO_Pin|GRAY6_GPIO_Pin|GRAY7_GPIO_Pin|GRAY8_GPIO_Pin
 255              		.loc 1 103 3 view .LVU90
 256              		.loc 1 103 23 is_stmt 0 view .LVU91
 257 0128 3E23     		movs	r3, #62
 258 012a 0793     		str	r3, [sp, #28]
 104:Core/Src/gpio.c ****                           |GRAY9_GPIO_Pin;
 105:Core/Src/gpio.c ****   GPIO_InitStruct.Mode = GPIO_MODE_INPUT;
 259              		.loc 1 105 3 is_stmt 1 view .LVU92
 260              		.loc 1 105 24 is_stmt 0 view .LVU93
 261 012c 0894     		str	r4, [sp, #32]
 106:Core/Src/gpio.c ****   GPIO_InitStruct.Pull = GPIO_PULLUP;
 262              		.loc 1 106 3 is_stmt 1 view .LVU94
 263              		.loc 1 106 24 is_stmt 0 view .LVU95
 264 012e 0995     		str	r5, [sp, #36]
 107:Core/Src/gpio.c ****   HAL_GPIO_Init(GPIOC, &GPIO_InitStruct);
 265              		.loc 1 107 3 is_stmt 1 view .LVU96
 266 0130 07A9     		add	r1, sp, #28
 267 0132 0648     		ldr	r0, .L3+16
 268 0134 FFF7FEFF 		bl	HAL_GPIO_Init
 269              	.LVL7:
 108:Core/Src/gpio.c **** 
 109:Core/Src/gpio.c **** }
 270              		.loc 1 109 1 is_stmt 0 view .LVU97
 271 0138 0DB0     		add	sp, sp, #52
 272              	.LCFI2:
 273              		.cfi_def_cfa_offset 20
 274              		@ sp needed
 275 013a F0BD     		pop	{r4, r5, r6, r7, pc}
 276              	.L4:
 277              		.align	2
 278              	.L3:
 279 013c 00440258 		.word	1476543488
 280 0140 00200258 		.word	1476534272
 281 0144 000C0258 		.word	1476529152
 282 0148 00040258 		.word	1476527104
 283 014c 00080258 		.word	1476528128
 284              		.cfi_endproc
 285              	.LFE144:
 287              		.text
 288              	.Letext0:
 289              		.file 2 "d:\\rm\\arm-gnu-toolchian\\arm-none-eabi\\include\\machine\\_default_types.h"
 290              		.file 3 "d:\\rm\\arm-gnu-toolchian\\arm-none-eabi\\include\\sys\\_stdint.h"
 291              		.file 4 "Drivers/CMSIS/Device/ST/STM32H7xx/Include/stm32h743xx.h"
 292              		.file 5 "Drivers/STM32H7xx_HAL_Driver/Inc/stm32h7xx_hal_gpio.h"
ARM GAS  C:\Users\blue\AppData\Local\Temp\ccyUfYVg.s 			page 8


ARM GAS  C:\Users\blue\AppData\Local\Temp\ccyUfYVg.s 			page 9


DEFINED SYMBOLS
                            *ABS*:00000000 gpio.c
C:\Users\blue\AppData\Local\Temp\ccyUfYVg.s:19     .text.MX_GPIO_Init:00000000 $t
C:\Users\blue\AppData\Local\Temp\ccyUfYVg.s:25     .text.MX_GPIO_Init:00000000 MX_GPIO_Init
C:\Users\blue\AppData\Local\Temp\ccyUfYVg.s:279    .text.MX_GPIO_Init:0000013c $d

UNDEFINED SYMBOLS
HAL_GPIO_WritePin
HAL_GPIO_Init
