ARM GAS  C:\Users\blue\AppData\Local\Temp\ccc2H12L.s 			page 1


   1              		.cpu cortex-m7
   2              		.arch armv7e-m
   3              		.fpu fpv5-d16
   4              		.eabi_attribute 28, 1
   5              		.eabi_attribute 20, 1
   6              		.eabi_attribute 21, 1
   7              		.eabi_attribute 23, 3
   8              		.eabi_attribute 24, 1
   9              		.eabi_attribute 25, 1
  10              		.eabi_attribute 26, 1
  11              		.eabi_attribute 30, 1
  12              		.eabi_attribute 34, 1
  13              		.eabi_attribute 18, 4
  14              		.file	"gyro.c"
  15              		.text
  16              	.Ltext0:
  17              		.cfi_sections	.debug_frame
  18              	.Letext0:
  19              		.file 1 "d:\\rm\\arm-gnu-toolchian\\arm-none-eabi\\include\\machine\\_default_types.h"
  20              		.file 2 "d:\\rm\\arm-gnu-toolchian\\arm-none-eabi\\include\\sys\\_stdint.h"
  21              		.file 3 "modules/gyro/gyro.h"
  22              		.file 4 "modules/daemon/daemon.h"
  23              		.file 5 "modules/gyro/gyro.c"
ARM GAS  C:\Users\blue\AppData\Local\Temp\ccc2H12L.s 			page 2


DEFINED SYMBOLS
                            *ABS*:00000000 gyro.c

NO UNDEFINED SYMBOLS
