ARM GAS  C:\Users\blue\AppData\Local\Temp\cc9CJ6Tl.s 			page 1


   1              		.cpu cortex-m7
   2              		.arch armv7e-m
   3              		.fpu fpv5-d16
   4              		.eabi_attribute 28, 1
   5              		.eabi_attribute 20, 1
   6              		.eabi_attribute 21, 1
   7              		.eabi_attribute 23, 3
   8              		.eabi_attribute 24, 1
   9              		.eabi_attribute 25, 1
  10              		.eabi_attribute 26, 1
  11              		.eabi_attribute 30, 1
  12              		.eabi_attribute 34, 1
  13              		.eabi_attribute 18, 4
  14              		.file	"stm32h7xx_hal_crc_ex.c"
  15              		.text
  16              	.Ltext0:
  17              		.cfi_sections	.debug_frame
  18              		.section	.text.HAL_CRCEx_Polynomial_Set,"ax",%progbits
  19              		.align	1
  20              		.global	HAL_CRCEx_Polynomial_Set
  21              		.syntax unified
  22              		.thumb
  23              		.thumb_func
  25              	HAL_CRCEx_Polynomial_Set:
  26              	.LVL0:
  27              	.LFB144:
  28              		.file 1 "Drivers/STM32H7xx_HAL_Driver/Src/stm32h7xx_hal_crc_ex.c"
   1:Drivers/STM32H7xx_HAL_Driver/Src/stm32h7xx_hal_crc_ex.c **** /**
   2:Drivers/STM32H7xx_HAL_Driver/Src/stm32h7xx_hal_crc_ex.c ****   ******************************************************************************
   3:Drivers/STM32H7xx_HAL_Driver/Src/stm32h7xx_hal_crc_ex.c ****   * @file    stm32h7xx_hal_crc_ex.c
   4:Drivers/STM32H7xx_HAL_Driver/Src/stm32h7xx_hal_crc_ex.c ****   * @author  MCD Application Team
   5:Drivers/STM32H7xx_HAL_Driver/Src/stm32h7xx_hal_crc_ex.c ****   * @brief   Extended CRC HAL module driver.
   6:Drivers/STM32H7xx_HAL_Driver/Src/stm32h7xx_hal_crc_ex.c ****   *          This file provides firmware functions to manage the extended
   7:Drivers/STM32H7xx_HAL_Driver/Src/stm32h7xx_hal_crc_ex.c ****   *          functionalities of the CRC peripheral.
   8:Drivers/STM32H7xx_HAL_Driver/Src/stm32h7xx_hal_crc_ex.c ****   *
   9:Drivers/STM32H7xx_HAL_Driver/Src/stm32h7xx_hal_crc_ex.c ****   ******************************************************************************
  10:Drivers/STM32H7xx_HAL_Driver/Src/stm32h7xx_hal_crc_ex.c ****   * @attention
  11:Drivers/STM32H7xx_HAL_Driver/Src/stm32h7xx_hal_crc_ex.c ****   *
  12:Drivers/STM32H7xx_HAL_Driver/Src/stm32h7xx_hal_crc_ex.c ****   * Copyright (c) 2017 STMicroelectronics.
  13:Drivers/STM32H7xx_HAL_Driver/Src/stm32h7xx_hal_crc_ex.c ****   * All rights reserved.
  14:Drivers/STM32H7xx_HAL_Driver/Src/stm32h7xx_hal_crc_ex.c ****   *
  15:Drivers/STM32H7xx_HAL_Driver/Src/stm32h7xx_hal_crc_ex.c ****   * This software is licensed under terms that can be found in the LICENSE file
  16:Drivers/STM32H7xx_HAL_Driver/Src/stm32h7xx_hal_crc_ex.c ****   * in the root directory of this software component.
  17:Drivers/STM32H7xx_HAL_Driver/Src/stm32h7xx_hal_crc_ex.c ****   * If no LICENSE file comes with this software, it is provided AS-IS.
  18:Drivers/STM32H7xx_HAL_Driver/Src/stm32h7xx_hal_crc_ex.c ****   *
  19:Drivers/STM32H7xx_HAL_Driver/Src/stm32h7xx_hal_crc_ex.c ****   ******************************************************************************
  20:Drivers/STM32H7xx_HAL_Driver/Src/stm32h7xx_hal_crc_ex.c ****   @verbatim
  21:Drivers/STM32H7xx_HAL_Driver/Src/stm32h7xx_hal_crc_ex.c **** ================================================================================
  22:Drivers/STM32H7xx_HAL_Driver/Src/stm32h7xx_hal_crc_ex.c ****             ##### How to use this driver #####
  23:Drivers/STM32H7xx_HAL_Driver/Src/stm32h7xx_hal_crc_ex.c **** ================================================================================
  24:Drivers/STM32H7xx_HAL_Driver/Src/stm32h7xx_hal_crc_ex.c ****     [..]
  25:Drivers/STM32H7xx_HAL_Driver/Src/stm32h7xx_hal_crc_ex.c ****          (+) Set user-defined generating polynomial through HAL_CRCEx_Polynomial_Set()
  26:Drivers/STM32H7xx_HAL_Driver/Src/stm32h7xx_hal_crc_ex.c ****          (+) Configure Input or Output data inversion
  27:Drivers/STM32H7xx_HAL_Driver/Src/stm32h7xx_hal_crc_ex.c **** 
  28:Drivers/STM32H7xx_HAL_Driver/Src/stm32h7xx_hal_crc_ex.c ****   @endverbatim
  29:Drivers/STM32H7xx_HAL_Driver/Src/stm32h7xx_hal_crc_ex.c ****   ******************************************************************************
  30:Drivers/STM32H7xx_HAL_Driver/Src/stm32h7xx_hal_crc_ex.c ****   */
ARM GAS  C:\Users\blue\AppData\Local\Temp\cc9CJ6Tl.s 			page 2


  31:Drivers/STM32H7xx_HAL_Driver/Src/stm32h7xx_hal_crc_ex.c **** 
  32:Drivers/STM32H7xx_HAL_Driver/Src/stm32h7xx_hal_crc_ex.c **** /* Includes ------------------------------------------------------------------*/
  33:Drivers/STM32H7xx_HAL_Driver/Src/stm32h7xx_hal_crc_ex.c **** #include "stm32h7xx_hal.h"
  34:Drivers/STM32H7xx_HAL_Driver/Src/stm32h7xx_hal_crc_ex.c **** 
  35:Drivers/STM32H7xx_HAL_Driver/Src/stm32h7xx_hal_crc_ex.c **** /** @addtogroup STM32H7xx_HAL_Driver
  36:Drivers/STM32H7xx_HAL_Driver/Src/stm32h7xx_hal_crc_ex.c ****   * @{
  37:Drivers/STM32H7xx_HAL_Driver/Src/stm32h7xx_hal_crc_ex.c ****   */
  38:Drivers/STM32H7xx_HAL_Driver/Src/stm32h7xx_hal_crc_ex.c **** 
  39:Drivers/STM32H7xx_HAL_Driver/Src/stm32h7xx_hal_crc_ex.c **** /** @defgroup CRCEx CRCEx
  40:Drivers/STM32H7xx_HAL_Driver/Src/stm32h7xx_hal_crc_ex.c ****   * @brief CRC Extended HAL module driver
  41:Drivers/STM32H7xx_HAL_Driver/Src/stm32h7xx_hal_crc_ex.c ****   * @{
  42:Drivers/STM32H7xx_HAL_Driver/Src/stm32h7xx_hal_crc_ex.c ****   */
  43:Drivers/STM32H7xx_HAL_Driver/Src/stm32h7xx_hal_crc_ex.c **** 
  44:Drivers/STM32H7xx_HAL_Driver/Src/stm32h7xx_hal_crc_ex.c **** #ifdef HAL_CRC_MODULE_ENABLED
  45:Drivers/STM32H7xx_HAL_Driver/Src/stm32h7xx_hal_crc_ex.c **** 
  46:Drivers/STM32H7xx_HAL_Driver/Src/stm32h7xx_hal_crc_ex.c **** /* Private typedef -----------------------------------------------------------*/
  47:Drivers/STM32H7xx_HAL_Driver/Src/stm32h7xx_hal_crc_ex.c **** /* Private define ------------------------------------------------------------*/
  48:Drivers/STM32H7xx_HAL_Driver/Src/stm32h7xx_hal_crc_ex.c **** /* Private macro -------------------------------------------------------------*/
  49:Drivers/STM32H7xx_HAL_Driver/Src/stm32h7xx_hal_crc_ex.c **** /* Private variables ---------------------------------------------------------*/
  50:Drivers/STM32H7xx_HAL_Driver/Src/stm32h7xx_hal_crc_ex.c **** /* Private function prototypes -----------------------------------------------*/
  51:Drivers/STM32H7xx_HAL_Driver/Src/stm32h7xx_hal_crc_ex.c **** /* Exported functions --------------------------------------------------------*/
  52:Drivers/STM32H7xx_HAL_Driver/Src/stm32h7xx_hal_crc_ex.c **** 
  53:Drivers/STM32H7xx_HAL_Driver/Src/stm32h7xx_hal_crc_ex.c **** /** @defgroup CRCEx_Exported_Functions CRC Extended Exported Functions
  54:Drivers/STM32H7xx_HAL_Driver/Src/stm32h7xx_hal_crc_ex.c ****   * @{
  55:Drivers/STM32H7xx_HAL_Driver/Src/stm32h7xx_hal_crc_ex.c ****   */
  56:Drivers/STM32H7xx_HAL_Driver/Src/stm32h7xx_hal_crc_ex.c **** 
  57:Drivers/STM32H7xx_HAL_Driver/Src/stm32h7xx_hal_crc_ex.c **** /** @defgroup CRCEx_Exported_Functions_Group1 Extended Initialization/de-initialization functions
  58:Drivers/STM32H7xx_HAL_Driver/Src/stm32h7xx_hal_crc_ex.c ****   * @brief    Extended Initialization and Configuration functions.
  59:Drivers/STM32H7xx_HAL_Driver/Src/stm32h7xx_hal_crc_ex.c ****   *
  60:Drivers/STM32H7xx_HAL_Driver/Src/stm32h7xx_hal_crc_ex.c **** @verbatim
  61:Drivers/STM32H7xx_HAL_Driver/Src/stm32h7xx_hal_crc_ex.c ****  ===============================================================================
  62:Drivers/STM32H7xx_HAL_Driver/Src/stm32h7xx_hal_crc_ex.c ****             ##### Extended configuration functions #####
  63:Drivers/STM32H7xx_HAL_Driver/Src/stm32h7xx_hal_crc_ex.c ****  ===============================================================================
  64:Drivers/STM32H7xx_HAL_Driver/Src/stm32h7xx_hal_crc_ex.c ****     [..]  This section provides functions allowing to:
  65:Drivers/STM32H7xx_HAL_Driver/Src/stm32h7xx_hal_crc_ex.c ****       (+) Configure the generating polynomial
  66:Drivers/STM32H7xx_HAL_Driver/Src/stm32h7xx_hal_crc_ex.c ****       (+) Configure the input data inversion
  67:Drivers/STM32H7xx_HAL_Driver/Src/stm32h7xx_hal_crc_ex.c ****       (+) Configure the output data inversion
  68:Drivers/STM32H7xx_HAL_Driver/Src/stm32h7xx_hal_crc_ex.c **** 
  69:Drivers/STM32H7xx_HAL_Driver/Src/stm32h7xx_hal_crc_ex.c **** @endverbatim
  70:Drivers/STM32H7xx_HAL_Driver/Src/stm32h7xx_hal_crc_ex.c ****   * @{
  71:Drivers/STM32H7xx_HAL_Driver/Src/stm32h7xx_hal_crc_ex.c ****   */
  72:Drivers/STM32H7xx_HAL_Driver/Src/stm32h7xx_hal_crc_ex.c **** 
  73:Drivers/STM32H7xx_HAL_Driver/Src/stm32h7xx_hal_crc_ex.c **** 
  74:Drivers/STM32H7xx_HAL_Driver/Src/stm32h7xx_hal_crc_ex.c **** /**
  75:Drivers/STM32H7xx_HAL_Driver/Src/stm32h7xx_hal_crc_ex.c ****   * @brief  Initialize the CRC polynomial if different from default one.
  76:Drivers/STM32H7xx_HAL_Driver/Src/stm32h7xx_hal_crc_ex.c ****   * @param  hcrc CRC handle
  77:Drivers/STM32H7xx_HAL_Driver/Src/stm32h7xx_hal_crc_ex.c ****   * @param  Pol CRC generating polynomial (7, 8, 16 or 32-bit long).
  78:Drivers/STM32H7xx_HAL_Driver/Src/stm32h7xx_hal_crc_ex.c ****   *         This parameter is written in normal representation, e.g.
  79:Drivers/STM32H7xx_HAL_Driver/Src/stm32h7xx_hal_crc_ex.c ****   *         @arg for a polynomial of degree 7, X^7 + X^6 + X^5 + X^2 + 1 is written 0x65
  80:Drivers/STM32H7xx_HAL_Driver/Src/stm32h7xx_hal_crc_ex.c ****   *         @arg for a polynomial of degree 16, X^16 + X^12 + X^5 + 1 is written 0x1021
  81:Drivers/STM32H7xx_HAL_Driver/Src/stm32h7xx_hal_crc_ex.c ****   * @param  PolyLength CRC polynomial length.
  82:Drivers/STM32H7xx_HAL_Driver/Src/stm32h7xx_hal_crc_ex.c ****   *         This parameter can be one of the following values:
  83:Drivers/STM32H7xx_HAL_Driver/Src/stm32h7xx_hal_crc_ex.c ****   *          @arg @ref CRC_POLYLENGTH_7B  7-bit long CRC (generating polynomial of degree 7)
  84:Drivers/STM32H7xx_HAL_Driver/Src/stm32h7xx_hal_crc_ex.c ****   *          @arg @ref CRC_POLYLENGTH_8B  8-bit long CRC (generating polynomial of degree 8)
  85:Drivers/STM32H7xx_HAL_Driver/Src/stm32h7xx_hal_crc_ex.c ****   *          @arg @ref CRC_POLYLENGTH_16B 16-bit long CRC (generating polynomial of degree 16)
  86:Drivers/STM32H7xx_HAL_Driver/Src/stm32h7xx_hal_crc_ex.c ****   *          @arg @ref CRC_POLYLENGTH_32B 32-bit long CRC (generating polynomial of degree 32)
  87:Drivers/STM32H7xx_HAL_Driver/Src/stm32h7xx_hal_crc_ex.c ****   * @retval HAL status
ARM GAS  C:\Users\blue\AppData\Local\Temp\cc9CJ6Tl.s 			page 3


  88:Drivers/STM32H7xx_HAL_Driver/Src/stm32h7xx_hal_crc_ex.c ****   */
  89:Drivers/STM32H7xx_HAL_Driver/Src/stm32h7xx_hal_crc_ex.c **** HAL_StatusTypeDef HAL_CRCEx_Polynomial_Set(CRC_HandleTypeDef *hcrc, uint32_t Pol, uint32_t PolyLeng
  90:Drivers/STM32H7xx_HAL_Driver/Src/stm32h7xx_hal_crc_ex.c **** {
  29              		.loc 1 90 1 view -0
  30              		.cfi_startproc
  31              		@ args = 0, pretend = 0, frame = 0
  32              		@ frame_needed = 0, uses_anonymous_args = 0
  33              		@ link register save eliminated.
  91:Drivers/STM32H7xx_HAL_Driver/Src/stm32h7xx_hal_crc_ex.c ****   HAL_StatusTypeDef status = HAL_OK;
  34              		.loc 1 91 3 view .LVU1
  92:Drivers/STM32H7xx_HAL_Driver/Src/stm32h7xx_hal_crc_ex.c ****   uint32_t msb = 31U; /* polynomial degree is 32 at most, so msb is initialized to max value */
  35              		.loc 1 92 3 view .LVU2
  93:Drivers/STM32H7xx_HAL_Driver/Src/stm32h7xx_hal_crc_ex.c **** 
  94:Drivers/STM32H7xx_HAL_Driver/Src/stm32h7xx_hal_crc_ex.c ****   /* Check the parameters */
  95:Drivers/STM32H7xx_HAL_Driver/Src/stm32h7xx_hal_crc_ex.c ****   assert_param(IS_CRC_POL_LENGTH(PolyLength));
  36              		.loc 1 95 3 view .LVU3
  96:Drivers/STM32H7xx_HAL_Driver/Src/stm32h7xx_hal_crc_ex.c **** 
  97:Drivers/STM32H7xx_HAL_Driver/Src/stm32h7xx_hal_crc_ex.c ****   /* Ensure that the generating polynomial is odd */
  98:Drivers/STM32H7xx_HAL_Driver/Src/stm32h7xx_hal_crc_ex.c ****   if ((Pol & (uint32_t)(0x1U)) ==  0U)
  37              		.loc 1 98 3 view .LVU4
  38              		.loc 1 98 6 is_stmt 0 view .LVU5
  39 0000 11F0010F 		tst	r1, #1
  40 0004 30D0     		beq	.L10
  90:Drivers/STM32H7xx_HAL_Driver/Src/stm32h7xx_hal_crc_ex.c ****   HAL_StatusTypeDef status = HAL_OK;
  41              		.loc 1 90 1 view .LVU6
  42 0006 10B4     		push	{r4}
  43              	.LCFI0:
  44              		.cfi_def_cfa_offset 4
  45              		.cfi_offset 4, -4
  92:Drivers/STM32H7xx_HAL_Driver/Src/stm32h7xx_hal_crc_ex.c **** 
  46              		.loc 1 92 12 view .LVU7
  47 0008 1F23     		movs	r3, #31
  48              	.LVL1:
  49              	.L4:
  99:Drivers/STM32H7xx_HAL_Driver/Src/stm32h7xx_hal_crc_ex.c ****   {
 100:Drivers/STM32H7xx_HAL_Driver/Src/stm32h7xx_hal_crc_ex.c ****     status =  HAL_ERROR;
 101:Drivers/STM32H7xx_HAL_Driver/Src/stm32h7xx_hal_crc_ex.c ****   }
 102:Drivers/STM32H7xx_HAL_Driver/Src/stm32h7xx_hal_crc_ex.c ****   else
 103:Drivers/STM32H7xx_HAL_Driver/Src/stm32h7xx_hal_crc_ex.c ****   {
 104:Drivers/STM32H7xx_HAL_Driver/Src/stm32h7xx_hal_crc_ex.c ****     /* check polynomial definition vs polynomial size:
 105:Drivers/STM32H7xx_HAL_Driver/Src/stm32h7xx_hal_crc_ex.c ****      * polynomial length must be aligned with polynomial
 106:Drivers/STM32H7xx_HAL_Driver/Src/stm32h7xx_hal_crc_ex.c ****      * definition. HAL_ERROR is reported if Pol degree is
 107:Drivers/STM32H7xx_HAL_Driver/Src/stm32h7xx_hal_crc_ex.c ****      * larger than that indicated by PolyLength.
 108:Drivers/STM32H7xx_HAL_Driver/Src/stm32h7xx_hal_crc_ex.c ****      * Look for MSB position: msb will contain the degree of
 109:Drivers/STM32H7xx_HAL_Driver/Src/stm32h7xx_hal_crc_ex.c ****      *  the second to the largest polynomial member. E.g., for
 110:Drivers/STM32H7xx_HAL_Driver/Src/stm32h7xx_hal_crc_ex.c ****      *  X^7 + X^6 + X^5 + X^2 + 1, msb = 6. */
 111:Drivers/STM32H7xx_HAL_Driver/Src/stm32h7xx_hal_crc_ex.c ****     while ((msb-- > 0U) && ((Pol & ((uint32_t)(0x1U) << (msb & 0x1FU))) == 0U))
 112:Drivers/STM32H7xx_HAL_Driver/Src/stm32h7xx_hal_crc_ex.c ****     {
 113:Drivers/STM32H7xx_HAL_Driver/Src/stm32h7xx_hal_crc_ex.c ****     }
  50              		.loc 1 113 5 is_stmt 1 discriminator 2 view .LVU8
 111:Drivers/STM32H7xx_HAL_Driver/Src/stm32h7xx_hal_crc_ex.c ****     {
  51              		.loc 1 111 11 discriminator 2 view .LVU9
  52 000a 1C46     		mov	r4, r3
 111:Drivers/STM32H7xx_HAL_Driver/Src/stm32h7xx_hal_crc_ex.c ****     {
  53              		.loc 1 111 16 is_stmt 0 discriminator 2 view .LVU10
  54 000c 013B     		subs	r3, r3, #1
  55              	.LVL2:
ARM GAS  C:\Users\blue\AppData\Local\Temp\cc9CJ6Tl.s 			page 4


 111:Drivers/STM32H7xx_HAL_Driver/Src/stm32h7xx_hal_crc_ex.c ****     {
  56              		.loc 1 111 11 discriminator 2 view .LVU11
  57 000e 34B1     		cbz	r4, .L3
 111:Drivers/STM32H7xx_HAL_Driver/Src/stm32h7xx_hal_crc_ex.c ****     {
  58              		.loc 1 111 62 discriminator 1 view .LVU12
  59 0010 03F01F0C 		and	ip, r3, #31
 111:Drivers/STM32H7xx_HAL_Driver/Src/stm32h7xx_hal_crc_ex.c ****     {
  60              		.loc 1 111 73 discriminator 1 view .LVU13
  61 0014 21FA0CFC 		lsr	ip, r1, ip
 111:Drivers/STM32H7xx_HAL_Driver/Src/stm32h7xx_hal_crc_ex.c ****     {
  62              		.loc 1 111 25 discriminator 1 view .LVU14
  63 0018 1CF0010F 		tst	ip, #1
  64 001c F5D0     		beq	.L4
  65              	.L3:
 114:Drivers/STM32H7xx_HAL_Driver/Src/stm32h7xx_hal_crc_ex.c **** 
 115:Drivers/STM32H7xx_HAL_Driver/Src/stm32h7xx_hal_crc_ex.c ****     switch (PolyLength)
  66              		.loc 1 115 5 is_stmt 1 view .LVU15
  67 001e 182A     		cmp	r2, #24
  68 0020 24D8     		bhi	.L11
  69 0022 DFE802F0 		tbb	[pc, r2]
  70              	.L6:
  71 0026 0F       		.byte	(.L9-.L6)/2
  72 0027 23       		.byte	(.L11-.L6)/2
  73 0028 23       		.byte	(.L11-.L6)/2
  74 0029 23       		.byte	(.L11-.L6)/2
  75 002a 23       		.byte	(.L11-.L6)/2
  76 002b 23       		.byte	(.L11-.L6)/2
  77 002c 23       		.byte	(.L11-.L6)/2
  78 002d 23       		.byte	(.L11-.L6)/2
  79 002e 1D       		.byte	(.L8-.L6)/2
  80 002f 23       		.byte	(.L11-.L6)/2
  81 0030 23       		.byte	(.L11-.L6)/2
  82 0031 23       		.byte	(.L11-.L6)/2
  83 0032 23       		.byte	(.L11-.L6)/2
  84 0033 23       		.byte	(.L11-.L6)/2
  85 0034 23       		.byte	(.L11-.L6)/2
  86 0035 23       		.byte	(.L11-.L6)/2
  87 0036 19       		.byte	(.L7-.L6)/2
  88 0037 23       		.byte	(.L11-.L6)/2
  89 0038 23       		.byte	(.L11-.L6)/2
  90 0039 23       		.byte	(.L11-.L6)/2
  91 003a 23       		.byte	(.L11-.L6)/2
  92 003b 23       		.byte	(.L11-.L6)/2
  93 003c 23       		.byte	(.L11-.L6)/2
  94 003d 23       		.byte	(.L11-.L6)/2
  95 003e 0D       		.byte	(.L5-.L6)/2
  96 003f 00       		.p2align 1
  97              	.L5:
 116:Drivers/STM32H7xx_HAL_Driver/Src/stm32h7xx_hal_crc_ex.c ****     {
 117:Drivers/STM32H7xx_HAL_Driver/Src/stm32h7xx_hal_crc_ex.c **** 
 118:Drivers/STM32H7xx_HAL_Driver/Src/stm32h7xx_hal_crc_ex.c ****       case CRC_POLYLENGTH_7B:
 119:Drivers/STM32H7xx_HAL_Driver/Src/stm32h7xx_hal_crc_ex.c ****         if (msb >= HAL_CRC_LENGTH_7B)
  98              		.loc 1 119 9 view .LVU16
  99              		.loc 1 119 12 is_stmt 0 view .LVU17
 100 0040 062B     		cmp	r3, #6
 101 0042 17D8     		bhi	.L12
 102              	.L9:
ARM GAS  C:\Users\blue\AppData\Local\Temp\cc9CJ6Tl.s 			page 5


 103              	.LVL3:
 120:Drivers/STM32H7xx_HAL_Driver/Src/stm32h7xx_hal_crc_ex.c ****         {
 121:Drivers/STM32H7xx_HAL_Driver/Src/stm32h7xx_hal_crc_ex.c ****           status =   HAL_ERROR;
 122:Drivers/STM32H7xx_HAL_Driver/Src/stm32h7xx_hal_crc_ex.c ****         }
 123:Drivers/STM32H7xx_HAL_Driver/Src/stm32h7xx_hal_crc_ex.c ****         break;
 124:Drivers/STM32H7xx_HAL_Driver/Src/stm32h7xx_hal_crc_ex.c ****       case CRC_POLYLENGTH_8B:
 125:Drivers/STM32H7xx_HAL_Driver/Src/stm32h7xx_hal_crc_ex.c ****         if (msb >= HAL_CRC_LENGTH_8B)
 126:Drivers/STM32H7xx_HAL_Driver/Src/stm32h7xx_hal_crc_ex.c ****         {
 127:Drivers/STM32H7xx_HAL_Driver/Src/stm32h7xx_hal_crc_ex.c ****           status =   HAL_ERROR;
 128:Drivers/STM32H7xx_HAL_Driver/Src/stm32h7xx_hal_crc_ex.c ****         }
 129:Drivers/STM32H7xx_HAL_Driver/Src/stm32h7xx_hal_crc_ex.c ****         break;
 130:Drivers/STM32H7xx_HAL_Driver/Src/stm32h7xx_hal_crc_ex.c ****       case CRC_POLYLENGTH_16B:
 131:Drivers/STM32H7xx_HAL_Driver/Src/stm32h7xx_hal_crc_ex.c ****         if (msb >= HAL_CRC_LENGTH_16B)
 132:Drivers/STM32H7xx_HAL_Driver/Src/stm32h7xx_hal_crc_ex.c ****         {
 133:Drivers/STM32H7xx_HAL_Driver/Src/stm32h7xx_hal_crc_ex.c ****           status =   HAL_ERROR;
 134:Drivers/STM32H7xx_HAL_Driver/Src/stm32h7xx_hal_crc_ex.c ****         }
 135:Drivers/STM32H7xx_HAL_Driver/Src/stm32h7xx_hal_crc_ex.c ****         break;
 136:Drivers/STM32H7xx_HAL_Driver/Src/stm32h7xx_hal_crc_ex.c **** 
 137:Drivers/STM32H7xx_HAL_Driver/Src/stm32h7xx_hal_crc_ex.c ****       case CRC_POLYLENGTH_32B:
 138:Drivers/STM32H7xx_HAL_Driver/Src/stm32h7xx_hal_crc_ex.c ****         /* no polynomial definition vs. polynomial length issue possible */
 139:Drivers/STM32H7xx_HAL_Driver/Src/stm32h7xx_hal_crc_ex.c ****         break;
 140:Drivers/STM32H7xx_HAL_Driver/Src/stm32h7xx_hal_crc_ex.c ****       default:
 141:Drivers/STM32H7xx_HAL_Driver/Src/stm32h7xx_hal_crc_ex.c ****         status =  HAL_ERROR;
 142:Drivers/STM32H7xx_HAL_Driver/Src/stm32h7xx_hal_crc_ex.c ****         break;
 143:Drivers/STM32H7xx_HAL_Driver/Src/stm32h7xx_hal_crc_ex.c ****     }
 144:Drivers/STM32H7xx_HAL_Driver/Src/stm32h7xx_hal_crc_ex.c ****   }
 145:Drivers/STM32H7xx_HAL_Driver/Src/stm32h7xx_hal_crc_ex.c ****   if (status == HAL_OK)
 146:Drivers/STM32H7xx_HAL_Driver/Src/stm32h7xx_hal_crc_ex.c ****   {
 147:Drivers/STM32H7xx_HAL_Driver/Src/stm32h7xx_hal_crc_ex.c ****     /* set generating polynomial */
 148:Drivers/STM32H7xx_HAL_Driver/Src/stm32h7xx_hal_crc_ex.c ****     WRITE_REG(hcrc->Instance->POL, Pol);
 104              		.loc 1 148 5 is_stmt 1 view .LVU18
 105 0044 0368     		ldr	r3, [r0]
 106              	.LVL4:
 107              		.loc 1 148 5 is_stmt 0 view .LVU19
 108 0046 5961     		str	r1, [r3, #20]
 149:Drivers/STM32H7xx_HAL_Driver/Src/stm32h7xx_hal_crc_ex.c **** 
 150:Drivers/STM32H7xx_HAL_Driver/Src/stm32h7xx_hal_crc_ex.c ****     /* set generating polynomial size */
 151:Drivers/STM32H7xx_HAL_Driver/Src/stm32h7xx_hal_crc_ex.c ****     MODIFY_REG(hcrc->Instance->CR, CRC_CR_POLYSIZE, PolyLength);
 109              		.loc 1 151 5 is_stmt 1 view .LVU20
 110 0048 0168     		ldr	r1, [r0]
 111              	.LVL5:
 112              		.loc 1 151 5 is_stmt 0 view .LVU21
 113 004a 8B68     		ldr	r3, [r1, #8]
 114              	.LVL6:
 115              		.loc 1 151 5 view .LVU22
 116 004c 23F01803 		bic	r3, r3, #24
 117 0050 1A43     		orrs	r2, r2, r3
 118              	.LVL7:
 119              		.loc 1 151 5 view .LVU23
 120 0052 8A60     		str	r2, [r1, #8]
 121 0054 0020     		movs	r0, #0
 122              	.LVL8:
 123              		.loc 1 151 5 view .LVU24
 124 0056 0AE0     		b	.L2
 125              	.LVL9:
 126              	.L7:
 125:Drivers/STM32H7xx_HAL_Driver/Src/stm32h7xx_hal_crc_ex.c ****         {
ARM GAS  C:\Users\blue\AppData\Local\Temp\cc9CJ6Tl.s 			page 6


 127              		.loc 1 125 9 is_stmt 1 view .LVU25
 125:Drivers/STM32H7xx_HAL_Driver/Src/stm32h7xx_hal_crc_ex.c ****         {
 128              		.loc 1 125 12 is_stmt 0 view .LVU26
 129 0058 072B     		cmp	r3, #7
 130 005a F3D9     		bls	.L9
 127:Drivers/STM32H7xx_HAL_Driver/Src/stm32h7xx_hal_crc_ex.c ****         }
 131              		.loc 1 127 18 view .LVU27
 132 005c 0120     		movs	r0, #1
 133              	.LVL10:
 127:Drivers/STM32H7xx_HAL_Driver/Src/stm32h7xx_hal_crc_ex.c ****         }
 134              		.loc 1 127 18 view .LVU28
 135 005e 06E0     		b	.L2
 136              	.LVL11:
 137              	.L8:
 131:Drivers/STM32H7xx_HAL_Driver/Src/stm32h7xx_hal_crc_ex.c ****         {
 138              		.loc 1 131 9 is_stmt 1 view .LVU29
 131:Drivers/STM32H7xx_HAL_Driver/Src/stm32h7xx_hal_crc_ex.c ****         {
 139              		.loc 1 131 12 is_stmt 0 view .LVU30
 140 0060 0F2B     		cmp	r3, #15
 141 0062 EFD9     		bls	.L9
 133:Drivers/STM32H7xx_HAL_Driver/Src/stm32h7xx_hal_crc_ex.c ****         }
 142              		.loc 1 133 18 view .LVU31
 143 0064 0120     		movs	r0, #1
 144              	.LVL12:
 133:Drivers/STM32H7xx_HAL_Driver/Src/stm32h7xx_hal_crc_ex.c ****         }
 145              		.loc 1 133 18 view .LVU32
 146 0066 02E0     		b	.L2
 147              	.LVL13:
 148              	.L10:
 149              	.LCFI1:
 150              		.cfi_def_cfa_offset 0
 151              		.cfi_restore 4
 100:Drivers/STM32H7xx_HAL_Driver/Src/stm32h7xx_hal_crc_ex.c ****   }
 152              		.loc 1 100 12 view .LVU33
 153 0068 0120     		movs	r0, #1
 154              	.LVL14:
 152:Drivers/STM32H7xx_HAL_Driver/Src/stm32h7xx_hal_crc_ex.c ****   }
 153:Drivers/STM32H7xx_HAL_Driver/Src/stm32h7xx_hal_crc_ex.c ****   /* Return function status */
 154:Drivers/STM32H7xx_HAL_Driver/Src/stm32h7xx_hal_crc_ex.c ****   return status;
 155              		.loc 1 154 3 is_stmt 1 view .LVU34
 155:Drivers/STM32H7xx_HAL_Driver/Src/stm32h7xx_hal_crc_ex.c **** }
 156              		.loc 1 155 1 is_stmt 0 view .LVU35
 157 006a 7047     		bx	lr
 158              	.LVL15:
 159              	.L11:
 160              	.LCFI2:
 161              		.cfi_def_cfa_offset 4
 162              		.cfi_offset 4, -4
 115:Drivers/STM32H7xx_HAL_Driver/Src/stm32h7xx_hal_crc_ex.c ****     {
 163              		.loc 1 115 5 view .LVU36
 164 006c 0120     		movs	r0, #1
 165              	.LVL16:
 166              	.L2:
 154:Drivers/STM32H7xx_HAL_Driver/Src/stm32h7xx_hal_crc_ex.c **** }
 167              		.loc 1 154 3 is_stmt 1 view .LVU37
 168              		.loc 1 155 1 is_stmt 0 view .LVU38
 169 006e 5DF8044B 		ldr	r4, [sp], #4
ARM GAS  C:\Users\blue\AppData\Local\Temp\cc9CJ6Tl.s 			page 7


 170              	.LCFI3:
 171              		.cfi_remember_state
 172              		.cfi_restore 4
 173              		.cfi_def_cfa_offset 0
 174 0072 7047     		bx	lr
 175              	.LVL17:
 176              	.L12:
 177              	.LCFI4:
 178              		.cfi_restore_state
 121:Drivers/STM32H7xx_HAL_Driver/Src/stm32h7xx_hal_crc_ex.c ****         }
 179              		.loc 1 121 18 view .LVU39
 180 0074 0120     		movs	r0, #1
 181              	.LVL18:
 121:Drivers/STM32H7xx_HAL_Driver/Src/stm32h7xx_hal_crc_ex.c ****         }
 182              		.loc 1 121 18 view .LVU40
 183 0076 FAE7     		b	.L2
 184              		.cfi_endproc
 185              	.LFE144:
 187              		.section	.text.HAL_CRCEx_Input_Data_Reverse,"ax",%progbits
 188              		.align	1
 189              		.global	HAL_CRCEx_Input_Data_Reverse
 190              		.syntax unified
 191              		.thumb
 192              		.thumb_func
 194              	HAL_CRCEx_Input_Data_Reverse:
 195              	.LVL19:
 196              	.LFB145:
 156:Drivers/STM32H7xx_HAL_Driver/Src/stm32h7xx_hal_crc_ex.c **** 
 157:Drivers/STM32H7xx_HAL_Driver/Src/stm32h7xx_hal_crc_ex.c **** /**
 158:Drivers/STM32H7xx_HAL_Driver/Src/stm32h7xx_hal_crc_ex.c ****   * @brief  Set the Reverse Input data mode.
 159:Drivers/STM32H7xx_HAL_Driver/Src/stm32h7xx_hal_crc_ex.c ****   * @param  hcrc CRC handle
 160:Drivers/STM32H7xx_HAL_Driver/Src/stm32h7xx_hal_crc_ex.c ****   * @param  InputReverseMode Input Data inversion mode.
 161:Drivers/STM32H7xx_HAL_Driver/Src/stm32h7xx_hal_crc_ex.c ****   *         This parameter can be one of the following values:
 162:Drivers/STM32H7xx_HAL_Driver/Src/stm32h7xx_hal_crc_ex.c ****   *          @arg @ref CRC_INPUTDATA_INVERSION_NONE     no change in bit order (default value)
 163:Drivers/STM32H7xx_HAL_Driver/Src/stm32h7xx_hal_crc_ex.c ****   *          @arg @ref CRC_INPUTDATA_INVERSION_BYTE     Byte-wise bit reversal
 164:Drivers/STM32H7xx_HAL_Driver/Src/stm32h7xx_hal_crc_ex.c ****   *          @arg @ref CRC_INPUTDATA_INVERSION_HALFWORD HalfWord-wise bit reversal
 165:Drivers/STM32H7xx_HAL_Driver/Src/stm32h7xx_hal_crc_ex.c ****   *          @arg @ref CRC_INPUTDATA_INVERSION_WORD     Word-wise bit reversal
 166:Drivers/STM32H7xx_HAL_Driver/Src/stm32h7xx_hal_crc_ex.c ****   * @retval HAL status
 167:Drivers/STM32H7xx_HAL_Driver/Src/stm32h7xx_hal_crc_ex.c ****   */
 168:Drivers/STM32H7xx_HAL_Driver/Src/stm32h7xx_hal_crc_ex.c **** HAL_StatusTypeDef HAL_CRCEx_Input_Data_Reverse(CRC_HandleTypeDef *hcrc, uint32_t InputReverseMode)
 169:Drivers/STM32H7xx_HAL_Driver/Src/stm32h7xx_hal_crc_ex.c **** {
 197              		.loc 1 169 1 is_stmt 1 view -0
 198              		.cfi_startproc
 199              		@ args = 0, pretend = 0, frame = 0
 200              		@ frame_needed = 0, uses_anonymous_args = 0
 201              		@ link register save eliminated.
 170:Drivers/STM32H7xx_HAL_Driver/Src/stm32h7xx_hal_crc_ex.c ****   /* Check the parameters */
 171:Drivers/STM32H7xx_HAL_Driver/Src/stm32h7xx_hal_crc_ex.c ****   assert_param(IS_CRC_INPUTDATA_INVERSION_MODE(InputReverseMode));
 202              		.loc 1 171 3 view .LVU42
 172:Drivers/STM32H7xx_HAL_Driver/Src/stm32h7xx_hal_crc_ex.c **** 
 173:Drivers/STM32H7xx_HAL_Driver/Src/stm32h7xx_hal_crc_ex.c ****   /* Change CRC peripheral state */
 174:Drivers/STM32H7xx_HAL_Driver/Src/stm32h7xx_hal_crc_ex.c ****   hcrc->State = HAL_CRC_STATE_BUSY;
 203              		.loc 1 174 3 view .LVU43
 204              		.loc 1 174 15 is_stmt 0 view .LVU44
 205 0000 0223     		movs	r3, #2
 206 0002 4377     		strb	r3, [r0, #29]
 175:Drivers/STM32H7xx_HAL_Driver/Src/stm32h7xx_hal_crc_ex.c **** 
ARM GAS  C:\Users\blue\AppData\Local\Temp\cc9CJ6Tl.s 			page 8


 176:Drivers/STM32H7xx_HAL_Driver/Src/stm32h7xx_hal_crc_ex.c ****   /* set input data inversion mode */
 177:Drivers/STM32H7xx_HAL_Driver/Src/stm32h7xx_hal_crc_ex.c ****   MODIFY_REG(hcrc->Instance->CR, CRC_CR_REV_IN, InputReverseMode);
 207              		.loc 1 177 3 is_stmt 1 view .LVU45
 208 0004 0268     		ldr	r2, [r0]
 209 0006 9368     		ldr	r3, [r2, #8]
 210 0008 23F06003 		bic	r3, r3, #96
 211 000c 0B43     		orrs	r3, r3, r1
 212 000e 9360     		str	r3, [r2, #8]
 178:Drivers/STM32H7xx_HAL_Driver/Src/stm32h7xx_hal_crc_ex.c ****   /* Change CRC peripheral state */
 179:Drivers/STM32H7xx_HAL_Driver/Src/stm32h7xx_hal_crc_ex.c ****   hcrc->State = HAL_CRC_STATE_READY;
 213              		.loc 1 179 3 view .LVU46
 214              		.loc 1 179 15 is_stmt 0 view .LVU47
 215 0010 0123     		movs	r3, #1
 216 0012 4377     		strb	r3, [r0, #29]
 180:Drivers/STM32H7xx_HAL_Driver/Src/stm32h7xx_hal_crc_ex.c **** 
 181:Drivers/STM32H7xx_HAL_Driver/Src/stm32h7xx_hal_crc_ex.c ****   /* Return function status */
 182:Drivers/STM32H7xx_HAL_Driver/Src/stm32h7xx_hal_crc_ex.c ****   return HAL_OK;
 217              		.loc 1 182 3 is_stmt 1 view .LVU48
 183:Drivers/STM32H7xx_HAL_Driver/Src/stm32h7xx_hal_crc_ex.c **** }
 218              		.loc 1 183 1 is_stmt 0 view .LVU49
 219 0014 0020     		movs	r0, #0
 220              	.LVL20:
 221              		.loc 1 183 1 view .LVU50
 222 0016 7047     		bx	lr
 223              		.cfi_endproc
 224              	.LFE145:
 226              		.section	.text.HAL_CRCEx_Output_Data_Reverse,"ax",%progbits
 227              		.align	1
 228              		.global	HAL_CRCEx_Output_Data_Reverse
 229              		.syntax unified
 230              		.thumb
 231              		.thumb_func
 233              	HAL_CRCEx_Output_Data_Reverse:
 234              	.LVL21:
 235              	.LFB146:
 184:Drivers/STM32H7xx_HAL_Driver/Src/stm32h7xx_hal_crc_ex.c **** 
 185:Drivers/STM32H7xx_HAL_Driver/Src/stm32h7xx_hal_crc_ex.c **** /**
 186:Drivers/STM32H7xx_HAL_Driver/Src/stm32h7xx_hal_crc_ex.c ****   * @brief  Set the Reverse Output data mode.
 187:Drivers/STM32H7xx_HAL_Driver/Src/stm32h7xx_hal_crc_ex.c ****   * @param  hcrc CRC handle
 188:Drivers/STM32H7xx_HAL_Driver/Src/stm32h7xx_hal_crc_ex.c ****   * @param  OutputReverseMode Output Data inversion mode.
 189:Drivers/STM32H7xx_HAL_Driver/Src/stm32h7xx_hal_crc_ex.c ****   *         This parameter can be one of the following values:
 190:Drivers/STM32H7xx_HAL_Driver/Src/stm32h7xx_hal_crc_ex.c ****   *          @arg @ref CRC_OUTPUTDATA_INVERSION_DISABLE no CRC inversion (default value)
 191:Drivers/STM32H7xx_HAL_Driver/Src/stm32h7xx_hal_crc_ex.c ****   *          @arg @ref CRC_OUTPUTDATA_INVERSION_ENABLE  bit-level inversion (e.g. for a 8-bit CRC: 
 192:Drivers/STM32H7xx_HAL_Driver/Src/stm32h7xx_hal_crc_ex.c ****   * @retval HAL status
 193:Drivers/STM32H7xx_HAL_Driver/Src/stm32h7xx_hal_crc_ex.c ****   */
 194:Drivers/STM32H7xx_HAL_Driver/Src/stm32h7xx_hal_crc_ex.c **** HAL_StatusTypeDef HAL_CRCEx_Output_Data_Reverse(CRC_HandleTypeDef *hcrc, uint32_t OutputReverseMode
 195:Drivers/STM32H7xx_HAL_Driver/Src/stm32h7xx_hal_crc_ex.c **** {
 236              		.loc 1 195 1 is_stmt 1 view -0
 237              		.cfi_startproc
 238              		@ args = 0, pretend = 0, frame = 0
 239              		@ frame_needed = 0, uses_anonymous_args = 0
 240              		@ link register save eliminated.
 196:Drivers/STM32H7xx_HAL_Driver/Src/stm32h7xx_hal_crc_ex.c ****   /* Check the parameters */
 197:Drivers/STM32H7xx_HAL_Driver/Src/stm32h7xx_hal_crc_ex.c ****   assert_param(IS_CRC_OUTPUTDATA_INVERSION_MODE(OutputReverseMode));
 241              		.loc 1 197 3 view .LVU52
 198:Drivers/STM32H7xx_HAL_Driver/Src/stm32h7xx_hal_crc_ex.c **** 
 199:Drivers/STM32H7xx_HAL_Driver/Src/stm32h7xx_hal_crc_ex.c ****   /* Change CRC peripheral state */
ARM GAS  C:\Users\blue\AppData\Local\Temp\cc9CJ6Tl.s 			page 9


 200:Drivers/STM32H7xx_HAL_Driver/Src/stm32h7xx_hal_crc_ex.c ****   hcrc->State = HAL_CRC_STATE_BUSY;
 242              		.loc 1 200 3 view .LVU53
 243              		.loc 1 200 15 is_stmt 0 view .LVU54
 244 0000 0223     		movs	r3, #2
 245 0002 4377     		strb	r3, [r0, #29]
 201:Drivers/STM32H7xx_HAL_Driver/Src/stm32h7xx_hal_crc_ex.c **** 
 202:Drivers/STM32H7xx_HAL_Driver/Src/stm32h7xx_hal_crc_ex.c ****   /* set output data inversion mode */
 203:Drivers/STM32H7xx_HAL_Driver/Src/stm32h7xx_hal_crc_ex.c ****   MODIFY_REG(hcrc->Instance->CR, CRC_CR_REV_OUT, OutputReverseMode);
 246              		.loc 1 203 3 is_stmt 1 view .LVU55
 247 0004 0268     		ldr	r2, [r0]
 248 0006 9368     		ldr	r3, [r2, #8]
 249 0008 23F08003 		bic	r3, r3, #128
 250 000c 0B43     		orrs	r3, r3, r1
 251 000e 9360     		str	r3, [r2, #8]
 204:Drivers/STM32H7xx_HAL_Driver/Src/stm32h7xx_hal_crc_ex.c **** 
 205:Drivers/STM32H7xx_HAL_Driver/Src/stm32h7xx_hal_crc_ex.c ****   /* Change CRC peripheral state */
 206:Drivers/STM32H7xx_HAL_Driver/Src/stm32h7xx_hal_crc_ex.c ****   hcrc->State = HAL_CRC_STATE_READY;
 252              		.loc 1 206 3 view .LVU56
 253              		.loc 1 206 15 is_stmt 0 view .LVU57
 254 0010 0123     		movs	r3, #1
 255 0012 4377     		strb	r3, [r0, #29]
 207:Drivers/STM32H7xx_HAL_Driver/Src/stm32h7xx_hal_crc_ex.c **** 
 208:Drivers/STM32H7xx_HAL_Driver/Src/stm32h7xx_hal_crc_ex.c ****   /* Return function status */
 209:Drivers/STM32H7xx_HAL_Driver/Src/stm32h7xx_hal_crc_ex.c ****   return HAL_OK;
 256              		.loc 1 209 3 is_stmt 1 view .LVU58
 210:Drivers/STM32H7xx_HAL_Driver/Src/stm32h7xx_hal_crc_ex.c **** }
 257              		.loc 1 210 1 is_stmt 0 view .LVU59
 258 0014 0020     		movs	r0, #0
 259              	.LVL22:
 260              		.loc 1 210 1 view .LVU60
 261 0016 7047     		bx	lr
 262              		.cfi_endproc
 263              	.LFE146:
 265              		.text
 266              	.Letext0:
 267              		.file 2 "d:\\rm\\arm-gnu-toolchian\\arm-none-eabi\\include\\machine\\_default_types.h"
 268              		.file 3 "d:\\rm\\arm-gnu-toolchian\\arm-none-eabi\\include\\sys\\_stdint.h"
 269              		.file 4 "Drivers/CMSIS/Device/ST/STM32H7xx/Include/stm32h743xx.h"
 270              		.file 5 "Drivers/STM32H7xx_HAL_Driver/Inc/stm32h7xx_hal_def.h"
 271              		.file 6 "Drivers/STM32H7xx_HAL_Driver/Inc/stm32h7xx_hal_crc.h"
ARM GAS  C:\Users\blue\AppData\Local\Temp\cc9CJ6Tl.s 			page 10


DEFINED SYMBOLS
                            *ABS*:00000000 stm32h7xx_hal_crc_ex.c
C:\Users\blue\AppData\Local\Temp\cc9CJ6Tl.s:19     .text.HAL_CRCEx_Polynomial_Set:00000000 $t
C:\Users\blue\AppData\Local\Temp\cc9CJ6Tl.s:25     .text.HAL_CRCEx_Polynomial_Set:00000000 HAL_CRCEx_Polynomial_Set
C:\Users\blue\AppData\Local\Temp\cc9CJ6Tl.s:71     .text.HAL_CRCEx_Polynomial_Set:00000026 $d
C:\Users\blue\AppData\Local\Temp\cc9CJ6Tl.s:188    .text.HAL_CRCEx_Input_Data_Reverse:00000000 $t
C:\Users\blue\AppData\Local\Temp\cc9CJ6Tl.s:194    .text.HAL_CRCEx_Input_Data_Reverse:00000000 HAL_CRCEx_Input_Data_Reverse
C:\Users\blue\AppData\Local\Temp\cc9CJ6Tl.s:227    .text.HAL_CRCEx_Output_Data_Reverse:00000000 $t
C:\Users\blue\AppData\Local\Temp\cc9CJ6Tl.s:233    .text.HAL_CRCEx_Output_Data_Reverse:00000000 HAL_CRCEx_Output_Data_Reverse
C:\Users\blue\AppData\Local\Temp\cc9CJ6Tl.s:96     .text.HAL_CRCEx_Polynomial_Set:0000003f $d
C:\Users\blue\AppData\Local\Temp\cc9CJ6Tl.s:96     .text.HAL_CRCEx_Polynomial_Set:00000040 $t

NO UNDEFINED SYMBOLS
