ARM GAS  C:\Users\blue\AppData\Local\Temp\ccWW8OE8.s 			page 1


   1              		.cpu cortex-m7
   2              		.arch armv7e-m
   3              		.fpu fpv5-d16
   4              		.eabi_attribute 28, 1
   5              		.eabi_attribute 20, 1
   6              		.eabi_attribute 21, 1
   7              		.eabi_attribute 23, 3
   8              		.eabi_attribute 24, 1
   9              		.eabi_attribute 25, 1
  10              		.eabi_attribute 26, 1
  11              		.eabi_attribute 30, 1
  12              		.eabi_attribute 34, 1
  13              		.eabi_attribute 18, 4
  14              		.file	"tim.c"
  15              		.text
  16              	.Ltext0:
  17              		.cfi_sections	.debug_frame
  18              		.section	.text.HAL_TIM_Base_MspInit,"ax",%progbits
  19              		.align	1
  20              		.global	HAL_TIM_Base_MspInit
  21              		.syntax unified
  22              		.thumb
  23              		.thumb_func
  25              	HAL_TIM_Base_MspInit:
  26              	.LVL0:
  27              	.LFB146:
  28              		.file 1 "Core/Src/tim.c"
   1:Core/Src/tim.c **** /* USER CODE BEGIN Header */
   2:Core/Src/tim.c **** /**
   3:Core/Src/tim.c ****  ******************************************************************************
   4:Core/Src/tim.c ****  * @file    tim.c
   5:Core/Src/tim.c ****  * @brief   This file provides code for the configuration
   6:Core/Src/tim.c ****  *          of the TIM instances.
   7:Core/Src/tim.c ****  ******************************************************************************
   8:Core/Src/tim.c ****  * @attention
   9:Core/Src/tim.c ****  *
  10:Core/Src/tim.c ****  * Copyright (c) 2024 STMicroelectronics.
  11:Core/Src/tim.c ****  * All rights reserved.
  12:Core/Src/tim.c ****  *
  13:Core/Src/tim.c ****  * This software is licensed under terms that can be found in the LICENSE file
  14:Core/Src/tim.c ****  * in the root directory of this software component.
  15:Core/Src/tim.c ****  * If no LICENSE file comes with this software, it is provided AS-IS.
  16:Core/Src/tim.c ****  *
  17:Core/Src/tim.c ****  ******************************************************************************
  18:Core/Src/tim.c ****  */
  19:Core/Src/tim.c **** /* USER CODE END Header */
  20:Core/Src/tim.c **** /* Includes ------------------------------------------------------------------*/
  21:Core/Src/tim.c **** #include "tim.h"
  22:Core/Src/tim.c **** 
  23:Core/Src/tim.c **** /* USER CODE BEGIN 0 */
  24:Core/Src/tim.c **** 
  25:Core/Src/tim.c **** /* USER CODE END 0 */
  26:Core/Src/tim.c **** 
  27:Core/Src/tim.c **** TIM_HandleTypeDef htim13;
  28:Core/Src/tim.c **** TIM_HandleTypeDef htim14;
  29:Core/Src/tim.c **** 
  30:Core/Src/tim.c **** /* TIM13 init function */
ARM GAS  C:\Users\blue\AppData\Local\Temp\ccWW8OE8.s 			page 2


  31:Core/Src/tim.c **** void MX_TIM13_Init(void)
  32:Core/Src/tim.c **** {
  33:Core/Src/tim.c **** 
  34:Core/Src/tim.c ****   /* USER CODE BEGIN TIM13_Init 0 */
  35:Core/Src/tim.c **** 
  36:Core/Src/tim.c ****   /* USER CODE END TIM13_Init 0 */
  37:Core/Src/tim.c **** 
  38:Core/Src/tim.c ****   TIM_OC_InitTypeDef sConfigOC = {0};
  39:Core/Src/tim.c **** 
  40:Core/Src/tim.c ****   /* USER CODE BEGIN TIM13_Init 1 */
  41:Core/Src/tim.c **** 
  42:Core/Src/tim.c ****   /* USER CODE END TIM13_Init 1 */
  43:Core/Src/tim.c ****   htim13.Instance = TIM13;
  44:Core/Src/tim.c ****   htim13.Init.Prescaler = 839;
  45:Core/Src/tim.c ****   htim13.Init.CounterMode = TIM_COUNTERMODE_UP;
  46:Core/Src/tim.c ****   htim13.Init.Period = 1999;
  47:Core/Src/tim.c ****   htim13.Init.ClockDivision = TIM_CLOCKDIVISION_DIV1;
  48:Core/Src/tim.c ****   htim13.Init.AutoReloadPreload = TIM_AUTORELOAD_PRELOAD_ENABLE;
  49:Core/Src/tim.c ****   if (HAL_TIM_Base_Init(&htim13) != HAL_OK)
  50:Core/Src/tim.c ****   {
  51:Core/Src/tim.c ****     Error_Handler();
  52:Core/Src/tim.c ****   }
  53:Core/Src/tim.c ****   if (HAL_TIM_OC_Init(&htim13) != HAL_OK)
  54:Core/Src/tim.c ****   {
  55:Core/Src/tim.c ****     Error_Handler();
  56:Core/Src/tim.c ****   }
  57:Core/Src/tim.c ****   sConfigOC.OCMode = TIM_OCMODE_TIMING;
  58:Core/Src/tim.c ****   sConfigOC.Pulse = 0;
  59:Core/Src/tim.c ****   sConfigOC.OCPolarity = TIM_OCPOLARITY_HIGH;
  60:Core/Src/tim.c ****   sConfigOC.OCFastMode = TIM_OCFAST_DISABLE;
  61:Core/Src/tim.c ****   if (HAL_TIM_OC_ConfigChannel(&htim13, &sConfigOC, TIM_CHANNEL_1) != HAL_OK)
  62:Core/Src/tim.c ****   {
  63:Core/Src/tim.c ****     Error_Handler();
  64:Core/Src/tim.c ****   }
  65:Core/Src/tim.c ****   __HAL_TIM_ENABLE_OCxPRELOAD(&htim13, TIM_CHANNEL_1);
  66:Core/Src/tim.c ****   /* USER CODE BEGIN TIM13_Init 2 */
  67:Core/Src/tim.c **** 
  68:Core/Src/tim.c ****   /* USER CODE END TIM13_Init 2 */
  69:Core/Src/tim.c ****   HAL_TIM_MspPostInit(&htim13);
  70:Core/Src/tim.c **** }
  71:Core/Src/tim.c **** /* TIM14 init function */
  72:Core/Src/tim.c **** void MX_TIM14_Init(void)
  73:Core/Src/tim.c **** {
  74:Core/Src/tim.c **** 
  75:Core/Src/tim.c ****   /* USER CODE BEGIN TIM14_Init 0 */
  76:Core/Src/tim.c **** 
  77:Core/Src/tim.c ****   /* USER CODE END TIM14_Init 0 */
  78:Core/Src/tim.c **** 
  79:Core/Src/tim.c ****   TIM_OC_InitTypeDef sConfigOC = {0};
  80:Core/Src/tim.c **** 
  81:Core/Src/tim.c ****   /* USER CODE BEGIN TIM14_Init 1 */
  82:Core/Src/tim.c **** 
  83:Core/Src/tim.c ****   /* USER CODE END TIM14_Init 1 */
  84:Core/Src/tim.c ****   htim14.Instance = TIM14;
  85:Core/Src/tim.c ****   htim14.Init.Prescaler = 839;
  86:Core/Src/tim.c ****   htim14.Init.CounterMode = TIM_COUNTERMODE_UP;
  87:Core/Src/tim.c ****   htim14.Init.Period = 1999;
ARM GAS  C:\Users\blue\AppData\Local\Temp\ccWW8OE8.s 			page 3


  88:Core/Src/tim.c ****   htim14.Init.ClockDivision = TIM_CLOCKDIVISION_DIV1;
  89:Core/Src/tim.c ****   htim14.Init.AutoReloadPreload = TIM_AUTORELOAD_PRELOAD_ENABLE;
  90:Core/Src/tim.c ****   if (HAL_TIM_Base_Init(&htim14) != HAL_OK)
  91:Core/Src/tim.c ****   {
  92:Core/Src/tim.c ****     Error_Handler();
  93:Core/Src/tim.c ****   }
  94:Core/Src/tim.c ****   if (HAL_TIM_OC_Init(&htim14) != HAL_OK)
  95:Core/Src/tim.c ****   {
  96:Core/Src/tim.c ****     Error_Handler();
  97:Core/Src/tim.c ****   }
  98:Core/Src/tim.c ****   sConfigOC.OCMode = TIM_OCMODE_TIMING;
  99:Core/Src/tim.c ****   sConfigOC.Pulse = 0;
 100:Core/Src/tim.c ****   sConfigOC.OCPolarity = TIM_OCPOLARITY_HIGH;
 101:Core/Src/tim.c ****   sConfigOC.OCFastMode = TIM_OCFAST_DISABLE;
 102:Core/Src/tim.c ****   if (HAL_TIM_OC_ConfigChannel(&htim14, &sConfigOC, TIM_CHANNEL_1) != HAL_OK)
 103:Core/Src/tim.c ****   {
 104:Core/Src/tim.c ****     Error_Handler();
 105:Core/Src/tim.c ****   }
 106:Core/Src/tim.c ****   __HAL_TIM_ENABLE_OCxPRELOAD(&htim14, TIM_CHANNEL_1);
 107:Core/Src/tim.c ****   /* USER CODE BEGIN TIM14_Init 2 */
 108:Core/Src/tim.c **** 
 109:Core/Src/tim.c ****   /* USER CODE END TIM14_Init 2 */
 110:Core/Src/tim.c ****   HAL_TIM_MspPostInit(&htim14);
 111:Core/Src/tim.c **** }
 112:Core/Src/tim.c **** 
 113:Core/Src/tim.c **** void HAL_TIM_Base_MspInit(TIM_HandleTypeDef *tim_baseHandle)
 114:Core/Src/tim.c **** {
  29              		.loc 1 114 1 view -0
  30              		.cfi_startproc
  31              		@ args = 0, pretend = 0, frame = 8
  32              		@ frame_needed = 0, uses_anonymous_args = 0
  33              		@ link register save eliminated.
  34              		.loc 1 114 1 is_stmt 0 view .LVU1
  35 0000 82B0     		sub	sp, sp, #8
  36              	.LCFI0:
  37              		.cfi_def_cfa_offset 8
 115:Core/Src/tim.c **** 
 116:Core/Src/tim.c ****   if (tim_baseHandle->Instance == TIM13)
  38              		.loc 1 116 3 is_stmt 1 view .LVU2
  39              		.loc 1 116 21 is_stmt 0 view .LVU3
  40 0002 0368     		ldr	r3, [r0]
  41              		.loc 1 116 6 view .LVU4
  42 0004 114A     		ldr	r2, .L7
  43 0006 9342     		cmp	r3, r2
  44 0008 04D0     		beq	.L5
 117:Core/Src/tim.c ****   {
 118:Core/Src/tim.c ****     /* USER CODE BEGIN TIM13_MspInit 0 */
 119:Core/Src/tim.c **** 
 120:Core/Src/tim.c ****     /* USER CODE END TIM13_MspInit 0 */
 121:Core/Src/tim.c ****     /* TIM13 clock enable */
 122:Core/Src/tim.c ****     __HAL_RCC_TIM13_CLK_ENABLE();
 123:Core/Src/tim.c ****     /* USER CODE BEGIN TIM13_MspInit 1 */
 124:Core/Src/tim.c **** 
 125:Core/Src/tim.c ****     /* USER CODE END TIM13_MspInit 1 */
 126:Core/Src/tim.c ****   }
 127:Core/Src/tim.c ****   else if (tim_baseHandle->Instance == TIM14)
  45              		.loc 1 127 8 is_stmt 1 view .LVU5
ARM GAS  C:\Users\blue\AppData\Local\Temp\ccWW8OE8.s 			page 4


  46              		.loc 1 127 11 is_stmt 0 view .LVU6
  47 000a 114A     		ldr	r2, .L7+4
  48 000c 9342     		cmp	r3, r2
  49 000e 0FD0     		beq	.L6
  50              	.L1:
 128:Core/Src/tim.c ****   {
 129:Core/Src/tim.c ****     /* USER CODE BEGIN TIM14_MspInit 0 */
 130:Core/Src/tim.c **** 
 131:Core/Src/tim.c ****     /* USER CODE END TIM14_MspInit 0 */
 132:Core/Src/tim.c ****     /* TIM14 clock enable */
 133:Core/Src/tim.c ****     __HAL_RCC_TIM14_CLK_ENABLE();
 134:Core/Src/tim.c ****     /* USER CODE BEGIN TIM14_MspInit 1 */
 135:Core/Src/tim.c **** 
 136:Core/Src/tim.c ****     /* USER CODE END TIM14_MspInit 1 */
 137:Core/Src/tim.c ****   }
 138:Core/Src/tim.c **** }
  51              		.loc 1 138 1 view .LVU7
  52 0010 02B0     		add	sp, sp, #8
  53              	.LCFI1:
  54              		.cfi_remember_state
  55              		.cfi_def_cfa_offset 0
  56              		@ sp needed
  57 0012 7047     		bx	lr
  58              	.L5:
  59              	.LCFI2:
  60              		.cfi_restore_state
 122:Core/Src/tim.c ****     /* USER CODE BEGIN TIM13_MspInit 1 */
  61              		.loc 1 122 5 is_stmt 1 view .LVU8
  62              	.LBB2:
 122:Core/Src/tim.c ****     /* USER CODE BEGIN TIM13_MspInit 1 */
  63              		.loc 1 122 5 view .LVU9
 122:Core/Src/tim.c ****     /* USER CODE BEGIN TIM13_MspInit 1 */
  64              		.loc 1 122 5 view .LVU10
  65 0014 0F4B     		ldr	r3, .L7+8
  66 0016 D3F8E820 		ldr	r2, [r3, #232]
  67 001a 42F08002 		orr	r2, r2, #128
  68 001e C3F8E820 		str	r2, [r3, #232]
 122:Core/Src/tim.c ****     /* USER CODE BEGIN TIM13_MspInit 1 */
  69              		.loc 1 122 5 view .LVU11
  70 0022 D3F8E830 		ldr	r3, [r3, #232]
  71 0026 03F08003 		and	r3, r3, #128
  72 002a 0093     		str	r3, [sp]
 122:Core/Src/tim.c ****     /* USER CODE BEGIN TIM13_MspInit 1 */
  73              		.loc 1 122 5 view .LVU12
  74 002c 009B     		ldr	r3, [sp]
  75              	.LBE2:
 122:Core/Src/tim.c ****     /* USER CODE BEGIN TIM13_MspInit 1 */
  76              		.loc 1 122 5 view .LVU13
  77 002e EFE7     		b	.L1
  78              	.L6:
 133:Core/Src/tim.c ****     /* USER CODE BEGIN TIM14_MspInit 1 */
  79              		.loc 1 133 5 view .LVU14
  80              	.LBB3:
 133:Core/Src/tim.c ****     /* USER CODE BEGIN TIM14_MspInit 1 */
  81              		.loc 1 133 5 view .LVU15
 133:Core/Src/tim.c ****     /* USER CODE BEGIN TIM14_MspInit 1 */
  82              		.loc 1 133 5 view .LVU16
ARM GAS  C:\Users\blue\AppData\Local\Temp\ccWW8OE8.s 			page 5


  83 0030 084B     		ldr	r3, .L7+8
  84 0032 D3F8E820 		ldr	r2, [r3, #232]
  85 0036 42F48072 		orr	r2, r2, #256
  86 003a C3F8E820 		str	r2, [r3, #232]
 133:Core/Src/tim.c ****     /* USER CODE BEGIN TIM14_MspInit 1 */
  87              		.loc 1 133 5 view .LVU17
  88 003e D3F8E830 		ldr	r3, [r3, #232]
  89 0042 03F48073 		and	r3, r3, #256
  90 0046 0193     		str	r3, [sp, #4]
 133:Core/Src/tim.c ****     /* USER CODE BEGIN TIM14_MspInit 1 */
  91              		.loc 1 133 5 view .LVU18
  92 0048 019B     		ldr	r3, [sp, #4]
  93              	.LBE3:
 133:Core/Src/tim.c ****     /* USER CODE BEGIN TIM14_MspInit 1 */
  94              		.loc 1 133 5 view .LVU19
  95              		.loc 1 138 1 is_stmt 0 view .LVU20
  96 004a E1E7     		b	.L1
  97              	.L8:
  98              		.align	2
  99              	.L7:
 100 004c 001C0040 		.word	1073748992
 101 0050 00200040 		.word	1073750016
 102 0054 00440258 		.word	1476543488
 103              		.cfi_endproc
 104              	.LFE146:
 106              		.section	.text.HAL_TIM_MspPostInit,"ax",%progbits
 107              		.align	1
 108              		.global	HAL_TIM_MspPostInit
 109              		.syntax unified
 110              		.thumb
 111              		.thumb_func
 113              	HAL_TIM_MspPostInit:
 114              	.LVL1:
 115              	.LFB147:
 139:Core/Src/tim.c **** void HAL_TIM_MspPostInit(TIM_HandleTypeDef *timHandle)
 140:Core/Src/tim.c **** {
 116              		.loc 1 140 1 is_stmt 1 view -0
 117              		.cfi_startproc
 118              		@ args = 0, pretend = 0, frame = 32
 119              		@ frame_needed = 0, uses_anonymous_args = 0
 120              		.loc 1 140 1 is_stmt 0 view .LVU22
 121 0000 00B5     		push	{lr}
 122              	.LCFI3:
 123              		.cfi_def_cfa_offset 4
 124              		.cfi_offset 14, -4
 125 0002 89B0     		sub	sp, sp, #36
 126              	.LCFI4:
 127              		.cfi_def_cfa_offset 40
 141:Core/Src/tim.c **** 
 142:Core/Src/tim.c ****   GPIO_InitTypeDef GPIO_InitStruct = {0};
 128              		.loc 1 142 3 is_stmt 1 view .LVU23
 129              		.loc 1 142 20 is_stmt 0 view .LVU24
 130 0004 0023     		movs	r3, #0
 131 0006 0393     		str	r3, [sp, #12]
 132 0008 0493     		str	r3, [sp, #16]
 133 000a 0593     		str	r3, [sp, #20]
 134 000c 0693     		str	r3, [sp, #24]
ARM GAS  C:\Users\blue\AppData\Local\Temp\ccWW8OE8.s 			page 6


 135 000e 0793     		str	r3, [sp, #28]
 143:Core/Src/tim.c ****   if (timHandle->Instance == TIM13)
 136              		.loc 1 143 3 is_stmt 1 view .LVU25
 137              		.loc 1 143 16 is_stmt 0 view .LVU26
 138 0010 0368     		ldr	r3, [r0]
 139              		.loc 1 143 6 view .LVU27
 140 0012 1F4A     		ldr	r2, .L15
 141 0014 9342     		cmp	r3, r2
 142 0016 05D0     		beq	.L13
 144:Core/Src/tim.c ****   {
 145:Core/Src/tim.c ****     /* USER CODE BEGIN TIM13_MspPostInit 0 */
 146:Core/Src/tim.c **** 
 147:Core/Src/tim.c ****     /* USER CODE END TIM13_MspPostInit 0 */
 148:Core/Src/tim.c ****     __HAL_RCC_GPIOA_CLK_ENABLE();
 149:Core/Src/tim.c ****     /**TIM13 GPIO Configuration
 150:Core/Src/tim.c ****     PA6     ------> TIM13_CH1
 151:Core/Src/tim.c ****     */
 152:Core/Src/tim.c ****     GPIO_InitStruct.Pin = PITCH_TIM_Pin;
 153:Core/Src/tim.c ****     GPIO_InitStruct.Mode = GPIO_MODE_AF_PP;
 154:Core/Src/tim.c ****     GPIO_InitStruct.Pull = GPIO_PULLDOWN;
 155:Core/Src/tim.c ****     GPIO_InitStruct.Speed = GPIO_SPEED_FREQ_HIGH;
 156:Core/Src/tim.c ****     GPIO_InitStruct.Alternate = GPIO_AF9_TIM13;
 157:Core/Src/tim.c ****     HAL_GPIO_Init(PITCH_TIM_GPIO_Port, &GPIO_InitStruct);
 158:Core/Src/tim.c **** 
 159:Core/Src/tim.c ****     /* USER CODE BEGIN TIM13_MspPostInit 1 */
 160:Core/Src/tim.c **** 
 161:Core/Src/tim.c ****     /* USER CODE END TIM13_MspPostInit 1 */
 162:Core/Src/tim.c ****   }
 163:Core/Src/tim.c ****   else if (timHandle->Instance == TIM14)
 143              		.loc 1 163 8 is_stmt 1 view .LVU28
 144              		.loc 1 163 11 is_stmt 0 view .LVU29
 145 0018 1E4A     		ldr	r2, .L15+4
 146 001a 9342     		cmp	r3, r2
 147 001c 1CD0     		beq	.L14
 148              	.LVL2:
 149              	.L9:
 164:Core/Src/tim.c ****   {
 165:Core/Src/tim.c ****     /* USER CODE BEGIN TIM14_MspPostInit 0 */
 166:Core/Src/tim.c **** 
 167:Core/Src/tim.c ****     /* USER CODE END TIM14_MspPostInit 0 */
 168:Core/Src/tim.c **** 
 169:Core/Src/tim.c ****     __HAL_RCC_GPIOA_CLK_ENABLE();
 170:Core/Src/tim.c ****     /**TIM14 GPIO Configuration
 171:Core/Src/tim.c ****     PA7     ------> TIM14_CH1
 172:Core/Src/tim.c ****     */
 173:Core/Src/tim.c ****     GPIO_InitStruct.Pin = YAW_TIM_Pin;
 174:Core/Src/tim.c ****     GPIO_InitStruct.Mode = GPIO_MODE_AF_PP;
 175:Core/Src/tim.c ****     GPIO_InitStruct.Pull = GPIO_PULLUP;
 176:Core/Src/tim.c ****     GPIO_InitStruct.Speed = GPIO_SPEED_FREQ_HIGH;
 177:Core/Src/tim.c ****     GPIO_InitStruct.Alternate = GPIO_AF9_TIM14;
 178:Core/Src/tim.c ****     HAL_GPIO_Init(YAW_TIM_GPIO_Port, &GPIO_InitStruct);
 179:Core/Src/tim.c **** 
 180:Core/Src/tim.c ****     /* USER CODE BEGIN TIM14_MspPostInit 1 */
 181:Core/Src/tim.c **** 
 182:Core/Src/tim.c ****     /* USER CODE END TIM14_MspPostInit 1 */
 183:Core/Src/tim.c ****   }
 184:Core/Src/tim.c **** }
ARM GAS  C:\Users\blue\AppData\Local\Temp\ccWW8OE8.s 			page 7


 150              		.loc 1 184 1 view .LVU30
 151 001e 09B0     		add	sp, sp, #36
 152              	.LCFI5:
 153              		.cfi_remember_state
 154              		.cfi_def_cfa_offset 4
 155              		@ sp needed
 156 0020 5DF804FB 		ldr	pc, [sp], #4
 157              	.LVL3:
 158              	.L13:
 159              	.LCFI6:
 160              		.cfi_restore_state
 148:Core/Src/tim.c ****     /**TIM13 GPIO Configuration
 161              		.loc 1 148 5 is_stmt 1 view .LVU31
 162              	.LBB4:
 148:Core/Src/tim.c ****     /**TIM13 GPIO Configuration
 163              		.loc 1 148 5 view .LVU32
 148:Core/Src/tim.c ****     /**TIM13 GPIO Configuration
 164              		.loc 1 148 5 view .LVU33
 165 0024 1C4B     		ldr	r3, .L15+8
 166 0026 D3F8E020 		ldr	r2, [r3, #224]
 167 002a 42F00102 		orr	r2, r2, #1
 168 002e C3F8E020 		str	r2, [r3, #224]
 148:Core/Src/tim.c ****     /**TIM13 GPIO Configuration
 169              		.loc 1 148 5 view .LVU34
 170 0032 D3F8E030 		ldr	r3, [r3, #224]
 171 0036 03F00103 		and	r3, r3, #1
 172 003a 0193     		str	r3, [sp, #4]
 148:Core/Src/tim.c ****     /**TIM13 GPIO Configuration
 173              		.loc 1 148 5 view .LVU35
 174 003c 019B     		ldr	r3, [sp, #4]
 175              	.LBE4:
 148:Core/Src/tim.c ****     /**TIM13 GPIO Configuration
 176              		.loc 1 148 5 view .LVU36
 152:Core/Src/tim.c ****     GPIO_InitStruct.Mode = GPIO_MODE_AF_PP;
 177              		.loc 1 152 5 view .LVU37
 152:Core/Src/tim.c ****     GPIO_InitStruct.Mode = GPIO_MODE_AF_PP;
 178              		.loc 1 152 25 is_stmt 0 view .LVU38
 179 003e 4023     		movs	r3, #64
 180 0040 0393     		str	r3, [sp, #12]
 153:Core/Src/tim.c ****     GPIO_InitStruct.Pull = GPIO_PULLDOWN;
 181              		.loc 1 153 5 is_stmt 1 view .LVU39
 153:Core/Src/tim.c ****     GPIO_InitStruct.Pull = GPIO_PULLDOWN;
 182              		.loc 1 153 26 is_stmt 0 view .LVU40
 183 0042 0223     		movs	r3, #2
 184 0044 0493     		str	r3, [sp, #16]
 154:Core/Src/tim.c ****     GPIO_InitStruct.Speed = GPIO_SPEED_FREQ_HIGH;
 185              		.loc 1 154 5 is_stmt 1 view .LVU41
 154:Core/Src/tim.c ****     GPIO_InitStruct.Speed = GPIO_SPEED_FREQ_HIGH;
 186              		.loc 1 154 26 is_stmt 0 view .LVU42
 187 0046 0593     		str	r3, [sp, #20]
 155:Core/Src/tim.c ****     GPIO_InitStruct.Alternate = GPIO_AF9_TIM13;
 188              		.loc 1 155 5 is_stmt 1 view .LVU43
 155:Core/Src/tim.c ****     GPIO_InitStruct.Alternate = GPIO_AF9_TIM13;
 189              		.loc 1 155 27 is_stmt 0 view .LVU44
 190 0048 0693     		str	r3, [sp, #24]
 156:Core/Src/tim.c ****     HAL_GPIO_Init(PITCH_TIM_GPIO_Port, &GPIO_InitStruct);
 191              		.loc 1 156 5 is_stmt 1 view .LVU45
ARM GAS  C:\Users\blue\AppData\Local\Temp\ccWW8OE8.s 			page 8


 156:Core/Src/tim.c ****     HAL_GPIO_Init(PITCH_TIM_GPIO_Port, &GPIO_InitStruct);
 192              		.loc 1 156 31 is_stmt 0 view .LVU46
 193 004a 0923     		movs	r3, #9
 194 004c 0793     		str	r3, [sp, #28]
 157:Core/Src/tim.c **** 
 195              		.loc 1 157 5 is_stmt 1 view .LVU47
 196 004e 03A9     		add	r1, sp, #12
 197 0050 1248     		ldr	r0, .L15+12
 198              	.LVL4:
 157:Core/Src/tim.c **** 
 199              		.loc 1 157 5 is_stmt 0 view .LVU48
 200 0052 FFF7FEFF 		bl	HAL_GPIO_Init
 201              	.LVL5:
 202 0056 E2E7     		b	.L9
 203              	.LVL6:
 204              	.L14:
 169:Core/Src/tim.c ****     /**TIM14 GPIO Configuration
 205              		.loc 1 169 5 is_stmt 1 view .LVU49
 206              	.LBB5:
 169:Core/Src/tim.c ****     /**TIM14 GPIO Configuration
 207              		.loc 1 169 5 view .LVU50
 169:Core/Src/tim.c ****     /**TIM14 GPIO Configuration
 208              		.loc 1 169 5 view .LVU51
 209 0058 0F4B     		ldr	r3, .L15+8
 210 005a D3F8E020 		ldr	r2, [r3, #224]
 211 005e 42F00102 		orr	r2, r2, #1
 212 0062 C3F8E020 		str	r2, [r3, #224]
 169:Core/Src/tim.c ****     /**TIM14 GPIO Configuration
 213              		.loc 1 169 5 view .LVU52
 214 0066 D3F8E030 		ldr	r3, [r3, #224]
 215 006a 03F00103 		and	r3, r3, #1
 216 006e 0293     		str	r3, [sp, #8]
 169:Core/Src/tim.c ****     /**TIM14 GPIO Configuration
 217              		.loc 1 169 5 view .LVU53
 218 0070 029B     		ldr	r3, [sp, #8]
 219              	.LBE5:
 169:Core/Src/tim.c ****     /**TIM14 GPIO Configuration
 220              		.loc 1 169 5 view .LVU54
 173:Core/Src/tim.c ****     GPIO_InitStruct.Mode = GPIO_MODE_AF_PP;
 221              		.loc 1 173 5 view .LVU55
 173:Core/Src/tim.c ****     GPIO_InitStruct.Mode = GPIO_MODE_AF_PP;
 222              		.loc 1 173 25 is_stmt 0 view .LVU56
 223 0072 8023     		movs	r3, #128
 224 0074 0393     		str	r3, [sp, #12]
 174:Core/Src/tim.c ****     GPIO_InitStruct.Pull = GPIO_PULLUP;
 225              		.loc 1 174 5 is_stmt 1 view .LVU57
 174:Core/Src/tim.c ****     GPIO_InitStruct.Pull = GPIO_PULLUP;
 226              		.loc 1 174 26 is_stmt 0 view .LVU58
 227 0076 0223     		movs	r3, #2
 228 0078 0493     		str	r3, [sp, #16]
 175:Core/Src/tim.c ****     GPIO_InitStruct.Speed = GPIO_SPEED_FREQ_HIGH;
 229              		.loc 1 175 5 is_stmt 1 view .LVU59
 175:Core/Src/tim.c ****     GPIO_InitStruct.Speed = GPIO_SPEED_FREQ_HIGH;
 230              		.loc 1 175 26 is_stmt 0 view .LVU60
 231 007a 0122     		movs	r2, #1
 232 007c 0592     		str	r2, [sp, #20]
 176:Core/Src/tim.c ****     GPIO_InitStruct.Alternate = GPIO_AF9_TIM14;
ARM GAS  C:\Users\blue\AppData\Local\Temp\ccWW8OE8.s 			page 9


 233              		.loc 1 176 5 is_stmt 1 view .LVU61
 176:Core/Src/tim.c ****     GPIO_InitStruct.Alternate = GPIO_AF9_TIM14;
 234              		.loc 1 176 27 is_stmt 0 view .LVU62
 235 007e 0693     		str	r3, [sp, #24]
 177:Core/Src/tim.c ****     HAL_GPIO_Init(YAW_TIM_GPIO_Port, &GPIO_InitStruct);
 236              		.loc 1 177 5 is_stmt 1 view .LVU63
 177:Core/Src/tim.c ****     HAL_GPIO_Init(YAW_TIM_GPIO_Port, &GPIO_InitStruct);
 237              		.loc 1 177 31 is_stmt 0 view .LVU64
 238 0080 0923     		movs	r3, #9
 239 0082 0793     		str	r3, [sp, #28]
 178:Core/Src/tim.c **** 
 240              		.loc 1 178 5 is_stmt 1 view .LVU65
 241 0084 03A9     		add	r1, sp, #12
 242 0086 0548     		ldr	r0, .L15+12
 243              	.LVL7:
 178:Core/Src/tim.c **** 
 244              		.loc 1 178 5 is_stmt 0 view .LVU66
 245 0088 FFF7FEFF 		bl	HAL_GPIO_Init
 246              	.LVL8:
 247              		.loc 1 184 1 view .LVU67
 248 008c C7E7     		b	.L9
 249              	.L16:
 250 008e 00BF     		.align	2
 251              	.L15:
 252 0090 001C0040 		.word	1073748992
 253 0094 00200040 		.word	1073750016
 254 0098 00440258 		.word	1476543488
 255 009c 00000258 		.word	1476526080
 256              		.cfi_endproc
 257              	.LFE147:
 259              		.section	.text.MX_TIM13_Init,"ax",%progbits
 260              		.align	1
 261              		.global	MX_TIM13_Init
 262              		.syntax unified
 263              		.thumb
 264              		.thumb_func
 266              	MX_TIM13_Init:
 267              	.LFB144:
  32:Core/Src/tim.c **** 
 268              		.loc 1 32 1 is_stmt 1 view -0
 269              		.cfi_startproc
 270              		@ args = 0, pretend = 0, frame = 32
 271              		@ frame_needed = 0, uses_anonymous_args = 0
 272 0000 00B5     		push	{lr}
 273              	.LCFI7:
 274              		.cfi_def_cfa_offset 4
 275              		.cfi_offset 14, -4
 276 0002 89B0     		sub	sp, sp, #36
 277              	.LCFI8:
 278              		.cfi_def_cfa_offset 40
  38:Core/Src/tim.c **** 
 279              		.loc 1 38 3 view .LVU69
  38:Core/Src/tim.c **** 
 280              		.loc 1 38 22 is_stmt 0 view .LVU70
 281 0004 0023     		movs	r3, #0
 282 0006 0193     		str	r3, [sp, #4]
 283 0008 0293     		str	r3, [sp, #8]
ARM GAS  C:\Users\blue\AppData\Local\Temp\ccWW8OE8.s 			page 10


 284 000a 0393     		str	r3, [sp, #12]
 285 000c 0493     		str	r3, [sp, #16]
 286 000e 0593     		str	r3, [sp, #20]
 287 0010 0693     		str	r3, [sp, #24]
 288 0012 0793     		str	r3, [sp, #28]
  43:Core/Src/tim.c ****   htim13.Init.Prescaler = 839;
 289              		.loc 1 43 3 is_stmt 1 view .LVU71
  43:Core/Src/tim.c ****   htim13.Init.Prescaler = 839;
 290              		.loc 1 43 19 is_stmt 0 view .LVU72
 291 0014 1848     		ldr	r0, .L25
 292 0016 194A     		ldr	r2, .L25+4
 293 0018 0260     		str	r2, [r0]
  44:Core/Src/tim.c ****   htim13.Init.CounterMode = TIM_COUNTERMODE_UP;
 294              		.loc 1 44 3 is_stmt 1 view .LVU73
  44:Core/Src/tim.c ****   htim13.Init.CounterMode = TIM_COUNTERMODE_UP;
 295              		.loc 1 44 25 is_stmt 0 view .LVU74
 296 001a 40F24732 		movw	r2, #839
 297 001e 4260     		str	r2, [r0, #4]
  45:Core/Src/tim.c ****   htim13.Init.Period = 1999;
 298              		.loc 1 45 3 is_stmt 1 view .LVU75
  45:Core/Src/tim.c ****   htim13.Init.Period = 1999;
 299              		.loc 1 45 27 is_stmt 0 view .LVU76
 300 0020 8360     		str	r3, [r0, #8]
  46:Core/Src/tim.c ****   htim13.Init.ClockDivision = TIM_CLOCKDIVISION_DIV1;
 301              		.loc 1 46 3 is_stmt 1 view .LVU77
  46:Core/Src/tim.c ****   htim13.Init.ClockDivision = TIM_CLOCKDIVISION_DIV1;
 302              		.loc 1 46 22 is_stmt 0 view .LVU78
 303 0022 40F2CF72 		movw	r2, #1999
 304 0026 C260     		str	r2, [r0, #12]
  47:Core/Src/tim.c ****   htim13.Init.AutoReloadPreload = TIM_AUTORELOAD_PRELOAD_ENABLE;
 305              		.loc 1 47 3 is_stmt 1 view .LVU79
  47:Core/Src/tim.c ****   htim13.Init.AutoReloadPreload = TIM_AUTORELOAD_PRELOAD_ENABLE;
 306              		.loc 1 47 29 is_stmt 0 view .LVU80
 307 0028 0361     		str	r3, [r0, #16]
  48:Core/Src/tim.c ****   if (HAL_TIM_Base_Init(&htim13) != HAL_OK)
 308              		.loc 1 48 3 is_stmt 1 view .LVU81
  48:Core/Src/tim.c ****   if (HAL_TIM_Base_Init(&htim13) != HAL_OK)
 309              		.loc 1 48 33 is_stmt 0 view .LVU82
 310 002a 8023     		movs	r3, #128
 311 002c 8361     		str	r3, [r0, #24]
  49:Core/Src/tim.c ****   {
 312              		.loc 1 49 3 is_stmt 1 view .LVU83
  49:Core/Src/tim.c ****   {
 313              		.loc 1 49 7 is_stmt 0 view .LVU84
 314 002e FFF7FEFF 		bl	HAL_TIM_Base_Init
 315              	.LVL9:
  49:Core/Src/tim.c ****   {
 316              		.loc 1 49 6 view .LVU85
 317 0032 C0B9     		cbnz	r0, .L22
 318              	.L18:
  53:Core/Src/tim.c ****   {
 319              		.loc 1 53 3 is_stmt 1 view .LVU86
  53:Core/Src/tim.c ****   {
 320              		.loc 1 53 7 is_stmt 0 view .LVU87
 321 0034 1048     		ldr	r0, .L25
 322 0036 FFF7FEFF 		bl	HAL_TIM_OC_Init
 323              	.LVL10:
ARM GAS  C:\Users\blue\AppData\Local\Temp\ccWW8OE8.s 			page 11


  53:Core/Src/tim.c ****   {
 324              		.loc 1 53 6 view .LVU88
 325 003a B8B9     		cbnz	r0, .L23
 326              	.L19:
  57:Core/Src/tim.c ****   sConfigOC.Pulse = 0;
 327              		.loc 1 57 3 is_stmt 1 view .LVU89
  57:Core/Src/tim.c ****   sConfigOC.Pulse = 0;
 328              		.loc 1 57 20 is_stmt 0 view .LVU90
 329 003c 0022     		movs	r2, #0
 330 003e 0192     		str	r2, [sp, #4]
  58:Core/Src/tim.c ****   sConfigOC.OCPolarity = TIM_OCPOLARITY_HIGH;
 331              		.loc 1 58 3 is_stmt 1 view .LVU91
  58:Core/Src/tim.c ****   sConfigOC.OCPolarity = TIM_OCPOLARITY_HIGH;
 332              		.loc 1 58 19 is_stmt 0 view .LVU92
 333 0040 0292     		str	r2, [sp, #8]
  59:Core/Src/tim.c ****   sConfigOC.OCFastMode = TIM_OCFAST_DISABLE;
 334              		.loc 1 59 3 is_stmt 1 view .LVU93
  59:Core/Src/tim.c ****   sConfigOC.OCFastMode = TIM_OCFAST_DISABLE;
 335              		.loc 1 59 24 is_stmt 0 view .LVU94
 336 0042 0392     		str	r2, [sp, #12]
  60:Core/Src/tim.c ****   if (HAL_TIM_OC_ConfigChannel(&htim13, &sConfigOC, TIM_CHANNEL_1) != HAL_OK)
 337              		.loc 1 60 3 is_stmt 1 view .LVU95
  60:Core/Src/tim.c ****   if (HAL_TIM_OC_ConfigChannel(&htim13, &sConfigOC, TIM_CHANNEL_1) != HAL_OK)
 338              		.loc 1 60 24 is_stmt 0 view .LVU96
 339 0044 0592     		str	r2, [sp, #20]
  61:Core/Src/tim.c ****   {
 340              		.loc 1 61 3 is_stmt 1 view .LVU97
  61:Core/Src/tim.c ****   {
 341              		.loc 1 61 7 is_stmt 0 view .LVU98
 342 0046 01A9     		add	r1, sp, #4
 343 0048 0B48     		ldr	r0, .L25
 344 004a FFF7FEFF 		bl	HAL_TIM_OC_ConfigChannel
 345              	.LVL11:
  61:Core/Src/tim.c ****   {
 346              		.loc 1 61 6 view .LVU99
 347 004e 80B9     		cbnz	r0, .L24
 348              	.L20:
  65:Core/Src/tim.c ****   /* USER CODE BEGIN TIM13_Init 2 */
 349              		.loc 1 65 3 is_stmt 1 view .LVU100
 350 0050 0948     		ldr	r0, .L25
 351 0052 0268     		ldr	r2, [r0]
 352 0054 9369     		ldr	r3, [r2, #24]
 353 0056 43F00803 		orr	r3, r3, #8
 354 005a 9361     		str	r3, [r2, #24]
  69:Core/Src/tim.c **** }
 355              		.loc 1 69 3 view .LVU101
 356 005c FFF7FEFF 		bl	HAL_TIM_MspPostInit
 357              	.LVL12:
  70:Core/Src/tim.c **** /* TIM14 init function */
 358              		.loc 1 70 1 is_stmt 0 view .LVU102
 359 0060 09B0     		add	sp, sp, #36
 360              	.LCFI9:
 361              		.cfi_remember_state
 362              		.cfi_def_cfa_offset 4
 363              		@ sp needed
 364 0062 5DF804FB 		ldr	pc, [sp], #4
 365              	.L22:
ARM GAS  C:\Users\blue\AppData\Local\Temp\ccWW8OE8.s 			page 12


 366              	.LCFI10:
 367              		.cfi_restore_state
  51:Core/Src/tim.c ****   }
 368              		.loc 1 51 5 is_stmt 1 view .LVU103
 369 0066 FFF7FEFF 		bl	Error_Handler
 370              	.LVL13:
 371 006a E3E7     		b	.L18
 372              	.L23:
  55:Core/Src/tim.c ****   }
 373              		.loc 1 55 5 view .LVU104
 374 006c FFF7FEFF 		bl	Error_Handler
 375              	.LVL14:
 376 0070 E4E7     		b	.L19
 377              	.L24:
  63:Core/Src/tim.c ****   }
 378              		.loc 1 63 5 view .LVU105
 379 0072 FFF7FEFF 		bl	Error_Handler
 380              	.LVL15:
 381 0076 EBE7     		b	.L20
 382              	.L26:
 383              		.align	2
 384              	.L25:
 385 0078 00000000 		.word	.LANCHOR0
 386 007c 001C0040 		.word	1073748992
 387              		.cfi_endproc
 388              	.LFE144:
 390              		.section	.text.MX_TIM14_Init,"ax",%progbits
 391              		.align	1
 392              		.global	MX_TIM14_Init
 393              		.syntax unified
 394              		.thumb
 395              		.thumb_func
 397              	MX_TIM14_Init:
 398              	.LFB145:
  73:Core/Src/tim.c **** 
 399              		.loc 1 73 1 view -0
 400              		.cfi_startproc
 401              		@ args = 0, pretend = 0, frame = 32
 402              		@ frame_needed = 0, uses_anonymous_args = 0
 403 0000 00B5     		push	{lr}
 404              	.LCFI11:
 405              		.cfi_def_cfa_offset 4
 406              		.cfi_offset 14, -4
 407 0002 89B0     		sub	sp, sp, #36
 408              	.LCFI12:
 409              		.cfi_def_cfa_offset 40
  79:Core/Src/tim.c **** 
 410              		.loc 1 79 3 view .LVU107
  79:Core/Src/tim.c **** 
 411              		.loc 1 79 22 is_stmt 0 view .LVU108
 412 0004 0023     		movs	r3, #0
 413 0006 0193     		str	r3, [sp, #4]
 414 0008 0293     		str	r3, [sp, #8]
 415 000a 0393     		str	r3, [sp, #12]
 416 000c 0493     		str	r3, [sp, #16]
 417 000e 0593     		str	r3, [sp, #20]
 418 0010 0693     		str	r3, [sp, #24]
ARM GAS  C:\Users\blue\AppData\Local\Temp\ccWW8OE8.s 			page 13


 419 0012 0793     		str	r3, [sp, #28]
  84:Core/Src/tim.c ****   htim14.Init.Prescaler = 839;
 420              		.loc 1 84 3 is_stmt 1 view .LVU109
  84:Core/Src/tim.c ****   htim14.Init.Prescaler = 839;
 421              		.loc 1 84 19 is_stmt 0 view .LVU110
 422 0014 1848     		ldr	r0, .L35
 423 0016 194A     		ldr	r2, .L35+4
 424 0018 0260     		str	r2, [r0]
  85:Core/Src/tim.c ****   htim14.Init.CounterMode = TIM_COUNTERMODE_UP;
 425              		.loc 1 85 3 is_stmt 1 view .LVU111
  85:Core/Src/tim.c ****   htim14.Init.CounterMode = TIM_COUNTERMODE_UP;
 426              		.loc 1 85 25 is_stmt 0 view .LVU112
 427 001a 40F24732 		movw	r2, #839
 428 001e 4260     		str	r2, [r0, #4]
  86:Core/Src/tim.c ****   htim14.Init.Period = 1999;
 429              		.loc 1 86 3 is_stmt 1 view .LVU113
  86:Core/Src/tim.c ****   htim14.Init.Period = 1999;
 430              		.loc 1 86 27 is_stmt 0 view .LVU114
 431 0020 8360     		str	r3, [r0, #8]
  87:Core/Src/tim.c ****   htim14.Init.ClockDivision = TIM_CLOCKDIVISION_DIV1;
 432              		.loc 1 87 3 is_stmt 1 view .LVU115
  87:Core/Src/tim.c ****   htim14.Init.ClockDivision = TIM_CLOCKDIVISION_DIV1;
 433              		.loc 1 87 22 is_stmt 0 view .LVU116
 434 0022 40F2CF72 		movw	r2, #1999
 435 0026 C260     		str	r2, [r0, #12]
  88:Core/Src/tim.c ****   htim14.Init.AutoReloadPreload = TIM_AUTORELOAD_PRELOAD_ENABLE;
 436              		.loc 1 88 3 is_stmt 1 view .LVU117
  88:Core/Src/tim.c ****   htim14.Init.AutoReloadPreload = TIM_AUTORELOAD_PRELOAD_ENABLE;
 437              		.loc 1 88 29 is_stmt 0 view .LVU118
 438 0028 0361     		str	r3, [r0, #16]
  89:Core/Src/tim.c ****   if (HAL_TIM_Base_Init(&htim14) != HAL_OK)
 439              		.loc 1 89 3 is_stmt 1 view .LVU119
  89:Core/Src/tim.c ****   if (HAL_TIM_Base_Init(&htim14) != HAL_OK)
 440              		.loc 1 89 33 is_stmt 0 view .LVU120
 441 002a 8023     		movs	r3, #128
 442 002c 8361     		str	r3, [r0, #24]
  90:Core/Src/tim.c ****   {
 443              		.loc 1 90 3 is_stmt 1 view .LVU121
  90:Core/Src/tim.c ****   {
 444              		.loc 1 90 7 is_stmt 0 view .LVU122
 445 002e FFF7FEFF 		bl	HAL_TIM_Base_Init
 446              	.LVL16:
  90:Core/Src/tim.c ****   {
 447              		.loc 1 90 6 view .LVU123
 448 0032 C0B9     		cbnz	r0, .L32
 449              	.L28:
  94:Core/Src/tim.c ****   {
 450              		.loc 1 94 3 is_stmt 1 view .LVU124
  94:Core/Src/tim.c ****   {
 451              		.loc 1 94 7 is_stmt 0 view .LVU125
 452 0034 1048     		ldr	r0, .L35
 453 0036 FFF7FEFF 		bl	HAL_TIM_OC_Init
 454              	.LVL17:
  94:Core/Src/tim.c ****   {
 455              		.loc 1 94 6 view .LVU126
 456 003a B8B9     		cbnz	r0, .L33
 457              	.L29:
ARM GAS  C:\Users\blue\AppData\Local\Temp\ccWW8OE8.s 			page 14


  98:Core/Src/tim.c ****   sConfigOC.Pulse = 0;
 458              		.loc 1 98 3 is_stmt 1 view .LVU127
  98:Core/Src/tim.c ****   sConfigOC.Pulse = 0;
 459              		.loc 1 98 20 is_stmt 0 view .LVU128
 460 003c 0022     		movs	r2, #0
 461 003e 0192     		str	r2, [sp, #4]
  99:Core/Src/tim.c ****   sConfigOC.OCPolarity = TIM_OCPOLARITY_HIGH;
 462              		.loc 1 99 3 is_stmt 1 view .LVU129
  99:Core/Src/tim.c ****   sConfigOC.OCPolarity = TIM_OCPOLARITY_HIGH;
 463              		.loc 1 99 19 is_stmt 0 view .LVU130
 464 0040 0292     		str	r2, [sp, #8]
 100:Core/Src/tim.c ****   sConfigOC.OCFastMode = TIM_OCFAST_DISABLE;
 465              		.loc 1 100 3 is_stmt 1 view .LVU131
 100:Core/Src/tim.c ****   sConfigOC.OCFastMode = TIM_OCFAST_DISABLE;
 466              		.loc 1 100 24 is_stmt 0 view .LVU132
 467 0042 0392     		str	r2, [sp, #12]
 101:Core/Src/tim.c ****   if (HAL_TIM_OC_ConfigChannel(&htim14, &sConfigOC, TIM_CHANNEL_1) != HAL_OK)
 468              		.loc 1 101 3 is_stmt 1 view .LVU133
 101:Core/Src/tim.c ****   if (HAL_TIM_OC_ConfigChannel(&htim14, &sConfigOC, TIM_CHANNEL_1) != HAL_OK)
 469              		.loc 1 101 24 is_stmt 0 view .LVU134
 470 0044 0592     		str	r2, [sp, #20]
 102:Core/Src/tim.c ****   {
 471              		.loc 1 102 3 is_stmt 1 view .LVU135
 102:Core/Src/tim.c ****   {
 472              		.loc 1 102 7 is_stmt 0 view .LVU136
 473 0046 01A9     		add	r1, sp, #4
 474 0048 0B48     		ldr	r0, .L35
 475 004a FFF7FEFF 		bl	HAL_TIM_OC_ConfigChannel
 476              	.LVL18:
 102:Core/Src/tim.c ****   {
 477              		.loc 1 102 6 view .LVU137
 478 004e 80B9     		cbnz	r0, .L34
 479              	.L30:
 106:Core/Src/tim.c ****   /* USER CODE BEGIN TIM14_Init 2 */
 480              		.loc 1 106 3 is_stmt 1 view .LVU138
 481 0050 0948     		ldr	r0, .L35
 482 0052 0268     		ldr	r2, [r0]
 483 0054 9369     		ldr	r3, [r2, #24]
 484 0056 43F00803 		orr	r3, r3, #8
 485 005a 9361     		str	r3, [r2, #24]
 110:Core/Src/tim.c **** }
 486              		.loc 1 110 3 view .LVU139
 487 005c FFF7FEFF 		bl	HAL_TIM_MspPostInit
 488              	.LVL19:
 111:Core/Src/tim.c **** 
 489              		.loc 1 111 1 is_stmt 0 view .LVU140
 490 0060 09B0     		add	sp, sp, #36
 491              	.LCFI13:
 492              		.cfi_remember_state
 493              		.cfi_def_cfa_offset 4
 494              		@ sp needed
 495 0062 5DF804FB 		ldr	pc, [sp], #4
 496              	.L32:
 497              	.LCFI14:
 498              		.cfi_restore_state
  92:Core/Src/tim.c ****   }
 499              		.loc 1 92 5 is_stmt 1 view .LVU141
ARM GAS  C:\Users\blue\AppData\Local\Temp\ccWW8OE8.s 			page 15


 500 0066 FFF7FEFF 		bl	Error_Handler
 501              	.LVL20:
 502 006a E3E7     		b	.L28
 503              	.L33:
  96:Core/Src/tim.c ****   }
 504              		.loc 1 96 5 view .LVU142
 505 006c FFF7FEFF 		bl	Error_Handler
 506              	.LVL21:
 507 0070 E4E7     		b	.L29
 508              	.L34:
 104:Core/Src/tim.c ****   }
 509              		.loc 1 104 5 view .LVU143
 510 0072 FFF7FEFF 		bl	Error_Handler
 511              	.LVL22:
 512 0076 EBE7     		b	.L30
 513              	.L36:
 514              		.align	2
 515              	.L35:
 516 0078 00000000 		.word	.LANCHOR1
 517 007c 00200040 		.word	1073750016
 518              		.cfi_endproc
 519              	.LFE145:
 521              		.section	.text.HAL_TIM_Base_MspDeInit,"ax",%progbits
 522              		.align	1
 523              		.global	HAL_TIM_Base_MspDeInit
 524              		.syntax unified
 525              		.thumb
 526              		.thumb_func
 528              	HAL_TIM_Base_MspDeInit:
 529              	.LVL23:
 530              	.LFB148:
 185:Core/Src/tim.c **** 
 186:Core/Src/tim.c **** void HAL_TIM_Base_MspDeInit(TIM_HandleTypeDef *tim_baseHandle)
 187:Core/Src/tim.c **** {
 531              		.loc 1 187 1 view -0
 532              		.cfi_startproc
 533              		@ args = 0, pretend = 0, frame = 0
 534              		@ frame_needed = 0, uses_anonymous_args = 0
 535              		@ link register save eliminated.
 188:Core/Src/tim.c **** 
 189:Core/Src/tim.c ****   if (tim_baseHandle->Instance == TIM13)
 536              		.loc 1 189 3 view .LVU145
 537              		.loc 1 189 21 is_stmt 0 view .LVU146
 538 0000 0368     		ldr	r3, [r0]
 539              		.loc 1 189 6 view .LVU147
 540 0002 0B4A     		ldr	r2, .L42
 541 0004 9342     		cmp	r3, r2
 542 0006 03D0     		beq	.L40
 190:Core/Src/tim.c ****   {
 191:Core/Src/tim.c ****     /* USER CODE BEGIN TIM13_MspDeInit 0 */
 192:Core/Src/tim.c **** 
 193:Core/Src/tim.c ****     /* USER CODE END TIM13_MspDeInit 0 */
 194:Core/Src/tim.c ****     /* Peripheral clock disable */
 195:Core/Src/tim.c ****     __HAL_RCC_TIM13_CLK_DISABLE();
 196:Core/Src/tim.c ****     /* USER CODE BEGIN TIM13_MspDeInit 1 */
 197:Core/Src/tim.c **** 
 198:Core/Src/tim.c ****     /* USER CODE END TIM13_MspDeInit 1 */
ARM GAS  C:\Users\blue\AppData\Local\Temp\ccWW8OE8.s 			page 16


 199:Core/Src/tim.c ****   }
 200:Core/Src/tim.c ****   else if (tim_baseHandle->Instance == TIM14)
 543              		.loc 1 200 8 is_stmt 1 view .LVU148
 544              		.loc 1 200 11 is_stmt 0 view .LVU149
 545 0008 0A4A     		ldr	r2, .L42+4
 546 000a 9342     		cmp	r3, r2
 547 000c 08D0     		beq	.L41
 548              	.L37:
 201:Core/Src/tim.c ****   {
 202:Core/Src/tim.c ****     /* USER CODE BEGIN TIM14_MspDeInit 0 */
 203:Core/Src/tim.c **** 
 204:Core/Src/tim.c ****     /* USER CODE END TIM14_MspDeInit 0 */
 205:Core/Src/tim.c ****     /* Peripheral clock disable */
 206:Core/Src/tim.c ****     __HAL_RCC_TIM14_CLK_DISABLE();
 207:Core/Src/tim.c ****     /* USER CODE BEGIN TIM14_MspDeInit 1 */
 208:Core/Src/tim.c **** 
 209:Core/Src/tim.c ****     /* USER CODE END TIM14_MspDeInit 1 */
 210:Core/Src/tim.c ****   }
 211:Core/Src/tim.c **** }
 549              		.loc 1 211 1 view .LVU150
 550 000e 7047     		bx	lr
 551              	.L40:
 195:Core/Src/tim.c ****     /* USER CODE BEGIN TIM13_MspDeInit 1 */
 552              		.loc 1 195 5 is_stmt 1 view .LVU151
 553 0010 094A     		ldr	r2, .L42+8
 554 0012 D2F8E830 		ldr	r3, [r2, #232]
 555 0016 23F08003 		bic	r3, r3, #128
 556 001a C2F8E830 		str	r3, [r2, #232]
 557 001e 7047     		bx	lr
 558              	.L41:
 206:Core/Src/tim.c ****     /* USER CODE BEGIN TIM14_MspDeInit 1 */
 559              		.loc 1 206 5 view .LVU152
 560 0020 054A     		ldr	r2, .L42+8
 561 0022 D2F8E830 		ldr	r3, [r2, #232]
 562 0026 23F48073 		bic	r3, r3, #256
 563 002a C2F8E830 		str	r3, [r2, #232]
 564              		.loc 1 211 1 is_stmt 0 view .LVU153
 565 002e EEE7     		b	.L37
 566              	.L43:
 567              		.align	2
 568              	.L42:
 569 0030 001C0040 		.word	1073748992
 570 0034 00200040 		.word	1073750016
 571 0038 00440258 		.word	1476543488
 572              		.cfi_endproc
 573              	.LFE148:
 575              		.global	htim14
 576              		.global	htim13
 577              		.section	.bss.htim13,"aw",%nobits
 578              		.align	2
 579              		.set	.LANCHOR0,. + 0
 582              	htim13:
 583 0000 00000000 		.space	76
 583      00000000 
 583      00000000 
 583      00000000 
 583      00000000 
ARM GAS  C:\Users\blue\AppData\Local\Temp\ccWW8OE8.s 			page 17


 584              		.section	.bss.htim14,"aw",%nobits
 585              		.align	2
 586              		.set	.LANCHOR1,. + 0
 589              	htim14:
 590 0000 00000000 		.space	76
 590      00000000 
 590      00000000 
 590      00000000 
 590      00000000 
 591              		.text
 592              	.Letext0:
 593              		.file 2 "d:\\rm\\arm-gnu-toolchian\\arm-none-eabi\\include\\machine\\_default_types.h"
 594              		.file 3 "d:\\rm\\arm-gnu-toolchian\\arm-none-eabi\\include\\sys\\_stdint.h"
 595              		.file 4 "Drivers/CMSIS/Device/ST/STM32H7xx/Include/stm32h743xx.h"
 596              		.file 5 "Drivers/STM32H7xx_HAL_Driver/Inc/stm32h7xx_hal_def.h"
 597              		.file 6 "Drivers/STM32H7xx_HAL_Driver/Inc/stm32h7xx_hal_gpio.h"
 598              		.file 7 "Drivers/STM32H7xx_HAL_Driver/Inc/stm32h7xx_hal_dma.h"
 599              		.file 8 "Drivers/STM32H7xx_HAL_Driver/Inc/stm32h7xx_hal_tim.h"
 600              		.file 9 "Core/Inc/tim.h"
 601              		.file 10 "Core/Inc/main.h"
ARM GAS  C:\Users\blue\AppData\Local\Temp\ccWW8OE8.s 			page 18


DEFINED SYMBOLS
                            *ABS*:00000000 tim.c
C:\Users\blue\AppData\Local\Temp\ccWW8OE8.s:19     .text.HAL_TIM_Base_MspInit:00000000 $t
C:\Users\blue\AppData\Local\Temp\ccWW8OE8.s:25     .text.HAL_TIM_Base_MspInit:00000000 HAL_TIM_Base_MspInit
C:\Users\blue\AppData\Local\Temp\ccWW8OE8.s:100    .text.HAL_TIM_Base_MspInit:0000004c $d
C:\Users\blue\AppData\Local\Temp\ccWW8OE8.s:107    .text.HAL_TIM_MspPostInit:00000000 $t
C:\Users\blue\AppData\Local\Temp\ccWW8OE8.s:113    .text.HAL_TIM_MspPostInit:00000000 HAL_TIM_MspPostInit
C:\Users\blue\AppData\Local\Temp\ccWW8OE8.s:252    .text.HAL_TIM_MspPostInit:00000090 $d
C:\Users\blue\AppData\Local\Temp\ccWW8OE8.s:260    .text.MX_TIM13_Init:00000000 $t
C:\Users\blue\AppData\Local\Temp\ccWW8OE8.s:266    .text.MX_TIM13_Init:00000000 MX_TIM13_Init
C:\Users\blue\AppData\Local\Temp\ccWW8OE8.s:385    .text.MX_TIM13_Init:00000078 $d
C:\Users\blue\AppData\Local\Temp\ccWW8OE8.s:391    .text.MX_TIM14_Init:00000000 $t
C:\Users\blue\AppData\Local\Temp\ccWW8OE8.s:397    .text.MX_TIM14_Init:00000000 MX_TIM14_Init
C:\Users\blue\AppData\Local\Temp\ccWW8OE8.s:516    .text.MX_TIM14_Init:00000078 $d
C:\Users\blue\AppData\Local\Temp\ccWW8OE8.s:522    .text.HAL_TIM_Base_MspDeInit:00000000 $t
C:\Users\blue\AppData\Local\Temp\ccWW8OE8.s:528    .text.HAL_TIM_Base_MspDeInit:00000000 HAL_TIM_Base_MspDeInit
C:\Users\blue\AppData\Local\Temp\ccWW8OE8.s:569    .text.HAL_TIM_Base_MspDeInit:00000030 $d
C:\Users\blue\AppData\Local\Temp\ccWW8OE8.s:589    .bss.htim14:00000000 htim14
C:\Users\blue\AppData\Local\Temp\ccWW8OE8.s:582    .bss.htim13:00000000 htim13
C:\Users\blue\AppData\Local\Temp\ccWW8OE8.s:578    .bss.htim13:00000000 $d
C:\Users\blue\AppData\Local\Temp\ccWW8OE8.s:585    .bss.htim14:00000000 $d

UNDEFINED SYMBOLS
HAL_GPIO_Init
HAL_TIM_Base_Init
HAL_TIM_OC_Init
HAL_TIM_OC_ConfigChannel
Error_Handler
